ERROR - 2022-09-06 08:54:06 --> Error connecting to the database: mysqli_sql_exception: Unknown database 'mediaconnect_db' in C:\Users\Aluno\Desktop\MediaConnect\system\Database\MySQLi\Connection.php:171
Stack trace:
#0 C:\Users\Aluno\Desktop\MediaConnect\system\Database\MySQLi\Connection.php(171): mysqli->real_connect('localhost', 'root', '', 'mediaconnect_db', 3306, '', 0)
#1 C:\Users\Aluno\Desktop\MediaConnect\system\Database\BaseConnection.php(382): CodeIgniter\Database\MySQLi\Connection->connect(false)
#2 C:\Users\Aluno\Desktop\MediaConnect\system\Database\BaseConnection.php(588): CodeIgniter\Database\BaseConnection->initialize()
#3 C:\Users\Aluno\Desktop\MediaConnect\system\Database\BaseConnection.php(1380): CodeIgniter\Database\BaseConnection->query('SHOW TABLES FRO...')
#4 C:\Users\Aluno\Desktop\MediaConnect\system\Database\BaseConnection.php(1411): CodeIgniter\Database\BaseConnection->listTables()
#5 C:\Users\Aluno\Desktop\MediaConnect\system\Database\MigrationRunner.php(759): CodeIgniter\Database\BaseConnection->tableExists('migrations')
#6 C:\Users\Aluno\Desktop\MediaConnect\system\Database\MigrationRunner.php(167): CodeIgniter\Database\MigrationRunner->ensureTable()
#7 C:\Users\Aluno\Desktop\MediaConnect\system\Commands\Database\Migrate.php(84): CodeIgniter\Database\MigrationRunner->latest(NULL)
#8 C:\Users\Aluno\Desktop\MediaConnect\system\CLI\Commands.php(63): CodeIgniter\Commands\Database\Migrate->run(Array)
#9 C:\Users\Aluno\Desktop\MediaConnect\system\CLI\CommandRunner.php(65): CodeIgniter\CLI\Commands->run('migrate', Array)
#10 C:\Users\Aluno\Desktop\MediaConnect\system\CLI\CommandRunner.php(51): CodeIgniter\CLI\CommandRunner->index(Array)
#11 C:\Users\Aluno\Desktop\MediaConnect\system\CodeIgniter.php(891): CodeIgniter\CLI\CommandRunner->_remap('index', Array)
#12 C:\Users\Aluno\Desktop\MediaConnect\system\CodeIgniter.php(457): CodeIgniter\CodeIgniter->runController(Object(CodeIgniter\CLI\CommandRunner))
#13 C:\Users\Aluno\Desktop\MediaConnect\system\CodeIgniter.php(336): CodeIgniter\CodeIgniter->handleRequest(NULL, Object(Config\Cache), false)
#14 C:\Users\Aluno\Desktop\MediaConnect\system\CLI\Console.php(48): CodeIgniter\CodeIgniter->run()
#15 C:\Users\Aluno\Desktop\MediaConnect\spark(98): CodeIgniter\CLI\Console->run()
#16 {main}

Next CodeIgniter\Database\Exceptions\DatabaseException: Unknown database 'mediaconnect_db' in C:\Users\Aluno\Desktop\MediaConnect\system\Database\MySQLi\Connection.php:215
Stack trace:
#0 C:\Users\Aluno\Desktop\MediaConnect\system\Database\BaseConnection.php(382): CodeIgniter\Database\MySQLi\Connection->connect(false)
#1 C:\Users\Aluno\Desktop\MediaConnect\system\Database\BaseConnection.php(588): CodeIgniter\Database\BaseConnection->initialize()
#2 C:\Users\Aluno\Desktop\MediaConnect\system\Database\BaseConnection.php(1380): CodeIgniter\Database\BaseConnection->query('SHOW TABLES FRO...')
#3 C:\Users\Aluno\Desktop\MediaConnect\system\Database\BaseConnection.php(1411): CodeIgniter\Database\BaseConnection->listTables()
#4 C:\Users\Aluno\Desktop\MediaConnect\system\Database\MigrationRunner.php(759): CodeIgniter\Database\BaseConnection->tableExists('migrations')
#5 C:\Users\Aluno\Desktop\MediaConnect\system\Database\MigrationRunner.php(167): CodeIgniter\Database\MigrationRunner->ensureTable()
#6 C:\Users\Aluno\Desktop\MediaConnect\system\Commands\Database\Migrate.php(84): CodeIgniter\Database\MigrationRunner->latest(NULL)
#7 C:\Users\Aluno\Desktop\MediaConnect\system\CLI\Commands.php(63): CodeIgniter\Commands\Database\Migrate->run(Array)
#8 C:\Users\Aluno\Desktop\MediaConnect\system\CLI\CommandRunner.php(65): CodeIgniter\CLI\Commands->run('migrate', Array)
#9 C:\Users\Aluno\Desktop\MediaConnect\system\CLI\CommandRunner.php(51): CodeIgniter\CLI\CommandRunner->index(Array)
#10 C:\Users\Aluno\Desktop\MediaConnect\system\CodeIgniter.php(891): CodeIgniter\CLI\CommandRunner->_remap('index', Array)
#11 C:\Users\Aluno\Desktop\MediaConnect\system\CodeIgniter.php(457): CodeIgniter\CodeIgniter->runController(Object(CodeIgniter\CLI\CommandRunner))
#12 C:\Users\Aluno\Desktop\MediaConnect\system\CodeIgniter.php(336): CodeIgniter\CodeIgniter->handleRequest(NULL, Object(Config\Cache), false)
#13 C:\Users\Aluno\Desktop\MediaConnect\system\CLI\Console.php(48): CodeIgniter\CodeIgniter->run()
#14 C:\Users\Aluno\Desktop\MediaConnect\spark(98): CodeIgniter\CLI\Console->run()
#15 {main}
ERROR - 2022-09-06 08:54:22 --> mysqli_sql_exception: BLOB/TEXT column 'email' used in key specification without a key length in C:\Users\Aluno\Desktop\MediaConnect\system\Database\MySQLi\Connection.php:292
Stack trace:
#0 C:\Users\Aluno\Desktop\MediaConnect\system\Database\MySQLi\Connection.php(292): mysqli->query('CREATE TABLE `t...', 0)
#1 C:\Users\Aluno\Desktop\MediaConnect\system\Database\BaseConnection.php(693): CodeIgniter\Database\MySQLi\Connection->execute('CREATE TABLE `t...')
#2 C:\Users\Aluno\Desktop\MediaConnect\system\Database\BaseConnection.php(620): CodeIgniter\Database\BaseConnection->simpleQuery('CREATE TABLE `t...')
#3 C:\Users\Aluno\Desktop\MediaConnect\system\Database\Forge.php(509): CodeIgniter\Database\BaseConnection->query('CREATE TABLE `t...')
#4 C:\Users\Aluno\Desktop\MediaConnect\app\Database\Migrations\2022-08-13-181541_TbUsuario.php(47): CodeIgniter\Database\Forge->createTable('tb_usuario', true)
#5 C:\Users\Aluno\Desktop\MediaConnect\system\Database\MigrationRunner.php(868): App\Database\Migrations\TbUsuario->up()
#6 C:\Users\Aluno\Desktop\MediaConnect\system\Database\MigrationRunner.php(187): CodeIgniter\Database\MigrationRunner->migrate('up', Object(stdClass))
#7 C:\Users\Aluno\Desktop\MediaConnect\system\Commands\Database\Migrate.php(84): CodeIgniter\Database\MigrationRunner->latest(NULL)
#8 C:\Users\Aluno\Desktop\MediaConnect\system\CLI\Commands.php(63): CodeIgniter\Commands\Database\Migrate->run(Array)
#9 C:\Users\Aluno\Desktop\MediaConnect\system\CLI\CommandRunner.php(65): CodeIgniter\CLI\Commands->run('migrate', Array)
#10 C:\Users\Aluno\Desktop\MediaConnect\system\CLI\CommandRunner.php(51): CodeIgniter\CLI\CommandRunner->index(Array)
#11 C:\Users\Aluno\Desktop\MediaConnect\system\CodeIgniter.php(891): CodeIgniter\CLI\CommandRunner->_remap('index', Array)
#12 C:\Users\Aluno\Desktop\MediaConnect\system\CodeIgniter.php(457): CodeIgniter\CodeIgniter->runController(Object(CodeIgniter\CLI\CommandRunner))
#13 C:\Users\Aluno\Desktop\MediaConnect\system\CodeIgniter.php(336): CodeIgniter\CodeIgniter->handleRequest(NULL, Object(Config\Cache), false)
#14 C:\Users\Aluno\Desktop\MediaConnect\system\CLI\Console.php(48): CodeIgniter\CodeIgniter->run()
#15 C:\Users\Aluno\Desktop\MediaConnect\spark(98): CodeIgniter\CLI\Console->run()
#16 {main}
ERROR - 2022-09-06 08:56:14 --> mysqli_sql_exception: BLOB/TEXT column 'email' used in key specification without a key length in C:\Users\Aluno\Desktop\MediaConnect\system\Database\MySQLi\Connection.php:292
Stack trace:
#0 C:\Users\Aluno\Desktop\MediaConnect\system\Database\MySQLi\Connection.php(292): mysqli->query('CREATE TABLE `t...', 0)
#1 C:\Users\Aluno\Desktop\MediaConnect\system\Database\BaseConnection.php(693): CodeIgniter\Database\MySQLi\Connection->execute('CREATE TABLE `t...')
#2 C:\Users\Aluno\Desktop\MediaConnect\system\Database\BaseConnection.php(620): CodeIgniter\Database\BaseConnection->simpleQuery('CREATE TABLE `t...')
#3 C:\Users\Aluno\Desktop\MediaConnect\system\Database\Forge.php(509): CodeIgniter\Database\BaseConnection->query('CREATE TABLE `t...')
#4 C:\Users\Aluno\Desktop\MediaConnect\app\Database\Migrations\2022-08-13-181541_TbUsuario.php(47): CodeIgniter\Database\Forge->createTable('tb_usuario', true)
#5 C:\Users\Aluno\Desktop\MediaConnect\system\Database\MigrationRunner.php(868): App\Database\Migrations\TbUsuario->up()
#6 C:\Users\Aluno\Desktop\MediaConnect\system\Database\MigrationRunner.php(187): CodeIgniter\Database\MigrationRunner->migrate('up', Object(stdClass))
#7 C:\Users\Aluno\Desktop\MediaConnect\system\Commands\Database\Migrate.php(84): CodeIgniter\Database\MigrationRunner->latest(NULL)
#8 C:\Users\Aluno\Desktop\MediaConnect\system\CLI\Commands.php(63): CodeIgniter\Commands\Database\Migrate->run(Array)
#9 C:\Users\Aluno\Desktop\MediaConnect\system\CLI\CommandRunner.php(65): CodeIgniter\CLI\Commands->run('migrate', Array)
#10 C:\Users\Aluno\Desktop\MediaConnect\system\CLI\CommandRunner.php(51): CodeIgniter\CLI\CommandRunner->index(Array)
#11 C:\Users\Aluno\Desktop\MediaConnect\system\CodeIgniter.php(891): CodeIgniter\CLI\CommandRunner->_remap('index', Array)
#12 C:\Users\Aluno\Desktop\MediaConnect\system\CodeIgniter.php(457): CodeIgniter\CodeIgniter->runController(Object(CodeIgniter\CLI\CommandRunner))
#13 C:\Users\Aluno\Desktop\MediaConnect\system\CodeIgniter.php(336): CodeIgniter\CodeIgniter->handleRequest(NULL, Object(Config\Cache), false)
#14 C:\Users\Aluno\Desktop\MediaConnect\system\CLI\Console.php(48): CodeIgniter\CodeIgniter->run()
#15 C:\Users\Aluno\Desktop\MediaConnect\spark(98): CodeIgniter\CLI\Console->run()
#16 {main}
