CRITICAL - 2022-08-13 13:33:49 --> Undefined constant "CodeIgniter\Database\MySQLi\MYSQLI_STORE_RESULT"
in SYSTEMPATH\Database\Database.php on line 136.
 1 SYSTEMPATH\Database\Database.php(56): CodeIgniter\Database\Database->initDriver()
 2 SYSTEMPATH\Database\Config.php(78): CodeIgniter\Database\Database->load()
 3 SYSTEMPATH\Common.php(345): CodeIgniter\Database\Config::connect()
 4 SYSTEMPATH\Database\MigrationRunner.php(150): db_connect()
 5 SYSTEMPATH\Config\Services.php(407): CodeIgniter\Database\MigrationRunner->__construct()
 6 SYSTEMPATH\Config\BaseService.php(253): CodeIgniter\Config\Services::migrations()
 7 SYSTEMPATH\Config\BaseService.php(194): CodeIgniter\Config\BaseService::__callStatic()
 8 SYSTEMPATH\Config\Services.php(402): CodeIgniter\Config\BaseService::getSharedInstance()
 9 SYSTEMPATH\Config\BaseService.php(253): CodeIgniter\Config\Services::migrations()
10 SYSTEMPATH\Commands\Database\Migrate.php(69): CodeIgniter\Config\BaseService::__callStatic()
11 SYSTEMPATH\CLI\Commands.php(63): CodeIgniter\Commands\Database\Migrate->run()
12 SYSTEMPATH\CLI\CommandRunner.php(65): CodeIgniter\CLI\Commands->run()
13 SYSTEMPATH\CLI\CommandRunner.php(51): CodeIgniter\CLI\CommandRunner->index()
14 SYSTEMPATH\CodeIgniter.php(891): CodeIgniter\CLI\CommandRunner->_remap()
15 SYSTEMPATH\CodeIgniter.php(457): CodeIgniter\CodeIgniter->runController()
16 SYSTEMPATH\CodeIgniter.php(336): CodeIgniter\CodeIgniter->handleRequest()
17 SYSTEMPATH\CLI\Console.php(48): CodeIgniter\CodeIgniter->run()
18 ROOTPATH\spark(98): CodeIgniter\CLI\Console->run()
CRITICAL - 2022-08-13 13:34:31 --> Undefined constant "CodeIgniter\Database\MySQLi\MYSQLI_STORE_RESULT"
in SYSTEMPATH\Database\Database.php on line 136.
 1 SYSTEMPATH\Database\Database.php(56): CodeIgniter\Database\Database->initDriver()
 2 SYSTEMPATH\Database\Config.php(78): CodeIgniter\Database\Database->load()
 3 SYSTEMPATH\Common.php(345): CodeIgniter\Database\Config::connect()
 4 SYSTEMPATH\Database\MigrationRunner.php(150): db_connect()
 5 SYSTEMPATH\Config\Services.php(407): CodeIgniter\Database\MigrationRunner->__construct()
 6 SYSTEMPATH\Config\BaseService.php(253): CodeIgniter\Config\Services::migrations()
 7 SYSTEMPATH\Config\BaseService.php(194): CodeIgniter\Config\BaseService::__callStatic()
 8 SYSTEMPATH\Config\Services.php(402): CodeIgniter\Config\BaseService::getSharedInstance()
 9 SYSTEMPATH\Config\BaseService.php(253): CodeIgniter\Config\Services::migrations()
10 SYSTEMPATH\Commands\Database\Migrate.php(69): CodeIgniter\Config\BaseService::__callStatic()
11 SYSTEMPATH\CLI\Commands.php(63): CodeIgniter\Commands\Database\Migrate->run()
12 SYSTEMPATH\CLI\CommandRunner.php(65): CodeIgniter\CLI\Commands->run()
13 SYSTEMPATH\CLI\CommandRunner.php(51): CodeIgniter\CLI\CommandRunner->index()
14 SYSTEMPATH\CodeIgniter.php(891): CodeIgniter\CLI\CommandRunner->_remap()
15 SYSTEMPATH\CodeIgniter.php(457): CodeIgniter\CodeIgniter->runController()
16 SYSTEMPATH\CodeIgniter.php(336): CodeIgniter\CodeIgniter->handleRequest()
17 SYSTEMPATH\CLI\Console.php(48): CodeIgniter\CodeIgniter->run()
18 ROOTPATH\spark(98): CodeIgniter\CLI\Console->run()
CRITICAL - 2022-08-13 13:35:26 --> Undefined constant "CodeIgniter\Database\MySQLi\MYSQLI_STORE_RESULT"
in SYSTEMPATH\Database\Database.php on line 136.
 1 SYSTEMPATH\Database\Database.php(56): CodeIgniter\Database\Database->initDriver()
 2 SYSTEMPATH\Database\Config.php(78): CodeIgniter\Database\Database->load()
 3 SYSTEMPATH\Common.php(345): CodeIgniter\Database\Config::connect()
 4 SYSTEMPATH\Database\MigrationRunner.php(150): db_connect()
 5 SYSTEMPATH\Config\Services.php(407): CodeIgniter\Database\MigrationRunner->__construct()
 6 SYSTEMPATH\Config\BaseService.php(253): CodeIgniter\Config\Services::migrations()
 7 SYSTEMPATH\Config\BaseService.php(194): CodeIgniter\Config\BaseService::__callStatic()
 8 SYSTEMPATH\Config\Services.php(402): CodeIgniter\Config\BaseService::getSharedInstance()
 9 SYSTEMPATH\Config\BaseService.php(253): CodeIgniter\Config\Services::migrations()
10 SYSTEMPATH\Commands\Database\Migrate.php(69): CodeIgniter\Config\BaseService::__callStatic()
11 SYSTEMPATH\CLI\Commands.php(63): CodeIgniter\Commands\Database\Migrate->run()
12 SYSTEMPATH\CLI\CommandRunner.php(65): CodeIgniter\CLI\Commands->run()
13 SYSTEMPATH\CLI\CommandRunner.php(51): CodeIgniter\CLI\CommandRunner->index()
14 SYSTEMPATH\CodeIgniter.php(891): CodeIgniter\CLI\CommandRunner->_remap()
15 SYSTEMPATH\CodeIgniter.php(457): CodeIgniter\CodeIgniter->runController()
16 SYSTEMPATH\CodeIgniter.php(336): CodeIgniter\CodeIgniter->handleRequest()
17 SYSTEMPATH\CLI\Console.php(48): CodeIgniter\CodeIgniter->run()
18 ROOTPATH\spark(98): CodeIgniter\CLI\Console->run()
CRITICAL - 2022-08-13 13:36:19 --> Undefined constant "CodeIgniter\Database\MySQLi\MYSQLI_STORE_RESULT"
in SYSTEMPATH\Database\Database.php on line 136.
 1 SYSTEMPATH\Database\Database.php(56): CodeIgniter\Database\Database->initDriver()
 2 SYSTEMPATH\Database\Config.php(78): CodeIgniter\Database\Database->load()
 3 SYSTEMPATH\Common.php(345): CodeIgniter\Database\Config::connect()
 4 SYSTEMPATH\Database\MigrationRunner.php(150): db_connect()
 5 SYSTEMPATH\Config\Services.php(407): CodeIgniter\Database\MigrationRunner->__construct()
 6 SYSTEMPATH\Config\BaseService.php(253): CodeIgniter\Config\Services::migrations()
 7 SYSTEMPATH\Config\BaseService.php(194): CodeIgniter\Config\BaseService::__callStatic()
 8 SYSTEMPATH\Config\Services.php(402): CodeIgniter\Config\BaseService::getSharedInstance()
 9 SYSTEMPATH\Config\BaseService.php(253): CodeIgniter\Config\Services::migrations()
10 SYSTEMPATH\Commands\Database\Migrate.php(69): CodeIgniter\Config\BaseService::__callStatic()
11 SYSTEMPATH\CLI\Commands.php(63): CodeIgniter\Commands\Database\Migrate->run()
12 SYSTEMPATH\CLI\CommandRunner.php(65): CodeIgniter\CLI\Commands->run()
13 SYSTEMPATH\CLI\CommandRunner.php(51): CodeIgniter\CLI\CommandRunner->index()
14 SYSTEMPATH\CodeIgniter.php(891): CodeIgniter\CLI\CommandRunner->_remap()
15 SYSTEMPATH\CodeIgniter.php(457): CodeIgniter\CodeIgniter->runController()
16 SYSTEMPATH\CodeIgniter.php(336): CodeIgniter\CodeIgniter->handleRequest()
17 SYSTEMPATH\CLI\Console.php(48): CodeIgniter\CodeIgniter->run()
18 ROOTPATH\spark(98): CodeIgniter\CLI\Console->run()
CRITICAL - 2022-08-13 13:36:29 --> Undefined constant "CodeIgniter\Database\MySQLi\MYSQLI_STORE_RESULT"
in SYSTEMPATH\Database\Database.php on line 136.
 1 SYSTEMPATH\Database\Database.php(56): CodeIgniter\Database\Database->initDriver()
 2 SYSTEMPATH\Database\Config.php(78): CodeIgniter\Database\Database->load()
 3 SYSTEMPATH\Common.php(345): CodeIgniter\Database\Config::connect()
 4 SYSTEMPATH\Database\MigrationRunner.php(150): db_connect()
 5 SYSTEMPATH\Config\Services.php(407): CodeIgniter\Database\MigrationRunner->__construct()
 6 SYSTEMPATH\Config\BaseService.php(253): CodeIgniter\Config\Services::migrations()
 7 SYSTEMPATH\Config\BaseService.php(194): CodeIgniter\Config\BaseService::__callStatic()
 8 SYSTEMPATH\Config\Services.php(402): CodeIgniter\Config\BaseService::getSharedInstance()
 9 SYSTEMPATH\Config\BaseService.php(253): CodeIgniter\Config\Services::migrations()
10 SYSTEMPATH\Commands\Database\Migrate.php(69): CodeIgniter\Config\BaseService::__callStatic()
11 SYSTEMPATH\CLI\Commands.php(63): CodeIgniter\Commands\Database\Migrate->run()
12 SYSTEMPATH\CLI\CommandRunner.php(65): CodeIgniter\CLI\Commands->run()
13 SYSTEMPATH\CLI\CommandRunner.php(51): CodeIgniter\CLI\CommandRunner->index()
14 SYSTEMPATH\CodeIgniter.php(891): CodeIgniter\CLI\CommandRunner->_remap()
15 SYSTEMPATH\CodeIgniter.php(457): CodeIgniter\CodeIgniter->runController()
16 SYSTEMPATH\CodeIgniter.php(336): CodeIgniter\CodeIgniter->handleRequest()
17 SYSTEMPATH\CLI\Console.php(48): CodeIgniter\CodeIgniter->run()
18 ROOTPATH\spark(98): CodeIgniter\CLI\Console->run()
CRITICAL - 2022-08-13 13:36:42 --> Undefined constant "CodeIgniter\Database\MySQLi\MYSQLI_STORE_RESULT"
in SYSTEMPATH\Database\Database.php on line 136.
 1 SYSTEMPATH\Database\Database.php(56): CodeIgniter\Database\Database->initDriver()
 2 SYSTEMPATH\Database\Config.php(78): CodeIgniter\Database\Database->load()
 3 SYSTEMPATH\Common.php(345): CodeIgniter\Database\Config::connect()
 4 SYSTEMPATH\Database\MigrationRunner.php(150): db_connect()
 5 SYSTEMPATH\Config\Services.php(407): CodeIgniter\Database\MigrationRunner->__construct()
 6 SYSTEMPATH\Config\BaseService.php(253): CodeIgniter\Config\Services::migrations()
 7 SYSTEMPATH\Config\BaseService.php(194): CodeIgniter\Config\BaseService::__callStatic()
 8 SYSTEMPATH\Config\Services.php(402): CodeIgniter\Config\BaseService::getSharedInstance()
 9 SYSTEMPATH\Config\BaseService.php(253): CodeIgniter\Config\Services::migrations()
10 SYSTEMPATH\Commands\Database\Migrate.php(69): CodeIgniter\Config\BaseService::__callStatic()
11 SYSTEMPATH\CLI\Commands.php(63): CodeIgniter\Commands\Database\Migrate->run()
12 SYSTEMPATH\CLI\CommandRunner.php(65): CodeIgniter\CLI\Commands->run()
13 SYSTEMPATH\CLI\CommandRunner.php(51): CodeIgniter\CLI\CommandRunner->index()
14 SYSTEMPATH\CodeIgniter.php(891): CodeIgniter\CLI\CommandRunner->_remap()
15 SYSTEMPATH\CodeIgniter.php(457): CodeIgniter\CodeIgniter->runController()
16 SYSTEMPATH\CodeIgniter.php(336): CodeIgniter\CodeIgniter->handleRequest()
17 SYSTEMPATH\CLI\Console.php(48): CodeIgniter\CodeIgniter->run()
18 ROOTPATH\spark(98): CodeIgniter\CLI\Console->run()
CRITICAL - 2022-08-13 13:36:48 --> Undefined constant "CodeIgniter\Database\MySQLi\MYSQLI_STORE_RESULT"
in SYSTEMPATH\Database\Database.php on line 136.
 1 SYSTEMPATH\Database\Database.php(56): CodeIgniter\Database\Database->initDriver()
 2 SYSTEMPATH\Database\Config.php(78): CodeIgniter\Database\Database->load()
 3 SYSTEMPATH\Common.php(345): CodeIgniter\Database\Config::connect()
 4 SYSTEMPATH\Database\MigrationRunner.php(150): db_connect()
 5 SYSTEMPATH\Config\Services.php(407): CodeIgniter\Database\MigrationRunner->__construct()
 6 SYSTEMPATH\Config\BaseService.php(253): CodeIgniter\Config\Services::migrations()
 7 SYSTEMPATH\Config\BaseService.php(194): CodeIgniter\Config\BaseService::__callStatic()
 8 SYSTEMPATH\Config\Services.php(402): CodeIgniter\Config\BaseService::getSharedInstance()
 9 SYSTEMPATH\Config\BaseService.php(253): CodeIgniter\Config\Services::migrations()
10 SYSTEMPATH\Commands\Database\Migrate.php(69): CodeIgniter\Config\BaseService::__callStatic()
11 SYSTEMPATH\CLI\Commands.php(63): CodeIgniter\Commands\Database\Migrate->run()
12 SYSTEMPATH\CLI\CommandRunner.php(65): CodeIgniter\CLI\Commands->run()
13 SYSTEMPATH\CLI\CommandRunner.php(51): CodeIgniter\CLI\CommandRunner->index()
14 SYSTEMPATH\CodeIgniter.php(891): CodeIgniter\CLI\CommandRunner->_remap()
15 SYSTEMPATH\CodeIgniter.php(457): CodeIgniter\CodeIgniter->runController()
16 SYSTEMPATH\CodeIgniter.php(336): CodeIgniter\CodeIgniter->handleRequest()
17 SYSTEMPATH\CLI\Console.php(48): CodeIgniter\CodeIgniter->run()
18 ROOTPATH\spark(98): CodeIgniter\CLI\Console->run()
CRITICAL - 2022-08-13 13:36:54 --> Undefined constant "CodeIgniter\Database\MySQLi\MYSQLI_STORE_RESULT"
in SYSTEMPATH\Database\Database.php on line 136.
 1 SYSTEMPATH\Database\Database.php(56): CodeIgniter\Database\Database->initDriver()
 2 SYSTEMPATH\Database\Config.php(78): CodeIgniter\Database\Database->load()
 3 SYSTEMPATH\Common.php(345): CodeIgniter\Database\Config::connect()
 4 SYSTEMPATH\Database\MigrationRunner.php(150): db_connect()
 5 SYSTEMPATH\Config\Services.php(407): CodeIgniter\Database\MigrationRunner->__construct()
 6 SYSTEMPATH\Config\BaseService.php(253): CodeIgniter\Config\Services::migrations()
 7 SYSTEMPATH\Config\BaseService.php(194): CodeIgniter\Config\BaseService::__callStatic()
 8 SYSTEMPATH\Config\Services.php(402): CodeIgniter\Config\BaseService::getSharedInstance()
 9 SYSTEMPATH\Config\BaseService.php(253): CodeIgniter\Config\Services::migrations()
10 SYSTEMPATH\Commands\Database\Migrate.php(69): CodeIgniter\Config\BaseService::__callStatic()
11 SYSTEMPATH\CLI\Commands.php(63): CodeIgniter\Commands\Database\Migrate->run()
12 SYSTEMPATH\CLI\CommandRunner.php(65): CodeIgniter\CLI\Commands->run()
13 SYSTEMPATH\CLI\CommandRunner.php(51): CodeIgniter\CLI\CommandRunner->index()
14 SYSTEMPATH\CodeIgniter.php(891): CodeIgniter\CLI\CommandRunner->_remap()
15 SYSTEMPATH\CodeIgniter.php(457): CodeIgniter\CodeIgniter->runController()
16 SYSTEMPATH\CodeIgniter.php(336): CodeIgniter\CodeIgniter->handleRequest()
17 SYSTEMPATH\CLI\Console.php(48): CodeIgniter\CodeIgniter->run()
18 ROOTPATH\spark(98): CodeIgniter\CLI\Console->run()
CRITICAL - 2022-08-13 13:37:01 --> Undefined constant "CodeIgniter\Database\MySQLi\MYSQLI_STORE_RESULT"
in SYSTEMPATH\Database\Database.php on line 136.
 1 SYSTEMPATH\Database\Database.php(56): CodeIgniter\Database\Database->initDriver()
 2 SYSTEMPATH\Database\Config.php(78): CodeIgniter\Database\Database->load()
 3 SYSTEMPATH\Common.php(345): CodeIgniter\Database\Config::connect()
 4 SYSTEMPATH\Database\MigrationRunner.php(150): db_connect()
 5 SYSTEMPATH\Config\Services.php(407): CodeIgniter\Database\MigrationRunner->__construct()
 6 SYSTEMPATH\Config\BaseService.php(253): CodeIgniter\Config\Services::migrations()
 7 SYSTEMPATH\Config\BaseService.php(194): CodeIgniter\Config\BaseService::__callStatic()
 8 SYSTEMPATH\Config\Services.php(402): CodeIgniter\Config\BaseService::getSharedInstance()
 9 SYSTEMPATH\Config\BaseService.php(253): CodeIgniter\Config\Services::migrations()
10 SYSTEMPATH\Commands\Database\Migrate.php(69): CodeIgniter\Config\BaseService::__callStatic()
11 SYSTEMPATH\CLI\Commands.php(63): CodeIgniter\Commands\Database\Migrate->run()
12 SYSTEMPATH\CLI\CommandRunner.php(65): CodeIgniter\CLI\Commands->run()
13 SYSTEMPATH\CLI\CommandRunner.php(51): CodeIgniter\CLI\CommandRunner->index()
14 SYSTEMPATH\CodeIgniter.php(891): CodeIgniter\CLI\CommandRunner->_remap()
15 SYSTEMPATH\CodeIgniter.php(457): CodeIgniter\CodeIgniter->runController()
16 SYSTEMPATH\CodeIgniter.php(336): CodeIgniter\CodeIgniter->handleRequest()
17 SYSTEMPATH\CLI\Console.php(48): CodeIgniter\CodeIgniter->run()
18 ROOTPATH\spark(98): CodeIgniter\CLI\Console->run()
CRITICAL - 2022-08-13 13:37:07 --> Undefined constant "CodeIgniter\Database\MySQLi\MYSQLI_STORE_RESULT"
in SYSTEMPATH\Database\Database.php on line 136.
 1 SYSTEMPATH\Database\Database.php(56): CodeIgniter\Database\Database->initDriver()
 2 SYSTEMPATH\Database\Config.php(78): CodeIgniter\Database\Database->load()
 3 SYSTEMPATH\Common.php(345): CodeIgniter\Database\Config::connect()
 4 SYSTEMPATH\Database\MigrationRunner.php(150): db_connect()
 5 SYSTEMPATH\Config\Services.php(407): CodeIgniter\Database\MigrationRunner->__construct()
 6 SYSTEMPATH\Config\BaseService.php(253): CodeIgniter\Config\Services::migrations()
 7 SYSTEMPATH\Config\BaseService.php(194): CodeIgniter\Config\BaseService::__callStatic()
 8 SYSTEMPATH\Config\Services.php(402): CodeIgniter\Config\BaseService::getSharedInstance()
 9 SYSTEMPATH\Config\BaseService.php(253): CodeIgniter\Config\Services::migrations()
10 SYSTEMPATH\Commands\Database\Migrate.php(69): CodeIgniter\Config\BaseService::__callStatic()
11 SYSTEMPATH\CLI\Commands.php(63): CodeIgniter\Commands\Database\Migrate->run()
12 SYSTEMPATH\CLI\CommandRunner.php(65): CodeIgniter\CLI\Commands->run()
13 SYSTEMPATH\CLI\CommandRunner.php(51): CodeIgniter\CLI\CommandRunner->index()
14 SYSTEMPATH\CodeIgniter.php(891): CodeIgniter\CLI\CommandRunner->_remap()
15 SYSTEMPATH\CodeIgniter.php(457): CodeIgniter\CodeIgniter->runController()
16 SYSTEMPATH\CodeIgniter.php(336): CodeIgniter\CodeIgniter->handleRequest()
17 SYSTEMPATH\CLI\Console.php(48): CodeIgniter\CodeIgniter->run()
18 ROOTPATH\spark(98): CodeIgniter\CLI\Console->run()
CRITICAL - 2022-08-13 13:37:13 --> Undefined constant "CodeIgniter\Database\MySQLi\MYSQLI_STORE_RESULT"
in SYSTEMPATH\Database\Database.php on line 136.
 1 SYSTEMPATH\Database\Database.php(56): CodeIgniter\Database\Database->initDriver()
 2 SYSTEMPATH\Database\Config.php(78): CodeIgniter\Database\Database->load()
 3 SYSTEMPATH\Common.php(345): CodeIgniter\Database\Config::connect()
 4 SYSTEMPATH\Database\MigrationRunner.php(150): db_connect()
 5 SYSTEMPATH\Config\Services.php(407): CodeIgniter\Database\MigrationRunner->__construct()
 6 SYSTEMPATH\Config\BaseService.php(253): CodeIgniter\Config\Services::migrations()
 7 SYSTEMPATH\Config\BaseService.php(194): CodeIgniter\Config\BaseService::__callStatic()
 8 SYSTEMPATH\Config\Services.php(402): CodeIgniter\Config\BaseService::getSharedInstance()
 9 SYSTEMPATH\Config\BaseService.php(253): CodeIgniter\Config\Services::migrations()
10 SYSTEMPATH\Commands\Database\Migrate.php(69): CodeIgniter\Config\BaseService::__callStatic()
11 SYSTEMPATH\CLI\Commands.php(63): CodeIgniter\Commands\Database\Migrate->run()
12 SYSTEMPATH\CLI\CommandRunner.php(65): CodeIgniter\CLI\Commands->run()
13 SYSTEMPATH\CLI\CommandRunner.php(51): CodeIgniter\CLI\CommandRunner->index()
14 SYSTEMPATH\CodeIgniter.php(891): CodeIgniter\CLI\CommandRunner->_remap()
15 SYSTEMPATH\CodeIgniter.php(457): CodeIgniter\CodeIgniter->runController()
16 SYSTEMPATH\CodeIgniter.php(336): CodeIgniter\CodeIgniter->handleRequest()
17 SYSTEMPATH\CLI\Console.php(48): CodeIgniter\CodeIgniter->run()
18 ROOTPATH\spark(98): CodeIgniter\CLI\Console->run()
CRITICAL - 2022-08-13 13:38:07 --> Undefined constant "CodeIgniter\Database\MySQLi\MYSQLI_STORE_RESULT"
in SYSTEMPATH\Database\Database.php on line 136.
 1 SYSTEMPATH\Database\Database.php(56): CodeIgniter\Database\Database->initDriver()
 2 SYSTEMPATH\Database\Config.php(78): CodeIgniter\Database\Database->load()
 3 SYSTEMPATH\Common.php(345): CodeIgniter\Database\Config::connect()
 4 SYSTEMPATH\Database\MigrationRunner.php(150): db_connect()
 5 SYSTEMPATH\Config\Services.php(407): CodeIgniter\Database\MigrationRunner->__construct()
 6 SYSTEMPATH\Config\BaseService.php(253): CodeIgniter\Config\Services::migrations()
 7 SYSTEMPATH\Config\BaseService.php(194): CodeIgniter\Config\BaseService::__callStatic()
 8 SYSTEMPATH\Config\Services.php(402): CodeIgniter\Config\BaseService::getSharedInstance()
 9 SYSTEMPATH\Config\BaseService.php(253): CodeIgniter\Config\Services::migrations()
10 SYSTEMPATH\Commands\Database\Migrate.php(69): CodeIgniter\Config\BaseService::__callStatic()
11 SYSTEMPATH\CLI\Commands.php(63): CodeIgniter\Commands\Database\Migrate->run()
12 SYSTEMPATH\CLI\CommandRunner.php(65): CodeIgniter\CLI\Commands->run()
13 SYSTEMPATH\CLI\CommandRunner.php(51): CodeIgniter\CLI\CommandRunner->index()
14 SYSTEMPATH\CodeIgniter.php(891): CodeIgniter\CLI\CommandRunner->_remap()
15 SYSTEMPATH\CodeIgniter.php(457): CodeIgniter\CodeIgniter->runController()
16 SYSTEMPATH\CodeIgniter.php(336): CodeIgniter\CodeIgniter->handleRequest()
17 SYSTEMPATH\CLI\Console.php(48): CodeIgniter\CodeIgniter->run()
18 ROOTPATH\spark(98): CodeIgniter\CLI\Console->run()
CRITICAL - 2022-08-13 13:38:14 --> Undefined constant "CodeIgniter\Database\MySQLi\MYSQLI_STORE_RESULT"
in SYSTEMPATH\Database\Database.php on line 136.
 1 SYSTEMPATH\Database\Database.php(56): CodeIgniter\Database\Database->initDriver()
 2 SYSTEMPATH\Database\Config.php(78): CodeIgniter\Database\Database->load()
 3 SYSTEMPATH\Common.php(345): CodeIgniter\Database\Config::connect()
 4 SYSTEMPATH\Database\MigrationRunner.php(150): db_connect()
 5 SYSTEMPATH\Config\Services.php(407): CodeIgniter\Database\MigrationRunner->__construct()
 6 SYSTEMPATH\Config\BaseService.php(253): CodeIgniter\Config\Services::migrations()
 7 SYSTEMPATH\Config\BaseService.php(194): CodeIgniter\Config\BaseService::__callStatic()
 8 SYSTEMPATH\Config\Services.php(402): CodeIgniter\Config\BaseService::getSharedInstance()
 9 SYSTEMPATH\Config\BaseService.php(253): CodeIgniter\Config\Services::migrations()
10 SYSTEMPATH\Commands\Database\Migrate.php(69): CodeIgniter\Config\BaseService::__callStatic()
11 SYSTEMPATH\CLI\Commands.php(63): CodeIgniter\Commands\Database\Migrate->run()
12 SYSTEMPATH\CLI\CommandRunner.php(65): CodeIgniter\CLI\Commands->run()
13 SYSTEMPATH\CLI\CommandRunner.php(51): CodeIgniter\CLI\CommandRunner->index()
14 SYSTEMPATH\CodeIgniter.php(891): CodeIgniter\CLI\CommandRunner->_remap()
15 SYSTEMPATH\CodeIgniter.php(457): CodeIgniter\CodeIgniter->runController()
16 SYSTEMPATH\CodeIgniter.php(336): CodeIgniter\CodeIgniter->handleRequest()
17 SYSTEMPATH\CLI\Console.php(48): CodeIgniter\CodeIgniter->run()
18 ROOTPATH\spark(98): CodeIgniter\CLI\Console->run()
CRITICAL - 2022-08-13 13:38:31 --> Undefined constant "CodeIgniter\Database\MySQLi\MYSQLI_STORE_RESULT"
in SYSTEMPATH\Database\Database.php on line 136.
 1 SYSTEMPATH\Database\Database.php(56): CodeIgniter\Database\Database->initDriver()
 2 SYSTEMPATH\Database\Config.php(78): CodeIgniter\Database\Database->load()
 3 SYSTEMPATH\Common.php(345): CodeIgniter\Database\Config::connect()
 4 SYSTEMPATH\Database\MigrationRunner.php(150): db_connect()
 5 SYSTEMPATH\Config\Services.php(407): CodeIgniter\Database\MigrationRunner->__construct()
 6 SYSTEMPATH\Config\BaseService.php(253): CodeIgniter\Config\Services::migrations()
 7 SYSTEMPATH\Config\BaseService.php(194): CodeIgniter\Config\BaseService::__callStatic()
 8 SYSTEMPATH\Config\Services.php(402): CodeIgniter\Config\BaseService::getSharedInstance()
 9 SYSTEMPATH\Config\BaseService.php(253): CodeIgniter\Config\Services::migrations()
10 SYSTEMPATH\Commands\Database\Migrate.php(69): CodeIgniter\Config\BaseService::__callStatic()
11 SYSTEMPATH\CLI\Commands.php(63): CodeIgniter\Commands\Database\Migrate->run()
12 SYSTEMPATH\CLI\CommandRunner.php(65): CodeIgniter\CLI\Commands->run()
13 SYSTEMPATH\CLI\CommandRunner.php(51): CodeIgniter\CLI\CommandRunner->index()
14 SYSTEMPATH\CodeIgniter.php(891): CodeIgniter\CLI\CommandRunner->_remap()
15 SYSTEMPATH\CodeIgniter.php(457): CodeIgniter\CodeIgniter->runController()
16 SYSTEMPATH\CodeIgniter.php(336): CodeIgniter\CodeIgniter->handleRequest()
17 SYSTEMPATH\CLI\Console.php(48): CodeIgniter\CodeIgniter->run()
18 ROOTPATH\spark(98): CodeIgniter\CLI\Console->run()
CRITICAL - 2022-08-13 13:38:38 --> Undefined constant "CodeIgniter\Database\MySQLi\MYSQLI_STORE_RESULT"
in SYSTEMPATH\Database\Database.php on line 136.
 1 SYSTEMPATH\Database\Database.php(56): CodeIgniter\Database\Database->initDriver()
 2 SYSTEMPATH\Database\Config.php(78): CodeIgniter\Database\Database->load()
 3 SYSTEMPATH\Common.php(345): CodeIgniter\Database\Config::connect()
 4 SYSTEMPATH\Database\MigrationRunner.php(150): db_connect()
 5 SYSTEMPATH\Config\Services.php(407): CodeIgniter\Database\MigrationRunner->__construct()
 6 SYSTEMPATH\Config\BaseService.php(253): CodeIgniter\Config\Services::migrations()
 7 SYSTEMPATH\Config\BaseService.php(194): CodeIgniter\Config\BaseService::__callStatic()
 8 SYSTEMPATH\Config\Services.php(402): CodeIgniter\Config\BaseService::getSharedInstance()
 9 SYSTEMPATH\Config\BaseService.php(253): CodeIgniter\Config\Services::migrations()
10 SYSTEMPATH\Commands\Database\Migrate.php(69): CodeIgniter\Config\BaseService::__callStatic()
11 SYSTEMPATH\CLI\Commands.php(63): CodeIgniter\Commands\Database\Migrate->run()
12 SYSTEMPATH\CLI\CommandRunner.php(65): CodeIgniter\CLI\Commands->run()
13 SYSTEMPATH\CLI\CommandRunner.php(51): CodeIgniter\CLI\CommandRunner->index()
14 SYSTEMPATH\CodeIgniter.php(891): CodeIgniter\CLI\CommandRunner->_remap()
15 SYSTEMPATH\CodeIgniter.php(457): CodeIgniter\CodeIgniter->runController()
16 SYSTEMPATH\CodeIgniter.php(336): CodeIgniter\CodeIgniter->handleRequest()
17 SYSTEMPATH\CLI\Console.php(48): CodeIgniter\CodeIgniter->run()
18 ROOTPATH\spark(98): CodeIgniter\CLI\Console->run()
CRITICAL - 2022-08-13 13:38:44 --> Undefined constant "CodeIgniter\Database\MySQLi\MYSQLI_STORE_RESULT"
in SYSTEMPATH\Database\Database.php on line 136.
 1 SYSTEMPATH\Database\Database.php(56): CodeIgniter\Database\Database->initDriver()
 2 SYSTEMPATH\Database\Config.php(78): CodeIgniter\Database\Database->load()
 3 SYSTEMPATH\Common.php(345): CodeIgniter\Database\Config::connect()
 4 SYSTEMPATH\Database\MigrationRunner.php(150): db_connect()
 5 SYSTEMPATH\Config\Services.php(407): CodeIgniter\Database\MigrationRunner->__construct()
 6 SYSTEMPATH\Config\BaseService.php(253): CodeIgniter\Config\Services::migrations()
 7 SYSTEMPATH\Config\BaseService.php(194): CodeIgniter\Config\BaseService::__callStatic()
 8 SYSTEMPATH\Config\Services.php(402): CodeIgniter\Config\BaseService::getSharedInstance()
 9 SYSTEMPATH\Config\BaseService.php(253): CodeIgniter\Config\Services::migrations()
10 SYSTEMPATH\Commands\Database\Migrate.php(69): CodeIgniter\Config\BaseService::__callStatic()
11 SYSTEMPATH\CLI\Commands.php(63): CodeIgniter\Commands\Database\Migrate->run()
12 SYSTEMPATH\CLI\CommandRunner.php(65): CodeIgniter\CLI\Commands->run()
13 SYSTEMPATH\CLI\CommandRunner.php(51): CodeIgniter\CLI\CommandRunner->index()
14 SYSTEMPATH\CodeIgniter.php(891): CodeIgniter\CLI\CommandRunner->_remap()
15 SYSTEMPATH\CodeIgniter.php(457): CodeIgniter\CodeIgniter->runController()
16 SYSTEMPATH\CodeIgniter.php(336): CodeIgniter\CodeIgniter->handleRequest()
17 SYSTEMPATH\CLI\Console.php(48): CodeIgniter\CodeIgniter->run()
18 ROOTPATH\spark(98): CodeIgniter\CLI\Console->run()
CRITICAL - 2022-08-13 13:42:09 --> Undefined constant "CodeIgniter\Database\MySQLi\MYSQLI_STORE_RESULT"
in SYSTEMPATH\Database\Database.php on line 136.
 1 SYSTEMPATH\Database\Database.php(56): CodeIgniter\Database\Database->initDriver()
 2 SYSTEMPATH\Database\Config.php(78): CodeIgniter\Database\Database->load()
 3 SYSTEMPATH\Common.php(345): CodeIgniter\Database\Config::connect()
 4 SYSTEMPATH\Database\MigrationRunner.php(150): db_connect()
 5 SYSTEMPATH\Config\Services.php(407): CodeIgniter\Database\MigrationRunner->__construct()
 6 SYSTEMPATH\Config\BaseService.php(253): CodeIgniter\Config\Services::migrations()
 7 SYSTEMPATH\Config\BaseService.php(194): CodeIgniter\Config\BaseService::__callStatic()
 8 SYSTEMPATH\Config\Services.php(402): CodeIgniter\Config\BaseService::getSharedInstance()
 9 SYSTEMPATH\Config\BaseService.php(253): CodeIgniter\Config\Services::migrations()
10 SYSTEMPATH\Commands\Database\Migrate.php(69): CodeIgniter\Config\BaseService::__callStatic()
11 SYSTEMPATH\CLI\Commands.php(63): CodeIgniter\Commands\Database\Migrate->run()
12 SYSTEMPATH\CLI\CommandRunner.php(65): CodeIgniter\CLI\Commands->run()
13 SYSTEMPATH\CLI\CommandRunner.php(51): CodeIgniter\CLI\CommandRunner->index()
14 SYSTEMPATH\CodeIgniter.php(891): CodeIgniter\CLI\CommandRunner->_remap()
15 SYSTEMPATH\CodeIgniter.php(457): CodeIgniter\CodeIgniter->runController()
16 SYSTEMPATH\CodeIgniter.php(336): CodeIgniter\CodeIgniter->handleRequest()
17 SYSTEMPATH\CLI\Console.php(48): CodeIgniter\CodeIgniter->run()
18 ROOTPATH\spark(98): CodeIgniter\CLI\Console->run()
CRITICAL - 2022-08-13 13:44:02 --> Undefined constant "CodeIgniter\Database\MySQLi\MYSQLI_STORE_RESULT"
in SYSTEMPATH\Database\Database.php on line 136.
 1 SYSTEMPATH\Database\Database.php(56): CodeIgniter\Database\Database->initDriver()
 2 SYSTEMPATH\Database\Config.php(78): CodeIgniter\Database\Database->load()
 3 SYSTEMPATH\Common.php(345): CodeIgniter\Database\Config::connect()
 4 SYSTEMPATH\Database\MigrationRunner.php(150): db_connect()
 5 SYSTEMPATH\Config\Services.php(407): CodeIgniter\Database\MigrationRunner->__construct()
 6 SYSTEMPATH\Config\BaseService.php(253): CodeIgniter\Config\Services::migrations()
 7 SYSTEMPATH\Config\BaseService.php(194): CodeIgniter\Config\BaseService::__callStatic()
 8 SYSTEMPATH\Config\Services.php(402): CodeIgniter\Config\BaseService::getSharedInstance()
 9 SYSTEMPATH\Config\BaseService.php(253): CodeIgniter\Config\Services::migrations()
10 SYSTEMPATH\Commands\Database\Migrate.php(69): CodeIgniter\Config\BaseService::__callStatic()
11 SYSTEMPATH\CLI\Commands.php(63): CodeIgniter\Commands\Database\Migrate->run()
12 SYSTEMPATH\CLI\CommandRunner.php(65): CodeIgniter\CLI\Commands->run()
13 SYSTEMPATH\CLI\CommandRunner.php(51): CodeIgniter\CLI\CommandRunner->index()
14 SYSTEMPATH\CodeIgniter.php(891): CodeIgniter\CLI\CommandRunner->_remap()
15 SYSTEMPATH\CodeIgniter.php(457): CodeIgniter\CodeIgniter->runController()
16 SYSTEMPATH\CodeIgniter.php(336): CodeIgniter\CodeIgniter->handleRequest()
17 SYSTEMPATH\CLI\Console.php(48): CodeIgniter\CodeIgniter->run()
18 ROOTPATH\spark(98): CodeIgniter\CLI\Console->run()
ERROR - 2022-08-13 16:39:04 --> mysqli_sql_exception: Unknown column 'descricao' in 'field list' in C:\wamp64\www\MediaConnect\system\Database\MySQLi\Connection.php:292
Stack trace:
#0 C:\wamp64\www\MediaConnect\system\Database\MySQLi\Connection.php(292): mysqli->query()
#1 C:\wamp64\www\MediaConnect\system\Database\BaseConnection.php(693): CodeIgniter\Database\MySQLi\Connection->execute()
#2 C:\wamp64\www\MediaConnect\system\Database\BaseConnection.php(620): CodeIgniter\Database\BaseConnection->simpleQuery()
#3 C:\wamp64\www\MediaConnect\system\Database\BaseBuilder.php(1916): CodeIgniter\Database\BaseConnection->query()
#4 C:\wamp64\www\MediaConnect\app\Database\Seeds\PrivilegioSeeder.php(28): CodeIgniter\Database\BaseBuilder->insert()
#5 C:\wamp64\www\MediaConnect\system\Database\Seeder.php(145): App\Database\Seeds\PrivilegioSeeder->run()
#6 C:\wamp64\www\MediaConnect\system\Commands\Database\Seed.php(77): CodeIgniter\Database\Seeder->call()
#7 C:\wamp64\www\MediaConnect\system\CLI\Commands.php(63): CodeIgniter\Commands\Database\Seed->run()
#8 C:\wamp64\www\MediaConnect\system\CLI\CommandRunner.php(65): CodeIgniter\CLI\Commands->run()
#9 C:\wamp64\www\MediaConnect\system\CLI\CommandRunner.php(51): CodeIgniter\CLI\CommandRunner->index()
#10 C:\wamp64\www\MediaConnect\system\CodeIgniter.php(891): CodeIgniter\CLI\CommandRunner->_remap()
#11 C:\wamp64\www\MediaConnect\system\CodeIgniter.php(457): CodeIgniter\CodeIgniter->runController()
#12 C:\wamp64\www\MediaConnect\system\CodeIgniter.php(336): CodeIgniter\CodeIgniter->handleRequest()
#13 C:\wamp64\www\MediaConnect\system\CLI\Console.php(48): CodeIgniter\CodeIgniter->run()
#14 C:\wamp64\www\MediaConnect\spark(98): CodeIgniter\CLI\Console->run()
#15 {main}
ERROR - 2022-08-13 16:39:04 --> mysqli_sql_exception: Unknown column 'descricao' in 'field list' in C:\wamp64\www\MediaConnect\system\Database\MySQLi\Connection.php:292
Stack trace:
#0 C:\wamp64\www\MediaConnect\system\Database\MySQLi\Connection.php(292): mysqli->query()
#1 C:\wamp64\www\MediaConnect\system\Database\BaseConnection.php(693): CodeIgniter\Database\MySQLi\Connection->execute()
#2 C:\wamp64\www\MediaConnect\system\Database\BaseConnection.php(620): CodeIgniter\Database\BaseConnection->simpleQuery()
#3 C:\wamp64\www\MediaConnect\system\Database\BaseBuilder.php(1916): CodeIgniter\Database\BaseConnection->query()
#4 C:\wamp64\www\MediaConnect\app\Database\Seeds\PrivilegioSeeder.php(28): CodeIgniter\Database\BaseBuilder->insert()
#5 C:\wamp64\www\MediaConnect\system\Database\Seeder.php(145): App\Database\Seeds\PrivilegioSeeder->run()
#6 C:\wamp64\www\MediaConnect\system\Commands\Database\Seed.php(77): CodeIgniter\Database\Seeder->call()
#7 C:\wamp64\www\MediaConnect\system\CLI\Commands.php(63): CodeIgniter\Commands\Database\Seed->run()
#8 C:\wamp64\www\MediaConnect\system\CLI\CommandRunner.php(65): CodeIgniter\CLI\Commands->run()
#9 C:\wamp64\www\MediaConnect\system\CLI\CommandRunner.php(51): CodeIgniter\CLI\CommandRunner->index()
#10 C:\wamp64\www\MediaConnect\system\CodeIgniter.php(891): CodeIgniter\CLI\CommandRunner->_remap()
#11 C:\wamp64\www\MediaConnect\system\CodeIgniter.php(457): CodeIgniter\CodeIgniter->runController()
#12 C:\wamp64\www\MediaConnect\system\CodeIgniter.php(336): CodeIgniter\CodeIgniter->handleRequest()
#13 C:\wamp64\www\MediaConnect\system\CLI\Console.php(48): CodeIgniter\CodeIgniter->run()
#14 C:\wamp64\www\MediaConnect\spark(98): CodeIgniter\CLI\Console->run()
#15 {main}
ERROR - 2022-08-13 16:39:04 --> mysqli_sql_exception: Unknown column 'descricao' in 'field list' in C:\wamp64\www\MediaConnect\system\Database\MySQLi\Connection.php:292
Stack trace:
#0 C:\wamp64\www\MediaConnect\system\Database\MySQLi\Connection.php(292): mysqli->query()
#1 C:\wamp64\www\MediaConnect\system\Database\BaseConnection.php(693): CodeIgniter\Database\MySQLi\Connection->execute()
#2 C:\wamp64\www\MediaConnect\system\Database\BaseConnection.php(620): CodeIgniter\Database\BaseConnection->simpleQuery()
#3 C:\wamp64\www\MediaConnect\system\Database\BaseBuilder.php(1916): CodeIgniter\Database\BaseConnection->query()
#4 C:\wamp64\www\MediaConnect\app\Database\Seeds\PrivilegioSeeder.php(28): CodeIgniter\Database\BaseBuilder->insert()
#5 C:\wamp64\www\MediaConnect\system\Database\Seeder.php(145): App\Database\Seeds\PrivilegioSeeder->run()
#6 C:\wamp64\www\MediaConnect\system\Commands\Database\Seed.php(77): CodeIgniter\Database\Seeder->call()
#7 C:\wamp64\www\MediaConnect\system\CLI\Commands.php(63): CodeIgniter\Commands\Database\Seed->run()
#8 C:\wamp64\www\MediaConnect\system\CLI\CommandRunner.php(65): CodeIgniter\CLI\Commands->run()
#9 C:\wamp64\www\MediaConnect\system\CLI\CommandRunner.php(51): CodeIgniter\CLI\CommandRunner->index()
#10 C:\wamp64\www\MediaConnect\system\CodeIgniter.php(891): CodeIgniter\CLI\CommandRunner->_remap()
#11 C:\wamp64\www\MediaConnect\system\CodeIgniter.php(457): CodeIgniter\CodeIgniter->runController()
#12 C:\wamp64\www\MediaConnect\system\CodeIgniter.php(336): CodeIgniter\CodeIgniter->handleRequest()
#13 C:\wamp64\www\MediaConnect\system\CLI\Console.php(48): CodeIgniter\CodeIgniter->run()
#14 C:\wamp64\www\MediaConnect\spark(98): CodeIgniter\CLI\Console->run()
#15 {main}
ERROR - 2022-08-13 16:39:35 --> mysqli_sql_exception: Unknown column 'descricao' in 'field list' in C:\wamp64\www\MediaConnect\system\Database\MySQLi\Connection.php:292
Stack trace:
#0 C:\wamp64\www\MediaConnect\system\Database\MySQLi\Connection.php(292): mysqli->query()
#1 C:\wamp64\www\MediaConnect\system\Database\BaseConnection.php(693): CodeIgniter\Database\MySQLi\Connection->execute()
#2 C:\wamp64\www\MediaConnect\system\Database\BaseConnection.php(620): CodeIgniter\Database\BaseConnection->simpleQuery()
#3 C:\wamp64\www\MediaConnect\system\Database\BaseBuilder.php(1916): CodeIgniter\Database\BaseConnection->query()
#4 C:\wamp64\www\MediaConnect\app\Database\Seeds\PrivilegioSeeder.php(28): CodeIgniter\Database\BaseBuilder->insert()
#5 C:\wamp64\www\MediaConnect\system\Database\Seeder.php(145): App\Database\Seeds\PrivilegioSeeder->run()
#6 C:\wamp64\www\MediaConnect\system\Commands\Database\Seed.php(77): CodeIgniter\Database\Seeder->call()
#7 C:\wamp64\www\MediaConnect\system\CLI\Commands.php(63): CodeIgniter\Commands\Database\Seed->run()
#8 C:\wamp64\www\MediaConnect\system\CLI\CommandRunner.php(65): CodeIgniter\CLI\Commands->run()
#9 C:\wamp64\www\MediaConnect\system\CLI\CommandRunner.php(51): CodeIgniter\CLI\CommandRunner->index()
#10 C:\wamp64\www\MediaConnect\system\CodeIgniter.php(891): CodeIgniter\CLI\CommandRunner->_remap()
#11 C:\wamp64\www\MediaConnect\system\CodeIgniter.php(457): CodeIgniter\CodeIgniter->runController()
#12 C:\wamp64\www\MediaConnect\system\CodeIgniter.php(336): CodeIgniter\CodeIgniter->handleRequest()
#13 C:\wamp64\www\MediaConnect\system\CLI\Console.php(48): CodeIgniter\CodeIgniter->run()
#14 C:\wamp64\www\MediaConnect\spark(98): CodeIgniter\CLI\Console->run()
#15 {main}
ERROR - 2022-08-13 16:39:35 --> mysqli_sql_exception: Unknown column 'descricao' in 'field list' in C:\wamp64\www\MediaConnect\system\Database\MySQLi\Connection.php:292
Stack trace:
#0 C:\wamp64\www\MediaConnect\system\Database\MySQLi\Connection.php(292): mysqli->query()
#1 C:\wamp64\www\MediaConnect\system\Database\BaseConnection.php(693): CodeIgniter\Database\MySQLi\Connection->execute()
#2 C:\wamp64\www\MediaConnect\system\Database\BaseConnection.php(620): CodeIgniter\Database\BaseConnection->simpleQuery()
#3 C:\wamp64\www\MediaConnect\system\Database\BaseBuilder.php(1916): CodeIgniter\Database\BaseConnection->query()
#4 C:\wamp64\www\MediaConnect\app\Database\Seeds\PrivilegioSeeder.php(28): CodeIgniter\Database\BaseBuilder->insert()
#5 C:\wamp64\www\MediaConnect\system\Database\Seeder.php(145): App\Database\Seeds\PrivilegioSeeder->run()
#6 C:\wamp64\www\MediaConnect\system\Commands\Database\Seed.php(77): CodeIgniter\Database\Seeder->call()
#7 C:\wamp64\www\MediaConnect\system\CLI\Commands.php(63): CodeIgniter\Commands\Database\Seed->run()
#8 C:\wamp64\www\MediaConnect\system\CLI\CommandRunner.php(65): CodeIgniter\CLI\Commands->run()
#9 C:\wamp64\www\MediaConnect\system\CLI\CommandRunner.php(51): CodeIgniter\CLI\CommandRunner->index()
#10 C:\wamp64\www\MediaConnect\system\CodeIgniter.php(891): CodeIgniter\CLI\CommandRunner->_remap()
#11 C:\wamp64\www\MediaConnect\system\CodeIgniter.php(457): CodeIgniter\CodeIgniter->runController()
#12 C:\wamp64\www\MediaConnect\system\CodeIgniter.php(336): CodeIgniter\CodeIgniter->handleRequest()
#13 C:\wamp64\www\MediaConnect\system\CLI\Console.php(48): CodeIgniter\CodeIgniter->run()
#14 C:\wamp64\www\MediaConnect\spark(98): CodeIgniter\CLI\Console->run()
#15 {main}
ERROR - 2022-08-13 16:39:35 --> mysqli_sql_exception: Unknown column 'descricao' in 'field list' in C:\wamp64\www\MediaConnect\system\Database\MySQLi\Connection.php:292
Stack trace:
#0 C:\wamp64\www\MediaConnect\system\Database\MySQLi\Connection.php(292): mysqli->query()
#1 C:\wamp64\www\MediaConnect\system\Database\BaseConnection.php(693): CodeIgniter\Database\MySQLi\Connection->execute()
#2 C:\wamp64\www\MediaConnect\system\Database\BaseConnection.php(620): CodeIgniter\Database\BaseConnection->simpleQuery()
#3 C:\wamp64\www\MediaConnect\system\Database\BaseBuilder.php(1916): CodeIgniter\Database\BaseConnection->query()
#4 C:\wamp64\www\MediaConnect\app\Database\Seeds\PrivilegioSeeder.php(28): CodeIgniter\Database\BaseBuilder->insert()
#5 C:\wamp64\www\MediaConnect\system\Database\Seeder.php(145): App\Database\Seeds\PrivilegioSeeder->run()
#6 C:\wamp64\www\MediaConnect\system\Commands\Database\Seed.php(77): CodeIgniter\Database\Seeder->call()
#7 C:\wamp64\www\MediaConnect\system\CLI\Commands.php(63): CodeIgniter\Commands\Database\Seed->run()
#8 C:\wamp64\www\MediaConnect\system\CLI\CommandRunner.php(65): CodeIgniter\CLI\Commands->run()
#9 C:\wamp64\www\MediaConnect\system\CLI\CommandRunner.php(51): CodeIgniter\CLI\CommandRunner->index()
#10 C:\wamp64\www\MediaConnect\system\CodeIgniter.php(891): CodeIgniter\CLI\CommandRunner->_remap()
#11 C:\wamp64\www\MediaConnect\system\CodeIgniter.php(457): CodeIgniter\CodeIgniter->runController()
#12 C:\wamp64\www\MediaConnect\system\CodeIgniter.php(336): CodeIgniter\CodeIgniter->handleRequest()
#13 C:\wamp64\www\MediaConnect\system\CLI\Console.php(48): CodeIgniter\CodeIgniter->run()
#14 C:\wamp64\www\MediaConnect\spark(98): CodeIgniter\CLI\Console->run()
#15 {main}
