CRITICAL - 2022-09-14 22:38:31 --> Class 'App\Controllers\Usuario' not found
in APPPATH\Controllers\Anuncios.php on line 17.
 1 SYSTEMPATH\CodeIgniter.php(898): App\Controllers\Anuncios->inserir()
 2 SYSTEMPATH\CodeIgniter.php(457): CodeIgniter\CodeIgniter->runController(Object(App\Controllers\Anuncios))
 3 SYSTEMPATH\CodeIgniter.php(340): CodeIgniter\CodeIgniter->handleRequest(null, Object(Config\Cache), false)
 4 FCPATH\index.php(67): CodeIgniter\CodeIgniter->run()
CRITICAL - 2022-09-14 22:40:18 --> Class 'App\Controllers\Usuario' not found
in APPPATH\Controllers\Anuncios.php on line 17.
 1 SYSTEMPATH\CodeIgniter.php(898): App\Controllers\Anuncios->inserir()
 2 SYSTEMPATH\CodeIgniter.php(457): CodeIgniter\CodeIgniter->runController(Object(App\Controllers\Anuncios))
 3 SYSTEMPATH\CodeIgniter.php(340): CodeIgniter\CodeIgniter->handleRequest(null, Object(Config\Cache), false)
 4 FCPATH\index.php(67): CodeIgniter\CodeIgniter->run()
CRITICAL - 2022-09-14 22:41:56 --> Class 'App\Controllers\Usuario' not found
in APPPATH\Controllers\Anuncios.php on line 18.
 1 SYSTEMPATH\CodeIgniter.php(898): App\Controllers\Anuncios->inserir()
 2 SYSTEMPATH\CodeIgniter.php(457): CodeIgniter\CodeIgniter->runController(Object(App\Controllers\Anuncios))
 3 SYSTEMPATH\CodeIgniter.php(340): CodeIgniter\CodeIgniter->handleRequest(null, Object(Config\Cache), false)
 4 FCPATH\index.php(67): CodeIgniter\CodeIgniter->run()
CRITICAL - 2022-09-14 22:43:30 --> Class 'App\Controllers\Usuario' not found
in APPPATH\Controllers\Anuncios.php on line 17.
 1 SYSTEMPATH\CodeIgniter.php(898): App\Controllers\Anuncios->inserir()
 2 SYSTEMPATH\CodeIgniter.php(457): CodeIgniter\CodeIgniter->runController(Object(App\Controllers\Anuncios))
 3 SYSTEMPATH\CodeIgniter.php(340): CodeIgniter\CodeIgniter->handleRequest(null, Object(Config\Cache), false)
 4 FCPATH\index.php(67): CodeIgniter\CodeIgniter->run()
CRITICAL - 2022-09-14 22:45:00 --> Class 'App\Controllers\Usuario' not found
in APPPATH\Controllers\Anuncios.php on line 17.
 1 SYSTEMPATH\CodeIgniter.php(898): App\Controllers\Anuncios->inserir()
 2 SYSTEMPATH\CodeIgniter.php(457): CodeIgniter\CodeIgniter->runController(Object(App\Controllers\Anuncios))
 3 SYSTEMPATH\CodeIgniter.php(340): CodeIgniter\CodeIgniter->handleRequest(null, Object(Config\Cache), false)
 4 FCPATH\index.php(67): CodeIgniter\CodeIgniter->run()
CRITICAL - 2022-09-14 22:45:49 --> Class 'App\Controllers\Usuario' not found
in APPPATH\Controllers\Anuncios.php on line 17.
 1 SYSTEMPATH\CodeIgniter.php(898): App\Controllers\Anuncios->inserir()
 2 SYSTEMPATH\CodeIgniter.php(457): CodeIgniter\CodeIgniter->runController(Object(App\Controllers\Anuncios))
 3 SYSTEMPATH\CodeIgniter.php(340): CodeIgniter\CodeIgniter->handleRequest(null, Object(Config\Cache), false)
 4 FCPATH\index.php(67): CodeIgniter\CodeIgniter->run()
ERROR - 2022-09-14 22:52:37 --> mysqli_sql_exception: Column 'id_vendedor' cannot be null in C:\wamp64\www\MediaConnect\system\Database\MySQLi\Connection.php:292
Stack trace:
#0 C:\wamp64\www\MediaConnect\system\Database\MySQLi\Connection.php(292): mysqli->query('INSERT INTO `tb...', 0)
#1 C:\wamp64\www\MediaConnect\system\Database\BaseConnection.php(693): CodeIgniter\Database\MySQLi\Connection->execute('INSERT INTO `tb...')
#2 C:\wamp64\www\MediaConnect\system\Database\BaseConnection.php(620): CodeIgniter\Database\BaseConnection->simpleQuery('INSERT INTO `tb...')
#3 C:\wamp64\www\MediaConnect\system\Database\BaseBuilder.php(1916): CodeIgniter\Database\BaseConnection->query('INSERT INTO `tb...', Array, false)
#4 C:\wamp64\www\MediaConnect\system\Model.php(278): CodeIgniter\Database\BaseBuilder->insert()
#5 C:\wamp64\www\MediaConnect\system\BaseModel.php(738): CodeIgniter\Model->doInsert(Array)
#6 C:\wamp64\www\MediaConnect\system\Model.php(666): CodeIgniter\BaseModel->insert(Array, true)
#7 C:\wamp64\www\MediaConnect\app\Models\AnuncioModel.php(13): CodeIgniter\Model->insert(Array)
#8 C:\wamp64\www\MediaConnect\app\Controllers\Anuncios.php(26): App\Models\AnuncioModel->postInserir(Array)
#9 C:\wamp64\www\MediaConnect\system\CodeIgniter.php(898): App\Controllers\Anuncios->inserir()
#10 C:\wamp64\www\MediaConnect\system\CodeIgniter.php(457): CodeIgniter\CodeIgniter->runController(Object(App\Controllers\Anuncios))
#11 C:\wamp64\www\MediaConnect\system\CodeIgniter.php(340): CodeIgniter\CodeIgniter->handleRequest(NULL, Object(Config\Cache), false)
#12 C:\wamp64\www\MediaConnect\public\index.php(67): CodeIgniter\CodeIgniter->run()
#13 {main}
CRITICAL - 2022-09-14 23:03:13 --> Call to a member function where() on array
in APPPATH\Models\UsuarioModel.php on line 12.
 1 APPPATH\Controllers\Usuarios.php(21): App\Models\UsuarioModel->postInserir([...])
 2 SYSTEMPATH\CodeIgniter.php(898): App\Controllers\Usuarios->inserir()
 3 SYSTEMPATH\CodeIgniter.php(457): CodeIgniter\CodeIgniter->runController(Object(App\Controllers\Usuarios))
 4 SYSTEMPATH\CodeIgniter.php(340): CodeIgniter\CodeIgniter->handleRequest(null, Object(Config\Cache), false)
 5 FCPATH\index.php(67): CodeIgniter\CodeIgniter->run()
ERROR - 2022-09-14 23:03:43 --> mysqli_sql_exception: Unknown column 'hiago8cs@gmail.com' in 'where clause' in C:\wamp64\www\MediaConnect\system\Database\MySQLi\Connection.php:292
Stack trace:
#0 C:\wamp64\www\MediaConnect\system\Database\MySQLi\Connection.php(292): mysqli->query('SELECT *\nFROM `...', 0)
#1 C:\wamp64\www\MediaConnect\system\Database\BaseConnection.php(693): CodeIgniter\Database\MySQLi\Connection->execute('SELECT *\nFROM `...')
#2 C:\wamp64\www\MediaConnect\system\Database\BaseConnection.php(620): CodeIgniter\Database\BaseConnection->simpleQuery('SELECT *\nFROM `...')
#3 C:\wamp64\www\MediaConnect\system\Database\BaseBuilder.php(1585): CodeIgniter\Database\BaseConnection->query('SELECT *\nFROM `...', Array, false)
#4 C:\wamp64\www\MediaConnect\system\Model.php(222): CodeIgniter\Database\BaseBuilder->get()
#5 C:\wamp64\www\MediaConnect\system\BaseModel.php(584): CodeIgniter\Model->doFindAll(0, 0)
#6 C:\wamp64\www\MediaConnect\app\Models\UsuarioModel.php(12): CodeIgniter\BaseModel->findAll()
#7 C:\wamp64\www\MediaConnect\app\Controllers\Usuarios.php(21): App\Models\UsuarioModel->postInserir(Array)
#8 C:\wamp64\www\MediaConnect\system\CodeIgniter.php(898): App\Controllers\Usuarios->inserir()
#9 C:\wamp64\www\MediaConnect\system\CodeIgniter.php(457): CodeIgniter\CodeIgniter->runController(Object(App\Controllers\Usuarios))
#10 C:\wamp64\www\MediaConnect\system\CodeIgniter.php(340): CodeIgniter\CodeIgniter->handleRequest(NULL, Object(Config\Cache), false)
#11 C:\wamp64\www\MediaConnect\public\index.php(67): CodeIgniter\CodeIgniter->run()
#12 {main}
CRITICAL - 2022-09-14 23:03:43 --> Call to a member function getResult() on bool
in SYSTEMPATH\Model.php on line 223.
 1 SYSTEMPATH\BaseModel.php(584): CodeIgniter\Model->doFindAll(0, 0)
 2 APPPATH\Models\UsuarioModel.php(12): CodeIgniter\BaseModel->findAll()
 3 APPPATH\Controllers\Usuarios.php(21): App\Models\UsuarioModel->postInserir([...])
 4 SYSTEMPATH\CodeIgniter.php(898): App\Controllers\Usuarios->inserir()
 5 SYSTEMPATH\CodeIgniter.php(457): CodeIgniter\CodeIgniter->runController(Object(App\Controllers\Usuarios))
 6 SYSTEMPATH\CodeIgniter.php(340): CodeIgniter\CodeIgniter->handleRequest(null, Object(Config\Cache), false)
 7 FCPATH\index.php(67): CodeIgniter\CodeIgniter->run()
ERROR - 2022-09-14 23:03:44 --> mysqli_sql_exception: Unknown column 'hiago8cs@gmail.com' in 'where clause' in C:\wamp64\www\MediaConnect\system\Database\MySQLi\Connection.php:292
Stack trace:
#0 C:\wamp64\www\MediaConnect\system\Database\MySQLi\Connection.php(292): mysqli->query('SELECT *\nFROM `...', 0)
#1 C:\wamp64\www\MediaConnect\system\Database\BaseConnection.php(693): CodeIgniter\Database\MySQLi\Connection->execute('SELECT *\nFROM `...')
#2 C:\wamp64\www\MediaConnect\system\Database\BaseConnection.php(620): CodeIgniter\Database\BaseConnection->simpleQuery('SELECT *\nFROM `...')
#3 C:\wamp64\www\MediaConnect\system\Database\BaseBuilder.php(1585): CodeIgniter\Database\BaseConnection->query('SELECT *\nFROM `...', Array, false)
#4 C:\wamp64\www\MediaConnect\system\Model.php(222): CodeIgniter\Database\BaseBuilder->get()
#5 C:\wamp64\www\MediaConnect\system\BaseModel.php(584): CodeIgniter\Model->doFindAll(0, 0)
#6 C:\wamp64\www\MediaConnect\app\Models\UsuarioModel.php(12): CodeIgniter\BaseModel->findAll()
#7 C:\wamp64\www\MediaConnect\app\Controllers\Usuarios.php(21): App\Models\UsuarioModel->postInserir(Array)
#8 C:\wamp64\www\MediaConnect\system\CodeIgniter.php(898): App\Controllers\Usuarios->inserir()
#9 C:\wamp64\www\MediaConnect\system\CodeIgniter.php(457): CodeIgniter\CodeIgniter->runController(Object(App\Controllers\Usuarios))
#10 C:\wamp64\www\MediaConnect\system\CodeIgniter.php(340): CodeIgniter\CodeIgniter->handleRequest(NULL, Object(Config\Cache), false)
#11 C:\wamp64\www\MediaConnect\public\index.php(67): CodeIgniter\CodeIgniter->run()
#12 {main}
CRITICAL - 2022-09-14 23:03:44 --> Call to a member function getResult() on bool
in SYSTEMPATH\Model.php on line 223.
 1 SYSTEMPATH\BaseModel.php(584): CodeIgniter\Model->doFindAll(0, 0)
 2 APPPATH\Models\UsuarioModel.php(12): CodeIgniter\BaseModel->findAll()
 3 APPPATH\Controllers\Usuarios.php(21): App\Models\UsuarioModel->postInserir([...])
 4 SYSTEMPATH\CodeIgniter.php(898): App\Controllers\Usuarios->inserir()
 5 SYSTEMPATH\CodeIgniter.php(457): CodeIgniter\CodeIgniter->runController(Object(App\Controllers\Usuarios))
 6 SYSTEMPATH\CodeIgniter.php(340): CodeIgniter\CodeIgniter->handleRequest(null, Object(Config\Cache), false)
 7 FCPATH\index.php(67): CodeIgniter\CodeIgniter->run()
