CRITICAL - 2022-08-18 14:09:27 --> Too few arguments to function App\Controllers\Usuarios::editar(), 0 passed in C:\wamp64\www\MediaConnect\system\CodeIgniter.php on line 898 and exactly 1 expected
in APPPATH\Controllers\Usuarios.php on line 59.
 1 SYSTEMPATH\CodeIgniter.php(898): App\Controllers\Usuarios->editar()
 2 SYSTEMPATH\CodeIgniter.php(457): CodeIgniter\CodeIgniter->runController(Object(App\Controllers\Usuarios))
 3 SYSTEMPATH\CodeIgniter.php(340): CodeIgniter\CodeIgniter->handleRequest(null, Object(Config\Cache), false)
 4 FCPATH\index.php(67): CodeIgniter\CodeIgniter->run()
CRITICAL - 2022-08-18 14:09:29 --> Too few arguments to function App\Controllers\Usuarios::editar(), 0 passed in C:\wamp64\www\MediaConnect\system\CodeIgniter.php on line 898 and exactly 1 expected
in APPPATH\Controllers\Usuarios.php on line 59.
 1 SYSTEMPATH\CodeIgniter.php(898): App\Controllers\Usuarios->editar()
 2 SYSTEMPATH\CodeIgniter.php(457): CodeIgniter\CodeIgniter->runController(Object(App\Controllers\Usuarios))
 3 SYSTEMPATH\CodeIgniter.php(340): CodeIgniter\CodeIgniter->handleRequest(null, Object(Config\Cache), false)
 4 FCPATH\index.php(67): CodeIgniter\CodeIgniter->run()
CRITICAL - 2022-08-18 14:46:54 --> Call to a member function where() on array
in APPPATH\Controllers\Usuarios.php on line 87.
 1 SYSTEMPATH\CodeIgniter.php(898): App\Controllers\Usuarios->editar()
 2 SYSTEMPATH\CodeIgniter.php(457): CodeIgniter\CodeIgniter->runController(Object(App\Controllers\Usuarios))
 3 SYSTEMPATH\CodeIgniter.php(340): CodeIgniter\CodeIgniter->handleRequest(null, Object(Config\Cache), false)
 4 FCPATH\index.php(67): CodeIgniter\CodeIgniter->run()
CRITICAL - 2022-08-18 14:47:00 --> Call to a member function where() on array
in APPPATH\Controllers\Usuarios.php on line 87.
 1 SYSTEMPATH\CodeIgniter.php(898): App\Controllers\Usuarios->editar()
 2 SYSTEMPATH\CodeIgniter.php(457): CodeIgniter\CodeIgniter->runController(Object(App\Controllers\Usuarios))
 3 SYSTEMPATH\CodeIgniter.php(340): CodeIgniter\CodeIgniter->handleRequest(null, Object(Config\Cache), false)
 4 FCPATH\index.php(67): CodeIgniter\CodeIgniter->run()
