ERROR - 2022-09-15 00:26:32 --> mysqli_sql_exception: Table 'mediaconnect_db.tb_avalicao' doesn't exist in C:\wamp64\www\MediaConnect\system\Database\MySQLi\Connection.php:292
Stack trace:
#0 C:\wamp64\www\MediaConnect\system\Database\MySQLi\Connection.php(292): mysqli->query('INSERT INTO `tb...', 0)
#1 C:\wamp64\www\MediaConnect\system\Database\BaseConnection.php(693): CodeIgniter\Database\MySQLi\Connection->execute('INSERT INTO `tb...')
#2 C:\wamp64\www\MediaConnect\system\Database\BaseConnection.php(620): CodeIgniter\Database\BaseConnection->simpleQuery('INSERT INTO `tb...')
#3 C:\wamp64\www\MediaConnect\system\Database\BaseBuilder.php(1916): CodeIgniter\Database\BaseConnection->query('INSERT INTO `tb...', Array, false)
#4 C:\wamp64\www\MediaConnect\system\Model.php(278): CodeIgniter\Database\BaseBuilder->insert()
#5 C:\wamp64\www\MediaConnect\system\BaseModel.php(738): CodeIgniter\Model->doInsert(Array)
#6 C:\wamp64\www\MediaConnect\system\Model.php(666): CodeIgniter\BaseModel->insert(Array, true)
#7 C:\wamp64\www\MediaConnect\app\Models\AvalicaoModel.php(15): CodeIgniter\Model->insert(Array)
#8 C:\wamp64\www\MediaConnect\app\Controllers\Avalicoes.php(15): App\Models\AvalicaoModel->postInserir(Array)
#9 C:\wamp64\www\MediaConnect\system\CodeIgniter.php(898): App\Controllers\Avalicoes->inserir()
#10 C:\wamp64\www\MediaConnect\system\CodeIgniter.php(457): CodeIgniter\CodeIgniter->runController(Object(App\Controllers\Avalicoes))
#11 C:\wamp64\www\MediaConnect\system\CodeIgniter.php(340): CodeIgniter\CodeIgniter->handleRequest(NULL, Object(Config\Cache), false)
#12 C:\wamp64\www\MediaConnect\public\index.php(67): CodeIgniter\CodeIgniter->run()
#13 {main}
ERROR - 2022-09-15 00:28:29 --> mysqli_sql_exception: Table 'mediaconnect_db.tb_avalicao' doesn't exist in C:\wamp64\www\MediaConnect\system\Database\MySQLi\Connection.php:292
Stack trace:
#0 C:\wamp64\www\MediaConnect\system\Database\MySQLi\Connection.php(292): mysqli->query('INSERT INTO `tb...', 0)
#1 C:\wamp64\www\MediaConnect\system\Database\BaseConnection.php(693): CodeIgniter\Database\MySQLi\Connection->execute('INSERT INTO `tb...')
#2 C:\wamp64\www\MediaConnect\system\Database\BaseConnection.php(620): CodeIgniter\Database\BaseConnection->simpleQuery('INSERT INTO `tb...')
#3 C:\wamp64\www\MediaConnect\system\Database\BaseBuilder.php(1916): CodeIgniter\Database\BaseConnection->query('INSERT INTO `tb...', Array, false)
#4 C:\wamp64\www\MediaConnect\system\Model.php(278): CodeIgniter\Database\BaseBuilder->insert()
#5 C:\wamp64\www\MediaConnect\system\BaseModel.php(738): CodeIgniter\Model->doInsert(Array)
#6 C:\wamp64\www\MediaConnect\system\Model.php(666): CodeIgniter\BaseModel->insert(Array, true)
#7 C:\wamp64\www\MediaConnect\app\Models\AvalicaoModel.php(15): CodeIgniter\Model->insert(Array)
#8 C:\wamp64\www\MediaConnect\app\Controllers\Avalicoes.php(15): App\Models\AvalicaoModel->postInserir(Array)
#9 C:\wamp64\www\MediaConnect\system\CodeIgniter.php(898): App\Controllers\Avalicoes->inserir()
#10 C:\wamp64\www\MediaConnect\system\CodeIgniter.php(457): CodeIgniter\CodeIgniter->runController(Object(App\Controllers\Avalicoes))
#11 C:\wamp64\www\MediaConnect\system\CodeIgniter.php(340): CodeIgniter\CodeIgniter->handleRequest(NULL, Object(Config\Cache), false)
#12 C:\wamp64\www\MediaConnect\public\index.php(67): CodeIgniter\CodeIgniter->run()
#13 {main}
ERROR - 2022-09-15 00:32:10 --> mysqli_sql_exception: Table 'mediaconnect_db.tb_avalicao' doesn't exist in C:\wamp64\www\MediaConnect\system\Database\MySQLi\Connection.php:292
Stack trace:
#0 C:\wamp64\www\MediaConnect\system\Database\MySQLi\Connection.php(292): mysqli->query('INSERT INTO `tb...', 0)
#1 C:\wamp64\www\MediaConnect\system\Database\BaseConnection.php(693): CodeIgniter\Database\MySQLi\Connection->execute('INSERT INTO `tb...')
#2 C:\wamp64\www\MediaConnect\system\Database\BaseConnection.php(620): CodeIgniter\Database\BaseConnection->simpleQuery('INSERT INTO `tb...')
#3 C:\wamp64\www\MediaConnect\system\Database\BaseBuilder.php(1916): CodeIgniter\Database\BaseConnection->query('INSERT INTO `tb...', Array, false)
#4 C:\wamp64\www\MediaConnect\system\Model.php(278): CodeIgniter\Database\BaseBuilder->insert()
#5 C:\wamp64\www\MediaConnect\system\BaseModel.php(738): CodeIgniter\Model->doInsert(Array)
#6 C:\wamp64\www\MediaConnect\system\Model.php(666): CodeIgniter\BaseModel->insert(Array, true)
#7 C:\wamp64\www\MediaConnect\app\Models\AvalicaoModel.php(15): CodeIgniter\Model->insert(Array)
#8 C:\wamp64\www\MediaConnect\app\Controllers\Avalicoes.php(15): App\Models\AvalicaoModel->postInserir(Array)
#9 C:\wamp64\www\MediaConnect\system\CodeIgniter.php(898): App\Controllers\Avalicoes->inserir()
#10 C:\wamp64\www\MediaConnect\system\CodeIgniter.php(457): CodeIgniter\CodeIgniter->runController(Object(App\Controllers\Avalicoes))
#11 C:\wamp64\www\MediaConnect\system\CodeIgniter.php(340): CodeIgniter\CodeIgniter->handleRequest(NULL, Object(Config\Cache), false)
#12 C:\wamp64\www\MediaConnect\public\index.php(67): CodeIgniter\CodeIgniter->run()
#13 {main}
ERROR - 2022-09-15 00:36:09 --> mysqli_sql_exception: Table 'mediaconnect_db.tb_avalicao' doesn't exist in C:\wamp64\www\MediaConnect\system\Database\MySQLi\Connection.php:292
Stack trace:
#0 C:\wamp64\www\MediaConnect\system\Database\MySQLi\Connection.php(292): mysqli->query('INSERT INTO `tb...', 0)
#1 C:\wamp64\www\MediaConnect\system\Database\BaseConnection.php(693): CodeIgniter\Database\MySQLi\Connection->execute('INSERT INTO `tb...')
#2 C:\wamp64\www\MediaConnect\system\Database\BaseConnection.php(620): CodeIgniter\Database\BaseConnection->simpleQuery('INSERT INTO `tb...')
#3 C:\wamp64\www\MediaConnect\system\Database\BaseBuilder.php(1916): CodeIgniter\Database\BaseConnection->query('INSERT INTO `tb...', Array, false)
#4 C:\wamp64\www\MediaConnect\system\Model.php(278): CodeIgniter\Database\BaseBuilder->insert()
#5 C:\wamp64\www\MediaConnect\system\BaseModel.php(738): CodeIgniter\Model->doInsert(Array)
#6 C:\wamp64\www\MediaConnect\system\Model.php(666): CodeIgniter\BaseModel->insert(Array, true)
#7 C:\wamp64\www\MediaConnect\app\Models\AvalicaoModel.php(14): CodeIgniter\Model->insert(Array)
#8 C:\wamp64\www\MediaConnect\app\Controllers\Avalicoes.php(15): App\Models\AvalicaoModel->postInserir(Array)
#9 C:\wamp64\www\MediaConnect\system\CodeIgniter.php(898): App\Controllers\Avalicoes->inserir()
#10 C:\wamp64\www\MediaConnect\system\CodeIgniter.php(457): CodeIgniter\CodeIgniter->runController(Object(App\Controllers\Avalicoes))
#11 C:\wamp64\www\MediaConnect\system\CodeIgniter.php(340): CodeIgniter\CodeIgniter->handleRequest(NULL, Object(Config\Cache), false)
#12 C:\wamp64\www\MediaConnect\public\index.php(67): CodeIgniter\CodeIgniter->run()
#13 {main}
ERROR - 2022-09-15 00:38:48 --> mysqli_sql_exception: Table 'mediaconnect_db.tb_avalicao' doesn't exist in C:\wamp64\www\MediaConnect\system\Database\MySQLi\Connection.php:292
Stack trace:
#0 C:\wamp64\www\MediaConnect\system\Database\MySQLi\Connection.php(292): mysqli->query('INSERT INTO `tb...', 0)
#1 C:\wamp64\www\MediaConnect\system\Database\BaseConnection.php(693): CodeIgniter\Database\MySQLi\Connection->execute('INSERT INTO `tb...')
#2 C:\wamp64\www\MediaConnect\system\Database\BaseConnection.php(620): CodeIgniter\Database\BaseConnection->simpleQuery('INSERT INTO `tb...')
#3 C:\wamp64\www\MediaConnect\system\Database\BaseBuilder.php(1916): CodeIgniter\Database\BaseConnection->query('INSERT INTO `tb...', Array, false)
#4 C:\wamp64\www\MediaConnect\system\Model.php(278): CodeIgniter\Database\BaseBuilder->insert()
#5 C:\wamp64\www\MediaConnect\system\BaseModel.php(738): CodeIgniter\Model->doInsert(Array)
#6 C:\wamp64\www\MediaConnect\system\Model.php(666): CodeIgniter\BaseModel->insert(Array, true)
#7 C:\wamp64\www\MediaConnect\app\Models\AvalicaoModel.php(16): CodeIgniter\Model->insert(Array)
#8 C:\wamp64\www\MediaConnect\app\Controllers\Avalicoes.php(15): App\Models\AvalicaoModel->postInserir(Array)
#9 C:\wamp64\www\MediaConnect\system\CodeIgniter.php(898): App\Controllers\Avalicoes->inserir()
#10 C:\wamp64\www\MediaConnect\system\CodeIgniter.php(457): CodeIgniter\CodeIgniter->runController(Object(App\Controllers\Avalicoes))
#11 C:\wamp64\www\MediaConnect\system\CodeIgniter.php(340): CodeIgniter\CodeIgniter->handleRequest(NULL, Object(Config\Cache), false)
#12 C:\wamp64\www\MediaConnect\public\index.php(67): CodeIgniter\CodeIgniter->run()
#13 {main}
ERROR - 2022-09-15 00:38:57 --> mysqli_sql_exception: Table 'mediaconnect_db.tb_avalicao' doesn't exist in C:\wamp64\www\MediaConnect\system\Database\MySQLi\Connection.php:292
Stack trace:
#0 C:\wamp64\www\MediaConnect\system\Database\MySQLi\Connection.php(292): mysqli->query('INSERT INTO `tb...', 0)
#1 C:\wamp64\www\MediaConnect\system\Database\BaseConnection.php(693): CodeIgniter\Database\MySQLi\Connection->execute('INSERT INTO `tb...')
#2 C:\wamp64\www\MediaConnect\system\Database\BaseConnection.php(620): CodeIgniter\Database\BaseConnection->simpleQuery('INSERT INTO `tb...')
#3 C:\wamp64\www\MediaConnect\system\Database\BaseBuilder.php(1916): CodeIgniter\Database\BaseConnection->query('INSERT INTO `tb...', Array, false)
#4 C:\wamp64\www\MediaConnect\system\Model.php(278): CodeIgniter\Database\BaseBuilder->insert()
#5 C:\wamp64\www\MediaConnect\system\BaseModel.php(738): CodeIgniter\Model->doInsert(Array)
#6 C:\wamp64\www\MediaConnect\system\Model.php(666): CodeIgniter\BaseModel->insert(Array, true)
#7 C:\wamp64\www\MediaConnect\app\Models\AvalicaoModel.php(16): CodeIgniter\Model->insert(Array)
#8 C:\wamp64\www\MediaConnect\app\Controllers\Avalicoes.php(15): App\Models\AvalicaoModel->postInserir(Array)
#9 C:\wamp64\www\MediaConnect\system\CodeIgniter.php(898): App\Controllers\Avalicoes->inserir()
#10 C:\wamp64\www\MediaConnect\system\CodeIgniter.php(457): CodeIgniter\CodeIgniter->runController(Object(App\Controllers\Avalicoes))
#11 C:\wamp64\www\MediaConnect\system\CodeIgniter.php(340): CodeIgniter\CodeIgniter->handleRequest(NULL, Object(Config\Cache), false)
#12 C:\wamp64\www\MediaConnect\public\index.php(67): CodeIgniter\CodeIgniter->run()
#13 {main}
ERROR - 2022-09-15 00:39:43 --> mysqli_sql_exception: Table 'mediaconnect_db.tb_avalicao' doesn't exist in C:\wamp64\www\MediaConnect\system\Database\MySQLi\Connection.php:292
Stack trace:
#0 C:\wamp64\www\MediaConnect\system\Database\MySQLi\Connection.php(292): mysqli->query('INSERT INTO `tb...', 0)
#1 C:\wamp64\www\MediaConnect\system\Database\BaseConnection.php(693): CodeIgniter\Database\MySQLi\Connection->execute('INSERT INTO `tb...')
#2 C:\wamp64\www\MediaConnect\system\Database\BaseConnection.php(620): CodeIgniter\Database\BaseConnection->simpleQuery('INSERT INTO `tb...')
#3 C:\wamp64\www\MediaConnect\system\Database\BaseBuilder.php(1916): CodeIgniter\Database\BaseConnection->query('INSERT INTO `tb...', Array, false)
#4 C:\wamp64\www\MediaConnect\system\Model.php(278): CodeIgniter\Database\BaseBuilder->insert()
#5 C:\wamp64\www\MediaConnect\system\BaseModel.php(738): CodeIgniter\Model->doInsert(Array)
#6 C:\wamp64\www\MediaConnect\system\Model.php(666): CodeIgniter\BaseModel->insert(Array, true)
#7 C:\wamp64\www\MediaConnect\app\Models\AvalicaoModel.php(15): CodeIgniter\Model->insert(Array)
#8 C:\wamp64\www\MediaConnect\app\Controllers\Avalicoes.php(15): App\Models\AvalicaoModel->postInserir(Array)
#9 C:\wamp64\www\MediaConnect\system\CodeIgniter.php(898): App\Controllers\Avalicoes->inserir()
#10 C:\wamp64\www\MediaConnect\system\CodeIgniter.php(457): CodeIgniter\CodeIgniter->runController(Object(App\Controllers\Avalicoes))
#11 C:\wamp64\www\MediaConnect\system\CodeIgniter.php(340): CodeIgniter\CodeIgniter->handleRequest(NULL, Object(Config\Cache), false)
#12 C:\wamp64\www\MediaConnect\public\index.php(67): CodeIgniter\CodeIgniter->run()
#13 {main}
ERROR - 2022-09-15 00:40:39 --> mysqli_sql_exception: Table 'mediaconnect_db.tb_avalicao' doesn't exist in C:\wamp64\www\MediaConnect\system\Database\MySQLi\Connection.php:292
Stack trace:
#0 C:\wamp64\www\MediaConnect\system\Database\MySQLi\Connection.php(292): mysqli->query('INSERT INTO `tb...', 0)
#1 C:\wamp64\www\MediaConnect\system\Database\BaseConnection.php(693): CodeIgniter\Database\MySQLi\Connection->execute('INSERT INTO `tb...')
#2 C:\wamp64\www\MediaConnect\system\Database\BaseConnection.php(620): CodeIgniter\Database\BaseConnection->simpleQuery('INSERT INTO `tb...')
#3 C:\wamp64\www\MediaConnect\system\Database\BaseBuilder.php(1916): CodeIgniter\Database\BaseConnection->query('INSERT INTO `tb...', Array, false)
#4 C:\wamp64\www\MediaConnect\system\Model.php(278): CodeIgniter\Database\BaseBuilder->insert()
#5 C:\wamp64\www\MediaConnect\system\BaseModel.php(738): CodeIgniter\Model->doInsert(Array)
#6 C:\wamp64\www\MediaConnect\system\Model.php(666): CodeIgniter\BaseModel->insert(Array, true)
#7 C:\wamp64\www\MediaConnect\app\Models\AvalicaoModel.php(15): CodeIgniter\Model->insert(Array)
#8 C:\wamp64\www\MediaConnect\app\Controllers\Avalicoes.php(15): App\Models\AvalicaoModel->postInserir(Array)
#9 C:\wamp64\www\MediaConnect\system\CodeIgniter.php(898): App\Controllers\Avalicoes->inserir()
#10 C:\wamp64\www\MediaConnect\system\CodeIgniter.php(457): CodeIgniter\CodeIgniter->runController(Object(App\Controllers\Avalicoes))
#11 C:\wamp64\www\MediaConnect\system\CodeIgniter.php(340): CodeIgniter\CodeIgniter->handleRequest(NULL, Object(Config\Cache), false)
#12 C:\wamp64\www\MediaConnect\public\index.php(67): CodeIgniter\CodeIgniter->run()
#13 {main}
ERROR - 2022-09-15 00:41:01 --> mysqli_sql_exception: Table 'mediaconnect_db.tb_avalicao' doesn't exist in C:\wamp64\www\MediaConnect\system\Database\MySQLi\Connection.php:292
Stack trace:
#0 C:\wamp64\www\MediaConnect\system\Database\MySQLi\Connection.php(292): mysqli->query('INSERT INTO `tb...', 0)
#1 C:\wamp64\www\MediaConnect\system\Database\BaseConnection.php(693): CodeIgniter\Database\MySQLi\Connection->execute('INSERT INTO `tb...')
#2 C:\wamp64\www\MediaConnect\system\Database\BaseConnection.php(620): CodeIgniter\Database\BaseConnection->simpleQuery('INSERT INTO `tb...')
#3 C:\wamp64\www\MediaConnect\system\Database\BaseBuilder.php(1916): CodeIgniter\Database\BaseConnection->query('INSERT INTO `tb...', Array, false)
#4 C:\wamp64\www\MediaConnect\system\Model.php(278): CodeIgniter\Database\BaseBuilder->insert()
#5 C:\wamp64\www\MediaConnect\system\BaseModel.php(738): CodeIgniter\Model->doInsert(Array)
#6 C:\wamp64\www\MediaConnect\system\Model.php(666): CodeIgniter\BaseModel->insert(Array, true)
#7 C:\wamp64\www\MediaConnect\app\Models\AvalicaoModel.php(16): CodeIgniter\Model->insert(Array)
#8 C:\wamp64\www\MediaConnect\app\Controllers\Avalicoes.php(15): App\Models\AvalicaoModel->postInserir(Array)
#9 C:\wamp64\www\MediaConnect\system\CodeIgniter.php(898): App\Controllers\Avalicoes->inserir()
#10 C:\wamp64\www\MediaConnect\system\CodeIgniter.php(457): CodeIgniter\CodeIgniter->runController(Object(App\Controllers\Avalicoes))
#11 C:\wamp64\www\MediaConnect\system\CodeIgniter.php(340): CodeIgniter\CodeIgniter->handleRequest(NULL, Object(Config\Cache), false)
#12 C:\wamp64\www\MediaConnect\public\index.php(67): CodeIgniter\CodeIgniter->run()
#13 {main}
ERROR - 2022-09-15 00:44:28 --> mysqli_sql_exception: Table 'mediaconnect_db.tb_avalicao' doesn't exist in C:\wamp64\www\MediaConnect\system\Database\MySQLi\Connection.php:292
Stack trace:
#0 C:\wamp64\www\MediaConnect\system\Database\MySQLi\Connection.php(292): mysqli->query('INSERT INTO `tb...', 0)
#1 C:\wamp64\www\MediaConnect\system\Database\BaseConnection.php(693): CodeIgniter\Database\MySQLi\Connection->execute('INSERT INTO `tb...')
#2 C:\wamp64\www\MediaConnect\system\Database\BaseConnection.php(620): CodeIgniter\Database\BaseConnection->simpleQuery('INSERT INTO `tb...')
#3 C:\wamp64\www\MediaConnect\system\Database\BaseBuilder.php(1916): CodeIgniter\Database\BaseConnection->query('INSERT INTO `tb...', Array, false)
#4 C:\wamp64\www\MediaConnect\system\Model.php(278): CodeIgniter\Database\BaseBuilder->insert()
#5 C:\wamp64\www\MediaConnect\system\BaseModel.php(738): CodeIgniter\Model->doInsert(Array)
#6 C:\wamp64\www\MediaConnect\system\Model.php(666): CodeIgniter\BaseModel->insert(Array, true)
#7 C:\wamp64\www\MediaConnect\app\Models\AvalicaoModel.php(19): CodeIgniter\Model->insert()
#8 C:\wamp64\www\MediaConnect\app\Controllers\Avalicoes.php(15): App\Models\AvalicaoModel->postInserir(Array)
#9 C:\wamp64\www\MediaConnect\system\CodeIgniter.php(898): App\Controllers\Avalicoes->inserir()
#10 C:\wamp64\www\MediaConnect\system\CodeIgniter.php(457): CodeIgniter\CodeIgniter->runController(Object(App\Controllers\Avalicoes))
#11 C:\wamp64\www\MediaConnect\system\CodeIgniter.php(340): CodeIgniter\CodeIgniter->handleRequest(NULL, Object(Config\Cache), false)
#12 C:\wamp64\www\MediaConnect\public\index.php(67): CodeIgniter\CodeIgniter->run()
#13 {main}
ERROR - 2022-09-15 00:44:40 --> mysqli_sql_exception: Table 'mediaconnect_db.tb_avalicao' doesn't exist in C:\wamp64\www\MediaConnect\system\Database\MySQLi\Connection.php:292
Stack trace:
#0 C:\wamp64\www\MediaConnect\system\Database\MySQLi\Connection.php(292): mysqli->query('INSERT INTO `tb...', 0)
#1 C:\wamp64\www\MediaConnect\system\Database\BaseConnection.php(693): CodeIgniter\Database\MySQLi\Connection->execute('INSERT INTO `tb...')
#2 C:\wamp64\www\MediaConnect\system\Database\BaseConnection.php(620): CodeIgniter\Database\BaseConnection->simpleQuery('INSERT INTO `tb...')
#3 C:\wamp64\www\MediaConnect\system\Database\BaseBuilder.php(1916): CodeIgniter\Database\BaseConnection->query('INSERT INTO `tb...', Array, false)
#4 C:\wamp64\www\MediaConnect\system\Model.php(278): CodeIgniter\Database\BaseBuilder->insert()
#5 C:\wamp64\www\MediaConnect\system\BaseModel.php(738): CodeIgniter\Model->doInsert(Array)
#6 C:\wamp64\www\MediaConnect\system\Model.php(666): CodeIgniter\BaseModel->insert(Array, true)
#7 C:\wamp64\www\MediaConnect\app\Models\AvalicaoModel.php(19): CodeIgniter\Model->insert()
#8 C:\wamp64\www\MediaConnect\app\Controllers\Avalicoes.php(15): App\Models\AvalicaoModel->postInserir(Array)
#9 C:\wamp64\www\MediaConnect\system\CodeIgniter.php(898): App\Controllers\Avalicoes->inserir()
#10 C:\wamp64\www\MediaConnect\system\CodeIgniter.php(457): CodeIgniter\CodeIgniter->runController(Object(App\Controllers\Avalicoes))
#11 C:\wamp64\www\MediaConnect\system\CodeIgniter.php(340): CodeIgniter\CodeIgniter->handleRequest(NULL, Object(Config\Cache), false)
#12 C:\wamp64\www\MediaConnect\public\index.php(67): CodeIgniter\CodeIgniter->run()
#13 {main}
ERROR - 2022-09-15 00:48:10 --> mysqli_sql_exception: Table 'mediaconnect_db.tb_avalicao' doesn't exist in C:\wamp64\www\MediaConnect\system\Database\MySQLi\Connection.php:292
Stack trace:
#0 C:\wamp64\www\MediaConnect\system\Database\MySQLi\Connection.php(292): mysqli->query('INSERT INTO `tb...', 0)
#1 C:\wamp64\www\MediaConnect\system\Database\BaseConnection.php(693): CodeIgniter\Database\MySQLi\Connection->execute('INSERT INTO `tb...')
#2 C:\wamp64\www\MediaConnect\system\Database\BaseConnection.php(620): CodeIgniter\Database\BaseConnection->simpleQuery('INSERT INTO `tb...')
#3 C:\wamp64\www\MediaConnect\system\Database\BaseBuilder.php(1916): CodeIgniter\Database\BaseConnection->query('INSERT INTO `tb...', Array, false)
#4 C:\wamp64\www\MediaConnect\system\Model.php(278): CodeIgniter\Database\BaseBuilder->insert()
#5 C:\wamp64\www\MediaConnect\system\BaseModel.php(738): CodeIgniter\Model->doInsert(Array)
#6 C:\wamp64\www\MediaConnect\system\Model.php(666): CodeIgniter\BaseModel->insert(Array, true)
#7 C:\wamp64\www\MediaConnect\app\Models\AvalicaoModel.php(14): CodeIgniter\Model->insert(Array)
#8 C:\wamp64\www\MediaConnect\app\Controllers\Avalicoes.php(15): App\Models\AvalicaoModel->postInserir(Array)
#9 C:\wamp64\www\MediaConnect\system\CodeIgniter.php(898): App\Controllers\Avalicoes->inserir()
#10 C:\wamp64\www\MediaConnect\system\CodeIgniter.php(457): CodeIgniter\CodeIgniter->runController(Object(App\Controllers\Avalicoes))
#11 C:\wamp64\www\MediaConnect\system\CodeIgniter.php(340): CodeIgniter\CodeIgniter->handleRequest(NULL, Object(Config\Cache), false)
#12 C:\wamp64\www\MediaConnect\public\index.php(67): CodeIgniter\CodeIgniter->run()
#13 {main}
ERROR - 2022-09-15 00:48:21 --> mysqli_sql_exception: Table 'mediaconnect_db.tb_avalicao' doesn't exist in C:\wamp64\www\MediaConnect\system\Database\MySQLi\Connection.php:292
Stack trace:
#0 C:\wamp64\www\MediaConnect\system\Database\MySQLi\Connection.php(292): mysqli->query('INSERT INTO `tb...', 0)
#1 C:\wamp64\www\MediaConnect\system\Database\BaseConnection.php(693): CodeIgniter\Database\MySQLi\Connection->execute('INSERT INTO `tb...')
#2 C:\wamp64\www\MediaConnect\system\Database\BaseConnection.php(620): CodeIgniter\Database\BaseConnection->simpleQuery('INSERT INTO `tb...')
#3 C:\wamp64\www\MediaConnect\system\Database\BaseBuilder.php(1916): CodeIgniter\Database\BaseConnection->query('INSERT INTO `tb...', Array, false)
#4 C:\wamp64\www\MediaConnect\system\Model.php(278): CodeIgniter\Database\BaseBuilder->insert()
#5 C:\wamp64\www\MediaConnect\system\BaseModel.php(738): CodeIgniter\Model->doInsert(Array)
#6 C:\wamp64\www\MediaConnect\system\Model.php(666): CodeIgniter\BaseModel->insert(Array, true)
#7 C:\wamp64\www\MediaConnect\app\Models\AvalicaoModel.php(14): CodeIgniter\Model->insert(Array)
#8 C:\wamp64\www\MediaConnect\app\Controllers\Avalicoes.php(15): App\Models\AvalicaoModel->postInserir(Array)
#9 C:\wamp64\www\MediaConnect\system\CodeIgniter.php(898): App\Controllers\Avalicoes->inserir()
#10 C:\wamp64\www\MediaConnect\system\CodeIgniter.php(457): CodeIgniter\CodeIgniter->runController(Object(App\Controllers\Avalicoes))
#11 C:\wamp64\www\MediaConnect\system\CodeIgniter.php(340): CodeIgniter\CodeIgniter->handleRequest(NULL, Object(Config\Cache), false)
#12 C:\wamp64\www\MediaConnect\public\index.php(67): CodeIgniter\CodeIgniter->run()
#13 {main}
ERROR - 2022-09-15 00:49:08 --> mysqli_sql_exception: Table 'mediaconnect_db.tb_avalicao' doesn't exist in C:\wamp64\www\MediaConnect\system\Database\MySQLi\Connection.php:292
Stack trace:
#0 C:\wamp64\www\MediaConnect\system\Database\MySQLi\Connection.php(292): mysqli->query('INSERT INTO `tb...', 0)
#1 C:\wamp64\www\MediaConnect\system\Database\BaseConnection.php(693): CodeIgniter\Database\MySQLi\Connection->execute('INSERT INTO `tb...')
#2 C:\wamp64\www\MediaConnect\system\Database\BaseConnection.php(620): CodeIgniter\Database\BaseConnection->simpleQuery('INSERT INTO `tb...')
#3 C:\wamp64\www\MediaConnect\system\Database\BaseBuilder.php(1916): CodeIgniter\Database\BaseConnection->query('INSERT INTO `tb...', Array, false)
#4 C:\wamp64\www\MediaConnect\system\Model.php(278): CodeIgniter\Database\BaseBuilder->insert()
#5 C:\wamp64\www\MediaConnect\system\BaseModel.php(738): CodeIgniter\Model->doInsert(Array)
#6 C:\wamp64\www\MediaConnect\system\Model.php(666): CodeIgniter\BaseModel->insert(Array, true)
#7 C:\wamp64\www\MediaConnect\app\Models\AvalicaoModel.php(14): CodeIgniter\Model->insert(Array)
#8 C:\wamp64\www\MediaConnect\app\Controllers\Avalicoes.php(15): App\Models\AvalicaoModel->postInserir(Array)
#9 C:\wamp64\www\MediaConnect\system\CodeIgniter.php(898): App\Controllers\Avalicoes->inserir()
#10 C:\wamp64\www\MediaConnect\system\CodeIgniter.php(457): CodeIgniter\CodeIgniter->runController(Object(App\Controllers\Avalicoes))
#11 C:\wamp64\www\MediaConnect\system\CodeIgniter.php(340): CodeIgniter\CodeIgniter->handleRequest(NULL, Object(Config\Cache), false)
#12 C:\wamp64\www\MediaConnect\public\index.php(67): CodeIgniter\CodeIgniter->run()
#13 {main}
ERROR - 2022-09-15 00:49:10 --> mysqli_sql_exception: Table 'mediaconnect_db.tb_avalicao' doesn't exist in C:\wamp64\www\MediaConnect\system\Database\MySQLi\Connection.php:292
Stack trace:
#0 C:\wamp64\www\MediaConnect\system\Database\MySQLi\Connection.php(292): mysqli->query('INSERT INTO `tb...', 0)
#1 C:\wamp64\www\MediaConnect\system\Database\BaseConnection.php(693): CodeIgniter\Database\MySQLi\Connection->execute('INSERT INTO `tb...')
#2 C:\wamp64\www\MediaConnect\system\Database\BaseConnection.php(620): CodeIgniter\Database\BaseConnection->simpleQuery('INSERT INTO `tb...')
#3 C:\wamp64\www\MediaConnect\system\Database\BaseBuilder.php(1916): CodeIgniter\Database\BaseConnection->query('INSERT INTO `tb...', Array, false)
#4 C:\wamp64\www\MediaConnect\system\Model.php(278): CodeIgniter\Database\BaseBuilder->insert()
#5 C:\wamp64\www\MediaConnect\system\BaseModel.php(738): CodeIgniter\Model->doInsert(Array)
#6 C:\wamp64\www\MediaConnect\system\Model.php(666): CodeIgniter\BaseModel->insert(Array, true)
#7 C:\wamp64\www\MediaConnect\app\Models\AvalicaoModel.php(14): CodeIgniter\Model->insert(Array)
#8 C:\wamp64\www\MediaConnect\app\Controllers\Avalicoes.php(15): App\Models\AvalicaoModel->postInserir(Array)
#9 C:\wamp64\www\MediaConnect\system\CodeIgniter.php(898): App\Controllers\Avalicoes->inserir()
#10 C:\wamp64\www\MediaConnect\system\CodeIgniter.php(457): CodeIgniter\CodeIgniter->runController(Object(App\Controllers\Avalicoes))
#11 C:\wamp64\www\MediaConnect\system\CodeIgniter.php(340): CodeIgniter\CodeIgniter->handleRequest(NULL, Object(Config\Cache), false)
#12 C:\wamp64\www\MediaConnect\public\index.php(67): CodeIgniter\CodeIgniter->run()
#13 {main}
ERROR - 2022-09-15 00:49:16 --> mysqli_sql_exception: Table 'mediaconnect_db.tb_avalicao' doesn't exist in C:\wamp64\www\MediaConnect\system\Database\MySQLi\Connection.php:292
Stack trace:
#0 C:\wamp64\www\MediaConnect\system\Database\MySQLi\Connection.php(292): mysqli->query('INSERT INTO `tb...', 0)
#1 C:\wamp64\www\MediaConnect\system\Database\BaseConnection.php(693): CodeIgniter\Database\MySQLi\Connection->execute('INSERT INTO `tb...')
#2 C:\wamp64\www\MediaConnect\system\Database\BaseConnection.php(620): CodeIgniter\Database\BaseConnection->simpleQuery('INSERT INTO `tb...')
#3 C:\wamp64\www\MediaConnect\system\Database\BaseBuilder.php(1916): CodeIgniter\Database\BaseConnection->query('INSERT INTO `tb...', Array, false)
#4 C:\wamp64\www\MediaConnect\system\Model.php(278): CodeIgniter\Database\BaseBuilder->insert()
#5 C:\wamp64\www\MediaConnect\system\BaseModel.php(738): CodeIgniter\Model->doInsert(Array)
#6 C:\wamp64\www\MediaConnect\system\Model.php(666): CodeIgniter\BaseModel->insert(Array, true)
#7 C:\wamp64\www\MediaConnect\app\Models\AvalicaoModel.php(14): CodeIgniter\Model->insert(Array)
#8 C:\wamp64\www\MediaConnect\app\Controllers\Avalicoes.php(15): App\Models\AvalicaoModel->postInserir(Array)
#9 C:\wamp64\www\MediaConnect\system\CodeIgniter.php(898): App\Controllers\Avalicoes->inserir()
#10 C:\wamp64\www\MediaConnect\system\CodeIgniter.php(457): CodeIgniter\CodeIgniter->runController(Object(App\Controllers\Avalicoes))
#11 C:\wamp64\www\MediaConnect\system\CodeIgniter.php(340): CodeIgniter\CodeIgniter->handleRequest(NULL, Object(Config\Cache), false)
#12 C:\wamp64\www\MediaConnect\public\index.php(67): CodeIgniter\CodeIgniter->run()
#13 {main}
ERROR - 2022-09-15 00:49:30 --> mysqli_sql_exception: Table 'mediaconnect_db.tb_avalicao' doesn't exist in C:\wamp64\www\MediaConnect\system\Database\MySQLi\Connection.php:292
Stack trace:
#0 C:\wamp64\www\MediaConnect\system\Database\MySQLi\Connection.php(292): mysqli->query('INSERT INTO `tb...', 0)
#1 C:\wamp64\www\MediaConnect\system\Database\BaseConnection.php(693): CodeIgniter\Database\MySQLi\Connection->execute('INSERT INTO `tb...')
#2 C:\wamp64\www\MediaConnect\system\Database\BaseConnection.php(620): CodeIgniter\Database\BaseConnection->simpleQuery('INSERT INTO `tb...')
#3 C:\wamp64\www\MediaConnect\system\Database\BaseBuilder.php(1916): CodeIgniter\Database\BaseConnection->query('INSERT INTO `tb...', Array, false)
#4 C:\wamp64\www\MediaConnect\system\Model.php(278): CodeIgniter\Database\BaseBuilder->insert()
#5 C:\wamp64\www\MediaConnect\system\BaseModel.php(738): CodeIgniter\Model->doInsert(Array)
#6 C:\wamp64\www\MediaConnect\system\Model.php(666): CodeIgniter\BaseModel->insert(Array, true)
#7 C:\wamp64\www\MediaConnect\app\Models\AvalicaoModel.php(14): CodeIgniter\Model->insert(Array)
#8 C:\wamp64\www\MediaConnect\app\Controllers\Avalicoes.php(15): App\Models\AvalicaoModel->postInserir(Array)
#9 C:\wamp64\www\MediaConnect\system\CodeIgniter.php(898): App\Controllers\Avalicoes->inserir()
#10 C:\wamp64\www\MediaConnect\system\CodeIgniter.php(457): CodeIgniter\CodeIgniter->runController(Object(App\Controllers\Avalicoes))
#11 C:\wamp64\www\MediaConnect\system\CodeIgniter.php(340): CodeIgniter\CodeIgniter->handleRequest(NULL, Object(Config\Cache), false)
#12 C:\wamp64\www\MediaConnect\public\index.php(67): CodeIgniter\CodeIgniter->run()
#13 {main}
ERROR - 2022-09-15 00:49:46 --> mysqli_sql_exception: Table 'mediaconnect_db.tb_avalicao' doesn't exist in C:\wamp64\www\MediaConnect\system\Database\MySQLi\Connection.php:292
Stack trace:
#0 C:\wamp64\www\MediaConnect\system\Database\MySQLi\Connection.php(292): mysqli->query('INSERT INTO `tb...', 0)
#1 C:\wamp64\www\MediaConnect\system\Database\BaseConnection.php(693): CodeIgniter\Database\MySQLi\Connection->execute('INSERT INTO `tb...')
#2 C:\wamp64\www\MediaConnect\system\Database\BaseConnection.php(620): CodeIgniter\Database\BaseConnection->simpleQuery('INSERT INTO `tb...')
#3 C:\wamp64\www\MediaConnect\system\Database\BaseBuilder.php(1916): CodeIgniter\Database\BaseConnection->query('INSERT INTO `tb...', Array, false)
#4 C:\wamp64\www\MediaConnect\system\Model.php(278): CodeIgniter\Database\BaseBuilder->insert()
#5 C:\wamp64\www\MediaConnect\system\BaseModel.php(738): CodeIgniter\Model->doInsert(Array)
#6 C:\wamp64\www\MediaConnect\system\Model.php(666): CodeIgniter\BaseModel->insert(Array, true)
#7 C:\wamp64\www\MediaConnect\app\Models\AvalicaoModel.php(14): CodeIgniter\Model->insert(Array)
#8 C:\wamp64\www\MediaConnect\app\Controllers\Avalicoes.php(15): App\Models\AvalicaoModel->postInserir(Array)
#9 C:\wamp64\www\MediaConnect\system\CodeIgniter.php(898): App\Controllers\Avalicoes->inserir()
#10 C:\wamp64\www\MediaConnect\system\CodeIgniter.php(457): CodeIgniter\CodeIgniter->runController(Object(App\Controllers\Avalicoes))
#11 C:\wamp64\www\MediaConnect\system\CodeIgniter.php(340): CodeIgniter\CodeIgniter->handleRequest(NULL, Object(Config\Cache), false)
#12 C:\wamp64\www\MediaConnect\public\index.php(67): CodeIgniter\CodeIgniter->run()
#13 {main}
CRITICAL - 2022-09-15 00:52:16 --> Class 'App\Models\AvaliacaoModel' not found
in APPPATH\Models\AvalicaoModel.php on line 14.
 1 APPPATH\Controllers\Avalicoes.php(15): App\Models\AvalicaoModel->postInserir([...])
 2 SYSTEMPATH\CodeIgniter.php(898): App\Controllers\Avalicoes->inserir()
 3 SYSTEMPATH\CodeIgniter.php(457): CodeIgniter\CodeIgniter->runController(Object(App\Controllers\Avalicoes))
 4 SYSTEMPATH\CodeIgniter.php(340): CodeIgniter\CodeIgniter->handleRequest(null, Object(Config\Cache), false)
 5 FCPATH\index.php(67): CodeIgniter\CodeIgniter->run()
ERROR - 2022-09-15 00:52:46 --> mysqli_sql_exception: Table 'mediaconnect_db.tb_avalicao' doesn't exist in C:\wamp64\www\MediaConnect\system\Database\MySQLi\Connection.php:292
Stack trace:
#0 C:\wamp64\www\MediaConnect\system\Database\MySQLi\Connection.php(292): mysqli->query('INSERT INTO `tb...', 0)
#1 C:\wamp64\www\MediaConnect\system\Database\BaseConnection.php(693): CodeIgniter\Database\MySQLi\Connection->execute('INSERT INTO `tb...')
#2 C:\wamp64\www\MediaConnect\system\Database\BaseConnection.php(620): CodeIgniter\Database\BaseConnection->simpleQuery('INSERT INTO `tb...')
#3 C:\wamp64\www\MediaConnect\system\Database\BaseBuilder.php(1916): CodeIgniter\Database\BaseConnection->query('INSERT INTO `tb...', Array, false)
#4 C:\wamp64\www\MediaConnect\system\Model.php(278): CodeIgniter\Database\BaseBuilder->insert()
#5 C:\wamp64\www\MediaConnect\system\BaseModel.php(738): CodeIgniter\Model->doInsert(Array)
#6 C:\wamp64\www\MediaConnect\system\Model.php(666): CodeIgniter\BaseModel->insert(Array, true)
#7 C:\wamp64\www\MediaConnect\app\Models\AvalicaoModel.php(14): CodeIgniter\Model->insert(Array)
#8 C:\wamp64\www\MediaConnect\app\Controllers\Avalicoes.php(15): App\Models\AvalicaoModel->postInserir(Array)
#9 C:\wamp64\www\MediaConnect\system\CodeIgniter.php(898): App\Controllers\Avalicoes->inserir()
#10 C:\wamp64\www\MediaConnect\system\CodeIgniter.php(457): CodeIgniter\CodeIgniter->runController(Object(App\Controllers\Avalicoes))
#11 C:\wamp64\www\MediaConnect\system\CodeIgniter.php(340): CodeIgniter\CodeIgniter->handleRequest(NULL, Object(Config\Cache), false)
#12 C:\wamp64\www\MediaConnect\public\index.php(67): CodeIgniter\CodeIgniter->run()
#13 {main}
ERROR - 2022-09-15 00:54:10 --> mysqli_sql_exception: Table 'mediaconnect_db.tb_avalicao' doesn't exist in C:\wamp64\www\MediaConnect\system\Database\MySQLi\Connection.php:292
Stack trace:
#0 C:\wamp64\www\MediaConnect\system\Database\MySQLi\Connection.php(292): mysqli->query('INSERT INTO `tb...', 0)
#1 C:\wamp64\www\MediaConnect\system\Database\BaseConnection.php(693): CodeIgniter\Database\MySQLi\Connection->execute('INSERT INTO `tb...')
#2 C:\wamp64\www\MediaConnect\system\Database\BaseConnection.php(620): CodeIgniter\Database\BaseConnection->simpleQuery('INSERT INTO `tb...')
#3 C:\wamp64\www\MediaConnect\system\Database\BaseBuilder.php(1916): CodeIgniter\Database\BaseConnection->query('INSERT INTO `tb...', Array, false)
#4 C:\wamp64\www\MediaConnect\system\Model.php(278): CodeIgniter\Database\BaseBuilder->insert()
#5 C:\wamp64\www\MediaConnect\system\BaseModel.php(738): CodeIgniter\Model->doInsert(Array)
#6 C:\wamp64\www\MediaConnect\system\Model.php(666): CodeIgniter\BaseModel->insert(Array, true)
#7 C:\wamp64\www\MediaConnect\app\Models\AvalicaoModel.php(15): CodeIgniter\Model->insert(Array)
#8 C:\wamp64\www\MediaConnect\app\Controllers\Avalicoes.php(15): App\Models\AvalicaoModel->postInserir(Array)
#9 C:\wamp64\www\MediaConnect\system\CodeIgniter.php(898): App\Controllers\Avalicoes->inserir()
#10 C:\wamp64\www\MediaConnect\system\CodeIgniter.php(457): CodeIgniter\CodeIgniter->runController(Object(App\Controllers\Avalicoes))
#11 C:\wamp64\www\MediaConnect\system\CodeIgniter.php(340): CodeIgniter\CodeIgniter->handleRequest(NULL, Object(Config\Cache), false)
#12 C:\wamp64\www\MediaConnect\public\index.php(67): CodeIgniter\CodeIgniter->run()
#13 {main}
CRITICAL - 2022-09-15 00:57:51 --> Class 'App\Models\AvaliacaoModel' not found
in APPPATH\Controllers\Avaliacoes.php on line 7.
 1 SYSTEMPATH\CodeIgniter.php(898): App\Controllers\Avaliacoes->inserir()
 2 SYSTEMPATH\CodeIgniter.php(457): CodeIgniter\CodeIgniter->runController(Object(App\Controllers\Avaliacoes))
 3 SYSTEMPATH\CodeIgniter.php(340): CodeIgniter\CodeIgniter->handleRequest(null, Object(Config\Cache), false)
 4 FCPATH\index.php(67): CodeIgniter\CodeIgniter->run()
CRITICAL - 2022-09-15 00:57:54 --> Class 'App\Models\AvaliacaoModel' not found
in APPPATH\Controllers\Avaliacoes.php on line 7.
 1 SYSTEMPATH\CodeIgniter.php(898): App\Controllers\Avaliacoes->inserir()
 2 SYSTEMPATH\CodeIgniter.php(457): CodeIgniter\CodeIgniter->runController(Object(App\Controllers\Avaliacoes))
 3 SYSTEMPATH\CodeIgniter.php(340): CodeIgniter\CodeIgniter->handleRequest(null, Object(Config\Cache), false)
 4 FCPATH\index.php(67): CodeIgniter\CodeIgniter->run()
CRITICAL - 2022-09-15 00:58:42 --> Class 'App\Models\AvaliacaoModel' not found
in APPPATH\Controllers\Avaliacoes.php on line 7.
 1 SYSTEMPATH\CodeIgniter.php(898): App\Controllers\Avaliacoes->inserir()
 2 SYSTEMPATH\CodeIgniter.php(457): CodeIgniter\CodeIgniter->runController(Object(App\Controllers\Avaliacoes))
 3 SYSTEMPATH\CodeIgniter.php(340): CodeIgniter\CodeIgniter->handleRequest(null, Object(Config\Cache), false)
 4 FCPATH\index.php(67): CodeIgniter\CodeIgniter->run()
CRITICAL - 2022-09-15 00:58:58 --> Class 'App\Models\AvaliacaoModel' not found
in APPPATH\Controllers\Avaliacoes.php on line 7.
 1 SYSTEMPATH\CodeIgniter.php(898): App\Controllers\Avaliacoes->inserir()
 2 SYSTEMPATH\CodeIgniter.php(457): CodeIgniter\CodeIgniter->runController(Object(App\Controllers\Avaliacoes))
 3 SYSTEMPATH\CodeIgniter.php(340): CodeIgniter\CodeIgniter->handleRequest(null, Object(Config\Cache), false)
 4 FCPATH\index.php(67): CodeIgniter\CodeIgniter->run()
CRITICAL - 2022-09-15 00:59:02 --> Class 'App\Models\AvaliacaoModel' not found
in APPPATH\Controllers\Avaliacoes.php on line 7.
 1 SYSTEMPATH\CodeIgniter.php(898): App\Controllers\Avaliacoes->inserir()
 2 SYSTEMPATH\CodeIgniter.php(457): CodeIgniter\CodeIgniter->runController(Object(App\Controllers\Avaliacoes))
 3 SYSTEMPATH\CodeIgniter.php(340): CodeIgniter\CodeIgniter->handleRequest(null, Object(Config\Cache), false)
 4 FCPATH\index.php(67): CodeIgniter\CodeIgniter->run()
CRITICAL - 2022-09-15 00:59:15 --> Class 'App\Models\AvaliacaoModel' not found
in APPPATH\Controllers\Avaliacoes.php on line 7.
 1 SYSTEMPATH\CodeIgniter.php(898): App\Controllers\Avaliacoes->inserir()
 2 SYSTEMPATH\CodeIgniter.php(457): CodeIgniter\CodeIgniter->runController(Object(App\Controllers\Avaliacoes))
 3 SYSTEMPATH\CodeIgniter.php(340): CodeIgniter\CodeIgniter->handleRequest(null, Object(Config\Cache), false)
 4 FCPATH\index.php(67): CodeIgniter\CodeIgniter->run()
CRITICAL - 2022-09-15 00:59:17 --> Class 'App\Models\AvaliacaoModel' not found
in APPPATH\Controllers\Avaliacoes.php on line 7.
 1 SYSTEMPATH\CodeIgniter.php(898): App\Controllers\Avaliacoes->inserir()
 2 SYSTEMPATH\CodeIgniter.php(457): CodeIgniter\CodeIgniter->runController(Object(App\Controllers\Avaliacoes))
 3 SYSTEMPATH\CodeIgniter.php(340): CodeIgniter\CodeIgniter->handleRequest(null, Object(Config\Cache), false)
 4 FCPATH\index.php(67): CodeIgniter\CodeIgniter->run()
CRITICAL - 2022-09-15 00:59:17 --> Class 'App\Models\AvaliacaoModel' not found
in APPPATH\Controllers\Avaliacoes.php on line 7.
 1 SYSTEMPATH\CodeIgniter.php(898): App\Controllers\Avaliacoes->inserir()
 2 SYSTEMPATH\CodeIgniter.php(457): CodeIgniter\CodeIgniter->runController(Object(App\Controllers\Avaliacoes))
 3 SYSTEMPATH\CodeIgniter.php(340): CodeIgniter\CodeIgniter->handleRequest(null, Object(Config\Cache), false)
 4 FCPATH\index.php(67): CodeIgniter\CodeIgniter->run()
CRITICAL - 2022-09-15 00:59:17 --> Class 'App\Models\AvaliacaoModel' not found
in APPPATH\Controllers\Avaliacoes.php on line 7.
 1 SYSTEMPATH\CodeIgniter.php(898): App\Controllers\Avaliacoes->inserir()
 2 SYSTEMPATH\CodeIgniter.php(457): CodeIgniter\CodeIgniter->runController(Object(App\Controllers\Avaliacoes))
 3 SYSTEMPATH\CodeIgniter.php(340): CodeIgniter\CodeIgniter->handleRequest(null, Object(Config\Cache), false)
 4 FCPATH\index.php(67): CodeIgniter\CodeIgniter->run()
CRITICAL - 2022-09-15 00:59:18 --> Class 'App\Models\AvaliacaoModel' not found
in APPPATH\Controllers\Avaliacoes.php on line 7.
 1 SYSTEMPATH\CodeIgniter.php(898): App\Controllers\Avaliacoes->inserir()
 2 SYSTEMPATH\CodeIgniter.php(457): CodeIgniter\CodeIgniter->runController(Object(App\Controllers\Avaliacoes))
 3 SYSTEMPATH\CodeIgniter.php(340): CodeIgniter\CodeIgniter->handleRequest(null, Object(Config\Cache), false)
 4 FCPATH\index.php(67): CodeIgniter\CodeIgniter->run()
CRITICAL - 2022-09-15 00:59:18 --> Class 'App\Models\AvaliacaoModel' not found
in APPPATH\Controllers\Avaliacoes.php on line 7.
 1 SYSTEMPATH\CodeIgniter.php(898): App\Controllers\Avaliacoes->inserir()
 2 SYSTEMPATH\CodeIgniter.php(457): CodeIgniter\CodeIgniter->runController(Object(App\Controllers\Avaliacoes))
 3 SYSTEMPATH\CodeIgniter.php(340): CodeIgniter\CodeIgniter->handleRequest(null, Object(Config\Cache), false)
 4 FCPATH\index.php(67): CodeIgniter\CodeIgniter->run()
CRITICAL - 2022-09-15 00:59:18 --> Class 'App\Models\AvaliacaoModel' not found
in APPPATH\Controllers\Avaliacoes.php on line 7.
 1 SYSTEMPATH\CodeIgniter.php(898): App\Controllers\Avaliacoes->inserir()
 2 SYSTEMPATH\CodeIgniter.php(457): CodeIgniter\CodeIgniter->runController(Object(App\Controllers\Avaliacoes))
 3 SYSTEMPATH\CodeIgniter.php(340): CodeIgniter\CodeIgniter->handleRequest(null, Object(Config\Cache), false)
 4 FCPATH\index.php(67): CodeIgniter\CodeIgniter->run()
CRITICAL - 2022-09-15 00:59:19 --> Class 'App\Models\AvaliacaoModel' not found
in APPPATH\Controllers\Avaliacoes.php on line 7.
 1 SYSTEMPATH\CodeIgniter.php(898): App\Controllers\Avaliacoes->inserir()
 2 SYSTEMPATH\CodeIgniter.php(457): CodeIgniter\CodeIgniter->runController(Object(App\Controllers\Avaliacoes))
 3 SYSTEMPATH\CodeIgniter.php(340): CodeIgniter\CodeIgniter->handleRequest(null, Object(Config\Cache), false)
 4 FCPATH\index.php(67): CodeIgniter\CodeIgniter->run()
CRITICAL - 2022-09-15 01:00:31 --> Class 'App\Models\AvaliacaoModel' not found
in APPPATH\Controllers\Avaliacoes.php on line 7.
 1 SYSTEMPATH\CodeIgniter.php(898): App\Controllers\Avaliacoes->inserir()
 2 SYSTEMPATH\CodeIgniter.php(457): CodeIgniter\CodeIgniter->runController(Object(App\Controllers\Avaliacoes))
 3 SYSTEMPATH\CodeIgniter.php(340): CodeIgniter\CodeIgniter->handleRequest(null, Object(Config\Cache), false)
 4 FCPATH\index.php(67): CodeIgniter\CodeIgniter->run()
CRITICAL - 2022-09-15 01:01:10 --> Class 'App\Models\AvaliacaoModel' not found
in APPPATH\Controllers\Avaliacoes.php on line 7.
 1 SYSTEMPATH\CodeIgniter.php(898): App\Controllers\Avaliacoes->inserir()
 2 SYSTEMPATH\CodeIgniter.php(457): CodeIgniter\CodeIgniter->runController(Object(App\Controllers\Avaliacoes))
 3 SYSTEMPATH\CodeIgniter.php(340): CodeIgniter\CodeIgniter->handleRequest(null, Object(Config\Cache), false)
 4 FCPATH\index.php(67): CodeIgniter\CodeIgniter->run()
CRITICAL - 2022-09-15 01:01:27 --> Class 'App\Models\AvaliacaoModel' not found
in APPPATH\Controllers\Avaliacoes.php on line 7.
 1 SYSTEMPATH\CodeIgniter.php(898): App\Controllers\Avaliacoes->inserir()
 2 SYSTEMPATH\CodeIgniter.php(457): CodeIgniter\CodeIgniter->runController(Object(App\Controllers\Avaliacoes))
 3 SYSTEMPATH\CodeIgniter.php(340): CodeIgniter\CodeIgniter->handleRequest(null, Object(Config\Cache), false)
 4 FCPATH\index.php(67): CodeIgniter\CodeIgniter->run()
CRITICAL - 2022-09-15 01:02:42 --> Class 'App\Models\AvaliacaoModel' not found
in APPPATH\Controllers\Avaliacoes.php on line 7.
 1 SYSTEMPATH\CodeIgniter.php(898): App\Controllers\Avaliacoes->inserir()
 2 SYSTEMPATH\CodeIgniter.php(457): CodeIgniter\CodeIgniter->runController(Object(App\Controllers\Avaliacoes))
 3 SYSTEMPATH\CodeIgniter.php(340): CodeIgniter\CodeIgniter->handleRequest(null, Object(Config\Cache), false)
 4 FCPATH\index.php(67): CodeIgniter\CodeIgniter->run()
CRITICAL - 2022-09-15 01:19:21 --> Call to undefined method App\Models\AvaliacaoModel::findCollunm
in SYSTEMPATH\Model.php on line 773.
 1 APPPATH\Models\AnuncioModel.php(267): CodeIgniter\Model->__call('findCollunm', [...])
 2 APPPATH\Models\AvaliacaoModel.php(17): App\Models\AnuncioModel->updateAvaliacao(1)
 3 APPPATH\Controllers\Avaliacoes.php(14): App\Models\AvaliacaoModel->postInserir([...])
 4 SYSTEMPATH\CodeIgniter.php(898): App\Controllers\Avaliacoes->inserir()
 5 SYSTEMPATH\CodeIgniter.php(457): CodeIgniter\CodeIgniter->runController(Object(App\Controllers\Avaliacoes))
 6 SYSTEMPATH\CodeIgniter.php(340): CodeIgniter\CodeIgniter->handleRequest(null, Object(Config\Cache), false)
 7 FCPATH\index.php(67): CodeIgniter\CodeIgniter->run()
CRITICAL - 2022-09-15 01:19:36 --> Call to undefined method App\Models\AvaliacaoModel::findCollunm
in SYSTEMPATH\Model.php on line 773.
 1 APPPATH\Models\AnuncioModel.php(267): CodeIgniter\Model->__call('findCollunm', [...])
 2 APPPATH\Models\AvaliacaoModel.php(17): App\Models\AnuncioModel->updateAvaliacao(1)
 3 APPPATH\Controllers\Avaliacoes.php(14): App\Models\AvaliacaoModel->postInserir([...])
 4 SYSTEMPATH\CodeIgniter.php(898): App\Controllers\Avaliacoes->inserir()
 5 SYSTEMPATH\CodeIgniter.php(457): CodeIgniter\CodeIgniter->runController(Object(App\Controllers\Avaliacoes))
 6 SYSTEMPATH\CodeIgniter.php(340): CodeIgniter\CodeIgniter->handleRequest(null, Object(Config\Cache), false)
 7 FCPATH\index.php(67): CodeIgniter\CodeIgniter->run()
CRITICAL - 2022-09-15 01:21:27 --> Call to undefined method App\Models\AvaliacaoModel::findCollunm
in SYSTEMPATH\Model.php on line 773.
 1 APPPATH\Models\AnuncioModel.php(267): CodeIgniter\Model->__call('findCollunm', [...])
 2 APPPATH\Models\AvaliacaoModel.php(17): App\Models\AnuncioModel->updateAvaliacao(1)
 3 APPPATH\Controllers\Avaliacoes.php(14): App\Models\AvaliacaoModel->postInserir([...])
 4 SYSTEMPATH\CodeIgniter.php(898): App\Controllers\Avaliacoes->inserir()
 5 SYSTEMPATH\CodeIgniter.php(457): CodeIgniter\CodeIgniter->runController(Object(App\Controllers\Avaliacoes))
 6 SYSTEMPATH\CodeIgniter.php(340): CodeIgniter\CodeIgniter->handleRequest(null, Object(Config\Cache), false)
 7 FCPATH\index.php(67): CodeIgniter\CodeIgniter->run()
CRITICAL - 2022-09-15 01:26:39 --> Wrong parameter count for var_dump()
in APPPATH\Models\AnuncioModel.php on line 268.
 1 [internal function]: CodeIgniter\Debug\Exceptions->errorHandler(2, 'Wrong parameter count for var_dump()', 'APPPATH\\Models\\AnuncioModel.php', 268, [...])
 2 APPPATH\Models\AnuncioModel.php(268): var_dump()
 3 APPPATH\Models\AvaliacaoModel.php(17): App\Models\AnuncioModel->updateAvaliacao(1)
 4 APPPATH\Controllers\Avaliacoes.php(14): App\Models\AvaliacaoModel->postInserir([...])
 5 SYSTEMPATH\CodeIgniter.php(898): App\Controllers\Avaliacoes->inserir()
 6 SYSTEMPATH\CodeIgniter.php(457): CodeIgniter\CodeIgniter->runController(Object(App\Controllers\Avaliacoes))
 7 SYSTEMPATH\CodeIgniter.php(340): CodeIgniter\CodeIgniter->handleRequest(null, Object(Config\Cache), false)
 8 FCPATH\index.php(67): CodeIgniter\CodeIgniter->run()
ERROR - 2022-09-15 01:30:17 --> mysqli_sql_exception: No tables used in C:\wamp64\www\MediaConnect\system\Database\MySQLi\Connection.php:292
Stack trace:
#0 C:\wamp64\www\MediaConnect\system\Database\MySQLi\Connection.php(292): mysqli->query('SELECT *', 0)
#1 C:\wamp64\www\MediaConnect\system\Database\BaseConnection.php(693): CodeIgniter\Database\MySQLi\Connection->execute('SELECT *')
#2 C:\wamp64\www\MediaConnect\system\Database\BaseConnection.php(620): CodeIgniter\Database\BaseConnection->simpleQuery('SELECT *')
#3 C:\wamp64\www\MediaConnect\system\Model.php(767): CodeIgniter\Database\BaseConnection->query('SELECT *')
#4 C:\wamp64\www\MediaConnect\app\Models\AnuncioModel.php(267): CodeIgniter\Model->__call('query', Array)
#5 C:\wamp64\www\MediaConnect\app\Models\AvaliacaoModel.php(17): App\Models\AnuncioModel->updateAvaliacao(1)
#6 C:\wamp64\www\MediaConnect\app\Controllers\Avaliacoes.php(14): App\Models\AvaliacaoModel->postInserir(Array)
#7 C:\wamp64\www\MediaConnect\system\CodeIgniter.php(898): App\Controllers\Avaliacoes->inserir()
#8 C:\wamp64\www\MediaConnect\system\CodeIgniter.php(457): CodeIgniter\CodeIgniter->runController(Object(App\Controllers\Avaliacoes))
#9 C:\wamp64\www\MediaConnect\system\CodeIgniter.php(340): CodeIgniter\CodeIgniter->handleRequest(NULL, Object(Config\Cache), false)
#10 C:\wamp64\www\MediaConnect\public\index.php(67): CodeIgniter\CodeIgniter->run()
#11 {main}
CRITICAL - 2022-09-15 01:59:41 --> is_nan() expects parameter 1 to be float, string given
in APPPATH\Controllers\Avaliacoes.php on line 18.
 1 [internal function]: CodeIgniter\Debug\Exceptions->errorHandler(2, 'is_nan() expects parameter 1 to be float, string given', 'APPPATH\\Controllers\\Avaliacoes.php', 18, [...])
 2 APPPATH\Controllers\Avaliacoes.php(18): is_nan('ROOTPATH\\public')
 3 SYSTEMPATH\CodeIgniter.php(898): App\Controllers\Avaliacoes->editar()
 4 SYSTEMPATH\CodeIgniter.php(457): CodeIgniter\CodeIgniter->runController(Object(App\Controllers\Avaliacoes))
 5 SYSTEMPATH\CodeIgniter.php(340): CodeIgniter\CodeIgniter->handleRequest(null, Object(Config\Cache), false)
 6 FCPATH\index.php(67): CodeIgniter\CodeIgniter->run()
CRITICAL - 2022-09-15 02:01:24 --> is_nan() expects parameter 1 to be float, string given
in APPPATH\Controllers\Avaliacoes.php on line 18.
 1 [internal function]: CodeIgniter\Debug\Exceptions->errorHandler(2, 'is_nan() expects parameter 1 to be float, string given', 'APPPATH\\Controllers\\Avaliacoes.php', 18, [...])
 2 APPPATH\Controllers\Avaliacoes.php(18): is_nan('ROOTPATH\\public')
 3 SYSTEMPATH\CodeIgniter.php(898): App\Controllers\Avaliacoes->editar()
 4 SYSTEMPATH\CodeIgniter.php(457): CodeIgniter\CodeIgniter->runController(Object(App\Controllers\Avaliacoes))
 5 SYSTEMPATH\CodeIgniter.php(340): CodeIgniter\CodeIgniter->handleRequest(null, Object(Config\Cache), false)
 6 FCPATH\index.php(67): CodeIgniter\CodeIgniter->run()
CRITICAL - 2022-09-15 02:02:33 --> is_nan() expects parameter 1 to be float, string given
in APPPATH\Controllers\Avaliacoes.php on line 19.
 1 [internal function]: CodeIgniter\Debug\Exceptions->errorHandler(2, 'is_nan() expects parameter 1 to be float, string given', 'APPPATH\\Controllers\\Avaliacoes.php', 19, [...])
 2 APPPATH\Controllers\Avaliacoes.php(19): is_nan('ROOTPATH\\public')
 3 SYSTEMPATH\CodeIgniter.php(898): App\Controllers\Avaliacoes->editar()
 4 SYSTEMPATH\CodeIgniter.php(457): CodeIgniter\CodeIgniter->runController(Object(App\Controllers\Avaliacoes))
 5 SYSTEMPATH\CodeIgniter.php(340): CodeIgniter\CodeIgniter->handleRequest(null, Object(Config\Cache), false)
 6 FCPATH\index.php(67): CodeIgniter\CodeIgniter->run()
CRITICAL - 2022-09-15 02:02:56 --> is_nan() expects parameter 1 to be float, string given
in APPPATH\Controllers\Avaliacoes.php on line 18.
 1 [internal function]: CodeIgniter\Debug\Exceptions->errorHandler(2, 'is_nan() expects parameter 1 to be float, string given', 'APPPATH\\Controllers\\Avaliacoes.php', 18, [...])
 2 APPPATH\Controllers\Avaliacoes.php(18): is_nan('ROOTPATH\\public')
 3 SYSTEMPATH\CodeIgniter.php(898): App\Controllers\Avaliacoes->editar()
 4 SYSTEMPATH\CodeIgniter.php(457): CodeIgniter\CodeIgniter->runController(Object(App\Controllers\Avaliacoes))
 5 SYSTEMPATH\CodeIgniter.php(340): CodeIgniter\CodeIgniter->handleRequest(null, Object(Config\Cache), false)
 6 FCPATH\index.php(67): CodeIgniter\CodeIgniter->run()
CRITICAL - 2022-09-15 02:03:11 --> is_nan() expects parameter 1 to be float, string given
in APPPATH\Controllers\Avaliacoes.php on line 18.
 1 [internal function]: CodeIgniter\Debug\Exceptions->errorHandler(2, 'is_nan() expects parameter 1 to be float, string given', 'APPPATH\\Controllers\\Avaliacoes.php', 18, [...])
 2 APPPATH\Controllers\Avaliacoes.php(18): is_nan('ROOTPATH\\public')
 3 SYSTEMPATH\CodeIgniter.php(898): App\Controllers\Avaliacoes->editar()
 4 SYSTEMPATH\CodeIgniter.php(457): CodeIgniter\CodeIgniter->runController(Object(App\Controllers\Avaliacoes))
 5 SYSTEMPATH\CodeIgniter.php(340): CodeIgniter\CodeIgniter->handleRequest(null, Object(Config\Cache), false)
 6 FCPATH\index.php(67): CodeIgniter\CodeIgniter->run()
CRITICAL - 2022-09-15 02:03:11 --> is_nan() expects parameter 1 to be float, string given
in APPPATH\Controllers\Avaliacoes.php on line 18.
 1 [internal function]: CodeIgniter\Debug\Exceptions->errorHandler(2, 'is_nan() expects parameter 1 to be float, string given', 'APPPATH\\Controllers\\Avaliacoes.php', 18, [...])
 2 APPPATH\Controllers\Avaliacoes.php(18): is_nan('ROOTPATH\\public')
 3 SYSTEMPATH\CodeIgniter.php(898): App\Controllers\Avaliacoes->editar()
 4 SYSTEMPATH\CodeIgniter.php(457): CodeIgniter\CodeIgniter->runController(Object(App\Controllers\Avaliacoes))
 5 SYSTEMPATH\CodeIgniter.php(340): CodeIgniter\CodeIgniter->handleRequest(null, Object(Config\Cache), false)
 6 FCPATH\index.php(67): CodeIgniter\CodeIgniter->run()
CRITICAL - 2022-09-15 02:03:12 --> is_nan() expects parameter 1 to be float, string given
in APPPATH\Controllers\Avaliacoes.php on line 18.
 1 [internal function]: CodeIgniter\Debug\Exceptions->errorHandler(2, 'is_nan() expects parameter 1 to be float, string given', 'APPPATH\\Controllers\\Avaliacoes.php', 18, [...])
 2 APPPATH\Controllers\Avaliacoes.php(18): is_nan('ROOTPATH\\public')
 3 SYSTEMPATH\CodeIgniter.php(898): App\Controllers\Avaliacoes->editar()
 4 SYSTEMPATH\CodeIgniter.php(457): CodeIgniter\CodeIgniter->runController(Object(App\Controllers\Avaliacoes))
 5 SYSTEMPATH\CodeIgniter.php(340): CodeIgniter\CodeIgniter->handleRequest(null, Object(Config\Cache), false)
 6 FCPATH\index.php(67): CodeIgniter\CodeIgniter->run()
CRITICAL - 2022-09-15 02:03:20 --> is_nan() expects parameter 1 to be float, string given
in APPPATH\Controllers\Avaliacoes.php on line 18.
 1 [internal function]: CodeIgniter\Debug\Exceptions->errorHandler(2, 'is_nan() expects parameter 1 to be float, string given', 'APPPATH\\Controllers\\Avaliacoes.php', 18, [...])
 2 APPPATH\Controllers\Avaliacoes.php(18): is_nan('ROOTPATH\\public')
 3 SYSTEMPATH\CodeIgniter.php(898): App\Controllers\Avaliacoes->editar()
 4 SYSTEMPATH\CodeIgniter.php(457): CodeIgniter\CodeIgniter->runController(Object(App\Controllers\Avaliacoes))
 5 SYSTEMPATH\CodeIgniter.php(340): CodeIgniter\CodeIgniter->handleRequest(null, Object(Config\Cache), false)
 6 FCPATH\index.php(67): CodeIgniter\CodeIgniter->run()
CRITICAL - 2022-09-15 02:04:03 --> is_nan() expects parameter 1 to be float, string given
in APPPATH\Controllers\Avaliacoes.php on line 18.
 1 [internal function]: CodeIgniter\Debug\Exceptions->errorHandler(2, 'is_nan() expects parameter 1 to be float, string given', 'APPPATH\\Controllers\\Avaliacoes.php', 18, [...])
 2 APPPATH\Controllers\Avaliacoes.php(18): is_nan('ROOTPATH\\public')
 3 SYSTEMPATH\CodeIgniter.php(898): App\Controllers\Avaliacoes->editar()
 4 SYSTEMPATH\CodeIgniter.php(457): CodeIgniter\CodeIgniter->runController(Object(App\Controllers\Avaliacoes))
 5 SYSTEMPATH\CodeIgniter.php(340): CodeIgniter\CodeIgniter->handleRequest(null, Object(Config\Cache), false)
 6 FCPATH\index.php(67): CodeIgniter\CodeIgniter->run()
CRITICAL - 2022-09-15 02:04:12 --> is_nan() expects parameter 1 to be float, string given
in APPPATH\Controllers\Avaliacoes.php on line 18.
 1 [internal function]: CodeIgniter\Debug\Exceptions->errorHandler(2, 'is_nan() expects parameter 1 to be float, string given', 'APPPATH\\Controllers\\Avaliacoes.php', 18, [...])
 2 APPPATH\Controllers\Avaliacoes.php(18): is_nan('dad')
 3 SYSTEMPATH\CodeIgniter.php(898): App\Controllers\Avaliacoes->editar()
 4 SYSTEMPATH\CodeIgniter.php(457): CodeIgniter\CodeIgniter->runController(Object(App\Controllers\Avaliacoes))
 5 SYSTEMPATH\CodeIgniter.php(340): CodeIgniter\CodeIgniter->handleRequest(null, Object(Config\Cache), false)
 6 FCPATH\index.php(67): CodeIgniter\CodeIgniter->run()
CRITICAL - 2022-09-15 02:04:23 --> is_nan() expects parameter 1 to be float, string given
in APPPATH\Controllers\Avaliacoes.php on line 18.
 1 [internal function]: CodeIgniter\Debug\Exceptions->errorHandler(2, 'is_nan() expects parameter 1 to be float, string given', 'APPPATH\\Controllers\\Avaliacoes.php', 18, [...])
 2 APPPATH\Controllers\Avaliacoes.php(18): is_nan('dad')
 3 SYSTEMPATH\CodeIgniter.php(898): App\Controllers\Avaliacoes->editar()
 4 SYSTEMPATH\CodeIgniter.php(457): CodeIgniter\CodeIgniter->runController(Object(App\Controllers\Avaliacoes))
 5 SYSTEMPATH\CodeIgniter.php(340): CodeIgniter\CodeIgniter->handleRequest(null, Object(Config\Cache), false)
 6 FCPATH\index.php(67): CodeIgniter\CodeIgniter->run()
CRITICAL - 2022-09-15 02:04:44 --> is_nan() expects parameter 1 to be float, string given
in APPPATH\Controllers\Avaliacoes.php on line 18.
 1 [internal function]: CodeIgniter\Debug\Exceptions->errorHandler(2, 'is_nan() expects parameter 1 to be float, string given', 'APPPATH\\Controllers\\Avaliacoes.php', 18, [...])
 2 APPPATH\Controllers\Avaliacoes.php(18): is_nan('dads')
 3 SYSTEMPATH\CodeIgniter.php(898): App\Controllers\Avaliacoes->editar()
 4 SYSTEMPATH\CodeIgniter.php(457): CodeIgniter\CodeIgniter->runController(Object(App\Controllers\Avaliacoes))
 5 SYSTEMPATH\CodeIgniter.php(340): CodeIgniter\CodeIgniter->handleRequest(null, Object(Config\Cache), false)
 6 FCPATH\index.php(67): CodeIgniter\CodeIgniter->run()
CRITICAL - 2022-09-15 02:05:50 --> is_nan() expects parameter 1 to be float, string given
in APPPATH\Controllers\Avaliacoes.php on line 18.
 1 [internal function]: CodeIgniter\Debug\Exceptions->errorHandler(2, 'is_nan() expects parameter 1 to be float, string given', 'APPPATH\\Controllers\\Avaliacoes.php', 18, [...])
 2 APPPATH\Controllers\Avaliacoes.php(18): is_nan('dsada')
 3 SYSTEMPATH\CodeIgniter.php(898): App\Controllers\Avaliacoes->editar()
 4 SYSTEMPATH\CodeIgniter.php(457): CodeIgniter\CodeIgniter->runController(Object(App\Controllers\Avaliacoes))
 5 SYSTEMPATH\CodeIgniter.php(340): CodeIgniter\CodeIgniter->handleRequest(null, Object(Config\Cache), false)
 6 FCPATH\index.php(67): CodeIgniter\CodeIgniter->run()
CRITICAL - 2022-09-15 02:07:05 --> is_nan() expects parameter 1 to be float, string given
in APPPATH\Controllers\Avaliacoes.php on line 18.
 1 [internal function]: CodeIgniter\Debug\Exceptions->errorHandler(2, 'is_nan() expects parameter 1 to be float, string given', 'APPPATH\\Controllers\\Avaliacoes.php', 18, [...])
 2 APPPATH\Controllers\Avaliacoes.php(18): is_nan('dada')
 3 SYSTEMPATH\CodeIgniter.php(898): App\Controllers\Avaliacoes->editar()
 4 SYSTEMPATH\CodeIgniter.php(457): CodeIgniter\CodeIgniter->runController(Object(App\Controllers\Avaliacoes))
 5 SYSTEMPATH\CodeIgniter.php(340): CodeIgniter\CodeIgniter->handleRequest(null, Object(Config\Cache), false)
 6 FCPATH\index.php(67): CodeIgniter\CodeIgniter->run()
CRITICAL - 2022-09-15 02:07:23 --> is_nan() expects parameter 1 to be float, string given
in APPPATH\Controllers\Avaliacoes.php on line 18.
 1 [internal function]: CodeIgniter\Debug\Exceptions->errorHandler(2, 'is_nan() expects parameter 1 to be float, string given', 'APPPATH\\Controllers\\Avaliacoes.php', 18, [...])
 2 APPPATH\Controllers\Avaliacoes.php(18): is_nan('dada')
 3 SYSTEMPATH\CodeIgniter.php(898): App\Controllers\Avaliacoes->editar()
 4 SYSTEMPATH\CodeIgniter.php(457): CodeIgniter\CodeIgniter->runController(Object(App\Controllers\Avaliacoes))
 5 SYSTEMPATH\CodeIgniter.php(340): CodeIgniter\CodeIgniter->handleRequest(null, Object(Config\Cache), false)
 6 FCPATH\index.php(67): CodeIgniter\CodeIgniter->run()
CRITICAL - 2022-09-15 02:08:18 --> is_nan() expects parameter 1 to be float, string given
in APPPATH\Controllers\Avaliacoes.php on line 18.
 1 [internal function]: CodeIgniter\Debug\Exceptions->errorHandler(2, 'is_nan() expects parameter 1 to be float, string given', 'APPPATH\\Controllers\\Avaliacoes.php', 18, [...])
 2 APPPATH\Controllers\Avaliacoes.php(18): is_nan('dada')
 3 SYSTEMPATH\CodeIgniter.php(898): App\Controllers\Avaliacoes->editar()
 4 SYSTEMPATH\CodeIgniter.php(457): CodeIgniter\CodeIgniter->runController(Object(App\Controllers\Avaliacoes))
 5 SYSTEMPATH\CodeIgniter.php(340): CodeIgniter\CodeIgniter->handleRequest(null, Object(Config\Cache), false)
 6 FCPATH\index.php(67): CodeIgniter\CodeIgniter->run()
CRITICAL - 2022-09-15 02:10:32 --> is_nan() expects parameter 1 to be float, string given
in APPPATH\Controllers\Avaliacoes.php on line 18.
 1 [internal function]: CodeIgniter\Debug\Exceptions->errorHandler(2, 'is_nan() expects parameter 1 to be float, string given', 'APPPATH\\Controllers\\Avaliacoes.php', 18, [...])
 2 APPPATH\Controllers\Avaliacoes.php(18): is_nan('dad')
 3 SYSTEMPATH\CodeIgniter.php(898): App\Controllers\Avaliacoes->editar()
 4 SYSTEMPATH\CodeIgniter.php(457): CodeIgniter\CodeIgniter->runController(Object(App\Controllers\Avaliacoes))
 5 SYSTEMPATH\CodeIgniter.php(340): CodeIgniter\CodeIgniter->handleRequest(null, Object(Config\Cache), false)
 6 FCPATH\index.php(67): CodeIgniter\CodeIgniter->run()
CRITICAL - 2022-09-15 02:24:15 --> Call to a member function updateAvaliacao() on null
in APPPATH\Models\AvaliacaoModel.php on line 67.
 1 APPPATH\Controllers\Avaliacoes.php(22): App\Models\AvaliacaoModel->postEditar('28', '2', 2)
 2 SYSTEMPATH\CodeIgniter.php(898): App\Controllers\Avaliacoes->editar()
 3 SYSTEMPATH\CodeIgniter.php(457): CodeIgniter\CodeIgniter->runController(Object(App\Controllers\Avaliacoes))
 4 SYSTEMPATH\CodeIgniter.php(340): CodeIgniter\CodeIgniter->handleRequest(null, Object(Config\Cache), false)
 5 FCPATH\index.php(67): CodeIgniter\CodeIgniter->run()
CRITICAL - 2022-09-15 02:24:50 --> Call to a member function updateAvaliacao() on null
in APPPATH\Models\AvaliacaoModel.php on line 67.
 1 APPPATH\Controllers\Avaliacoes.php(22): App\Models\AvaliacaoModel->postEditar('28', '2', 5)
 2 SYSTEMPATH\CodeIgniter.php(898): App\Controllers\Avaliacoes->editar()
 3 SYSTEMPATH\CodeIgniter.php(457): CodeIgniter\CodeIgniter->runController(Object(App\Controllers\Avaliacoes))
 4 SYSTEMPATH\CodeIgniter.php(340): CodeIgniter\CodeIgniter->handleRequest(null, Object(Config\Cache), false)
 5 FCPATH\index.php(67): CodeIgniter\CodeIgniter->run()
CRITICAL - 2022-09-15 02:26:06 --> Call to a member function updateAvaliacao() on null
in APPPATH\Models\AvaliacaoModel.php on line 88.
 1 APPPATH\Controllers\Avaliacoes.php(29): App\Models\AvaliacaoModel->postEditar('28', '2', 'Nem curti n paizo')
 2 SYSTEMPATH\CodeIgniter.php(898): App\Controllers\Avaliacoes->editar()
 3 SYSTEMPATH\CodeIgniter.php(457): CodeIgniter\CodeIgniter->runController(Object(App\Controllers\Avaliacoes))
 4 SYSTEMPATH\CodeIgniter.php(340): CodeIgniter\CodeIgniter->handleRequest(null, Object(Config\Cache), false)
 5 FCPATH\index.php(67): CodeIgniter\CodeIgniter->run()
CRITICAL - 2022-09-15 03:14:30 --> array_sum() expects parameter 1 to be array, null given
in APPPATH\Models\AnuncioModel.php on line 268.
 1 [internal function]: CodeIgniter\Debug\Exceptions->errorHandler(2, 'array_sum() expects parameter 1 to be array, null given', 'APPPATH\\Models\\AnuncioModel.php', 268, [...])
 2 APPPATH\Models\AnuncioModel.php(268): array_sum(null)
 3 APPPATH\Models\AvaliacaoModel.php(111): App\Models\AnuncioModel->updateAvaliacao('1')
 4 APPPATH\Controllers\Avaliacoes.php(37): App\Models\AvaliacaoModel->postDelete('26', '2')
 5 SYSTEMPATH\CodeIgniter.php(898): App\Controllers\Avaliacoes->excluir()
 6 SYSTEMPATH\CodeIgniter.php(457): CodeIgniter\CodeIgniter->runController(Object(App\Controllers\Avaliacoes))
 7 SYSTEMPATH\CodeIgniter.php(340): CodeIgniter\CodeIgniter->handleRequest(null, Object(Config\Cache), false)
 8 FCPATH\index.php(67): CodeIgniter\CodeIgniter->run()
CRITICAL - 2022-09-15 03:16:37 --> count(): Parameter must be an array or an object that implements Countable
in APPPATH\Models\AnuncioModel.php on line 268.
 1 [internal function]: CodeIgniter\Debug\Exceptions->errorHandler(2, 'count(): Parameter must be an array or an object that implements Countable', 'APPPATH\\Models\\AnuncioModel.php', 268, [...])
 2 APPPATH\Models\AnuncioModel.php(268): count(null)
 3 APPPATH\Models\AvaliacaoModel.php(111): App\Models\AnuncioModel->updateAvaliacao('1')
 4 APPPATH\Controllers\Avaliacoes.php(37): App\Models\AvaliacaoModel->postDelete('29', '2')
 5 SYSTEMPATH\CodeIgniter.php(898): App\Controllers\Avaliacoes->excluir()
 6 SYSTEMPATH\CodeIgniter.php(457): CodeIgniter\CodeIgniter->runController(Object(App\Controllers\Avaliacoes))
 7 SYSTEMPATH\CodeIgniter.php(340): CodeIgniter\CodeIgniter->handleRequest(null, Object(Config\Cache), false)
 8 FCPATH\index.php(67): CodeIgniter\CodeIgniter->run()
CRITICAL - 2022-09-15 03:17:22 --> array_sum() expects parameter 1 to be array, null given
in APPPATH\Models\AnuncioModel.php on line 269.
 1 [internal function]: CodeIgniter\Debug\Exceptions->errorHandler(2, 'array_sum() expects parameter 1 to be array, null given', 'APPPATH\\Models\\AnuncioModel.php', 269, [...])
 2 APPPATH\Models\AnuncioModel.php(269): array_sum(null)
 3 APPPATH\Models\AvaliacaoModel.php(111): App\Models\AnuncioModel->updateAvaliacao('1')
 4 APPPATH\Controllers\Avaliacoes.php(37): App\Models\AvaliacaoModel->postDelete('30', '2')
 5 SYSTEMPATH\CodeIgniter.php(898): App\Controllers\Avaliacoes->excluir()
 6 SYSTEMPATH\CodeIgniter.php(457): CodeIgniter\CodeIgniter->runController(Object(App\Controllers\Avaliacoes))
 7 SYSTEMPATH\CodeIgniter.php(340): CodeIgniter\CodeIgniter->handleRequest(null, Object(Config\Cache), false)
 8 FCPATH\index.php(67): CodeIgniter\CodeIgniter->run()
