CRITICAL - 2022-11-05 11:50:25 --> Invalid file: informacoesPeril.php
in SYSTEMPATH/Exceptions/FrameworkException.php on line 33.
 1 SYSTEMPATH/View/View.php(201): CodeIgniter\Exceptions\FrameworkException::forInvalidFile()
 2 SYSTEMPATH/Common.php(1137): CodeIgniter\View\View->render()
 3 APPPATH/Controllers/Home.php(52): view()
 4 SYSTEMPATH/CodeIgniter.php(898): App\Controllers\Home->informacoesPerfil()
 5 SYSTEMPATH/CodeIgniter.php(457): CodeIgniter\CodeIgniter->runController()
 6 SYSTEMPATH/CodeIgniter.php(340): CodeIgniter\CodeIgniter->handleRequest()
 7 FCPATH/index.php(67): CodeIgniter\CodeIgniter->run()
 8 SYSTEMPATH/Commands/Server/rewrite.php(43): require_once('FCPATH/index.php')
CRITICAL - 2022-11-05 11:50:26 --> Invalid file: informacoesPeril.php
in SYSTEMPATH/Exceptions/FrameworkException.php on line 33.
 1 SYSTEMPATH/View/View.php(201): CodeIgniter\Exceptions\FrameworkException::forInvalidFile()
 2 SYSTEMPATH/Common.php(1137): CodeIgniter\View\View->render()
 3 APPPATH/Controllers/Home.php(52): view()
 4 SYSTEMPATH/CodeIgniter.php(898): App\Controllers\Home->informacoesPerfil()
 5 SYSTEMPATH/CodeIgniter.php(457): CodeIgniter\CodeIgniter->runController()
 6 SYSTEMPATH/CodeIgniter.php(340): CodeIgniter\CodeIgniter->handleRequest()
 7 FCPATH/index.php(67): CodeIgniter\CodeIgniter->run()
 8 SYSTEMPATH/Commands/Server/rewrite.php(43): require_once('FCPATH/index.php')
CRITICAL - 2022-11-05 11:50:26 --> Invalid file: informacoesPeril.php
in SYSTEMPATH/Exceptions/FrameworkException.php on line 33.
 1 SYSTEMPATH/View/View.php(201): CodeIgniter\Exceptions\FrameworkException::forInvalidFile()
 2 SYSTEMPATH/Common.php(1137): CodeIgniter\View\View->render()
 3 APPPATH/Controllers/Home.php(52): view()
 4 SYSTEMPATH/CodeIgniter.php(898): App\Controllers\Home->informacoesPerfil()
 5 SYSTEMPATH/CodeIgniter.php(457): CodeIgniter\CodeIgniter->runController()
 6 SYSTEMPATH/CodeIgniter.php(340): CodeIgniter\CodeIgniter->handleRequest()
 7 FCPATH/index.php(67): CodeIgniter\CodeIgniter->run()
 8 SYSTEMPATH/Commands/Server/rewrite.php(43): require_once('FCPATH/index.php')
ERROR - 2022-11-05 12:28:05 --> Error connecting to the database: mysqli_sql_exception: Access denied for user 'root'@'localhost' in /home/beatriz/sites/MediaConnect/system/Database/MySQLi/Connection.php:171
Stack trace:
#0 /home/beatriz/sites/MediaConnect/system/Database/MySQLi/Connection.php(171): mysqli->real_connect()
#1 /home/beatriz/sites/MediaConnect/system/Database/BaseConnection.php(382): CodeIgniter\Database\MySQLi\Connection->connect()
#2 /home/beatriz/sites/MediaConnect/system/Database/BaseConnection.php(588): CodeIgniter\Database\BaseConnection->initialize()
#3 /home/beatriz/sites/MediaConnect/system/Database/BaseConnection.php(1380): CodeIgniter\Database\BaseConnection->query()
#4 /home/beatriz/sites/MediaConnect/system/Database/BaseConnection.php(1411): CodeIgniter\Database\BaseConnection->listTables()
#5 /home/beatriz/sites/MediaConnect/system/Database/MigrationRunner.php(759): CodeIgniter\Database\BaseConnection->tableExists()
#6 /home/beatriz/sites/MediaConnect/system/Database/MigrationRunner.php(167): CodeIgniter\Database\MigrationRunner->ensureTable()
#7 /home/beatriz/sites/MediaConnect/system/Commands/Database/Migrate.php(84): CodeIgniter\Database\MigrationRunner->latest()
#8 /home/beatriz/sites/MediaConnect/system/CLI/Commands.php(63): CodeIgniter\Commands\Database\Migrate->run()
#9 /home/beatriz/sites/MediaConnect/system/CLI/CommandRunner.php(65): CodeIgniter\CLI\Commands->run()
#10 /home/beatriz/sites/MediaConnect/system/CLI/CommandRunner.php(51): CodeIgniter\CLI\CommandRunner->index()
#11 /home/beatriz/sites/MediaConnect/system/CodeIgniter.php(891): CodeIgniter\CLI\CommandRunner->_remap()
#12 /home/beatriz/sites/MediaConnect/system/CodeIgniter.php(457): CodeIgniter\CodeIgniter->runController()
#13 /home/beatriz/sites/MediaConnect/system/CodeIgniter.php(336): CodeIgniter\CodeIgniter->handleRequest()
#14 /home/beatriz/sites/MediaConnect/system/CLI/Console.php(48): CodeIgniter\CodeIgniter->run()
#15 /home/beatriz/sites/MediaConnect/spark(98): CodeIgniter\CLI\Console->run()
#16 {main}

Next CodeIgniter\Database\Exceptions\DatabaseException: Access denied for user '****'@'localhost' in /home/beatriz/sites/MediaConnect/system/Database/MySQLi/Connection.php:215
Stack trace:
#0 /home/beatriz/sites/MediaConnect/system/Database/BaseConnection.php(382): CodeIgniter\Database\MySQLi\Connection->connect()
#1 /home/beatriz/sites/MediaConnect/system/Database/BaseConnection.php(588): CodeIgniter\Database\BaseConnection->initialize()
#2 /home/beatriz/sites/MediaConnect/system/Database/BaseConnection.php(1380): CodeIgniter\Database\BaseConnection->query()
#3 /home/beatriz/sites/MediaConnect/system/Database/BaseConnection.php(1411): CodeIgniter\Database\BaseConnection->listTables()
#4 /home/beatriz/sites/MediaConnect/system/Database/MigrationRunner.php(759): CodeIgniter\Database\BaseConnection->tableExists()
#5 /home/beatriz/sites/MediaConnect/system/Database/MigrationRunner.php(167): CodeIgniter\Database\MigrationRunner->ensureTable()
#6 /home/beatriz/sites/MediaConnect/system/Commands/Database/Migrate.php(84): CodeIgniter\Database\MigrationRunner->latest()
#7 /home/beatriz/sites/MediaConnect/system/CLI/Commands.php(63): CodeIgniter\Commands\Database\Migrate->run()
#8 /home/beatriz/sites/MediaConnect/system/CLI/CommandRunner.php(65): CodeIgniter\CLI\Commands->run()
#9 /home/beatriz/sites/MediaConnect/system/CLI/CommandRunner.php(51): CodeIgniter\CLI\CommandRunner->index()
#10 /home/beatriz/sites/MediaConnect/system/CodeIgniter.php(891): CodeIgniter\CLI\CommandRunner->_remap()
#11 /home/beatriz/sites/MediaConnect/system/CodeIgniter.php(457): CodeIgniter\CodeIgniter->runController()
#12 /home/beatriz/sites/MediaConnect/system/CodeIgniter.php(336): CodeIgniter\CodeIgniter->handleRequest()
#13 /home/beatriz/sites/MediaConnect/system/CLI/Console.php(48): CodeIgniter\CodeIgniter->run()
#14 /home/beatriz/sites/MediaConnect/spark(98): CodeIgniter\CLI\Console->run()
#15 {main}
ERROR - 2022-11-05 12:30:11 --> Error connecting to the database: mysqli_sql_exception: Access denied for user 'root'@'localhost' in /home/beatriz/sites/MediaConnect/system/Database/MySQLi/Connection.php:171
Stack trace:
#0 /home/beatriz/sites/MediaConnect/system/Database/MySQLi/Connection.php(171): mysqli->real_connect()
#1 /home/beatriz/sites/MediaConnect/system/Database/BaseConnection.php(382): CodeIgniter\Database\MySQLi\Connection->connect()
#2 /home/beatriz/sites/MediaConnect/system/Database/BaseConnection.php(588): CodeIgniter\Database\BaseConnection->initialize()
#3 /home/beatriz/sites/MediaConnect/system/Database/BaseConnection.php(1380): CodeIgniter\Database\BaseConnection->query()
#4 /home/beatriz/sites/MediaConnect/system/Database/BaseConnection.php(1411): CodeIgniter\Database\BaseConnection->listTables()
#5 /home/beatriz/sites/MediaConnect/system/Database/MigrationRunner.php(759): CodeIgniter\Database\BaseConnection->tableExists()
#6 /home/beatriz/sites/MediaConnect/system/Database/MigrationRunner.php(167): CodeIgniter\Database\MigrationRunner->ensureTable()
#7 /home/beatriz/sites/MediaConnect/system/Commands/Database/Migrate.php(84): CodeIgniter\Database\MigrationRunner->latest()
#8 /home/beatriz/sites/MediaConnect/system/CLI/Commands.php(63): CodeIgniter\Commands\Database\Migrate->run()
#9 /home/beatriz/sites/MediaConnect/system/CLI/CommandRunner.php(65): CodeIgniter\CLI\Commands->run()
#10 /home/beatriz/sites/MediaConnect/system/CLI/CommandRunner.php(51): CodeIgniter\CLI\CommandRunner->index()
#11 /home/beatriz/sites/MediaConnect/system/CodeIgniter.php(891): CodeIgniter\CLI\CommandRunner->_remap()
#12 /home/beatriz/sites/MediaConnect/system/CodeIgniter.php(457): CodeIgniter\CodeIgniter->runController()
#13 /home/beatriz/sites/MediaConnect/system/CodeIgniter.php(336): CodeIgniter\CodeIgniter->handleRequest()
#14 /home/beatriz/sites/MediaConnect/system/CLI/Console.php(48): CodeIgniter\CodeIgniter->run()
#15 /home/beatriz/sites/MediaConnect/spark(98): CodeIgniter\CLI\Console->run()
#16 {main}

Next CodeIgniter\Database\Exceptions\DatabaseException: Access denied for user '****'@'localhost' in /home/beatriz/sites/MediaConnect/system/Database/MySQLi/Connection.php:215
Stack trace:
#0 /home/beatriz/sites/MediaConnect/system/Database/BaseConnection.php(382): CodeIgniter\Database\MySQLi\Connection->connect()
#1 /home/beatriz/sites/MediaConnect/system/Database/BaseConnection.php(588): CodeIgniter\Database\BaseConnection->initialize()
#2 /home/beatriz/sites/MediaConnect/system/Database/BaseConnection.php(1380): CodeIgniter\Database\BaseConnection->query()
#3 /home/beatriz/sites/MediaConnect/system/Database/BaseConnection.php(1411): CodeIgniter\Database\BaseConnection->listTables()
#4 /home/beatriz/sites/MediaConnect/system/Database/MigrationRunner.php(759): CodeIgniter\Database\BaseConnection->tableExists()
#5 /home/beatriz/sites/MediaConnect/system/Database/MigrationRunner.php(167): CodeIgniter\Database\MigrationRunner->ensureTable()
#6 /home/beatriz/sites/MediaConnect/system/Commands/Database/Migrate.php(84): CodeIgniter\Database\MigrationRunner->latest()
#7 /home/beatriz/sites/MediaConnect/system/CLI/Commands.php(63): CodeIgniter\Commands\Database\Migrate->run()
#8 /home/beatriz/sites/MediaConnect/system/CLI/CommandRunner.php(65): CodeIgniter\CLI\Commands->run()
#9 /home/beatriz/sites/MediaConnect/system/CLI/CommandRunner.php(51): CodeIgniter\CLI\CommandRunner->index()
#10 /home/beatriz/sites/MediaConnect/system/CodeIgniter.php(891): CodeIgniter\CLI\CommandRunner->_remap()
#11 /home/beatriz/sites/MediaConnect/system/CodeIgniter.php(457): CodeIgniter\CodeIgniter->runController()
#12 /home/beatriz/sites/MediaConnect/system/CodeIgniter.php(336): CodeIgniter\CodeIgniter->handleRequest()
#13 /home/beatriz/sites/MediaConnect/system/CLI/Console.php(48): CodeIgniter\CodeIgniter->run()
#14 /home/beatriz/sites/MediaConnect/spark(98): CodeIgniter\CLI\Console->run()
#15 {main}
ERROR - 2022-11-05 12:30:29 --> Error connecting to the database: mysqli_sql_exception: Access denied for user 'bia'@'localhost' (using password: YES) in /home/beatriz/sites/MediaConnect/system/Database/MySQLi/Connection.php:171
Stack trace:
#0 /home/beatriz/sites/MediaConnect/system/Database/MySQLi/Connection.php(171): mysqli->real_connect()
#1 /home/beatriz/sites/MediaConnect/system/Database/BaseConnection.php(382): CodeIgniter\Database\MySQLi\Connection->connect()
#2 /home/beatriz/sites/MediaConnect/system/Database/BaseConnection.php(588): CodeIgniter\Database\BaseConnection->initialize()
#3 /home/beatriz/sites/MediaConnect/system/Database/BaseConnection.php(1380): CodeIgniter\Database\BaseConnection->query()
#4 /home/beatriz/sites/MediaConnect/system/Database/BaseConnection.php(1411): CodeIgniter\Database\BaseConnection->listTables()
#5 /home/beatriz/sites/MediaConnect/system/Database/MigrationRunner.php(759): CodeIgniter\Database\BaseConnection->tableExists()
#6 /home/beatriz/sites/MediaConnect/system/Database/MigrationRunner.php(167): CodeIgniter\Database\MigrationRunner->ensureTable()
#7 /home/beatriz/sites/MediaConnect/system/Commands/Database/Migrate.php(84): CodeIgniter\Database\MigrationRunner->latest()
#8 /home/beatriz/sites/MediaConnect/system/CLI/Commands.php(63): CodeIgniter\Commands\Database\Migrate->run()
#9 /home/beatriz/sites/MediaConnect/system/CLI/CommandRunner.php(65): CodeIgniter\CLI\Commands->run()
#10 /home/beatriz/sites/MediaConnect/system/CLI/CommandRunner.php(51): CodeIgniter\CLI\CommandRunner->index()
#11 /home/beatriz/sites/MediaConnect/system/CodeIgniter.php(891): CodeIgniter\CLI\CommandRunner->_remap()
#12 /home/beatriz/sites/MediaConnect/system/CodeIgniter.php(457): CodeIgniter\CodeIgniter->runController()
#13 /home/beatriz/sites/MediaConnect/system/CodeIgniter.php(336): CodeIgniter\CodeIgniter->handleRequest()
#14 /home/beatriz/sites/MediaConnect/system/CLI/Console.php(48): CodeIgniter\CodeIgniter->run()
#15 /home/beatriz/sites/MediaConnect/spark(98): CodeIgniter\CLI\Console->run()
#16 {main}

Next CodeIgniter\Database\Exceptions\DatabaseException: Access denied for user '****'@'localhost' (using password: YES) in /home/beatriz/sites/MediaConnect/system/Database/MySQLi/Connection.php:215
Stack trace:
#0 /home/beatriz/sites/MediaConnect/system/Database/BaseConnection.php(382): CodeIgniter\Database\MySQLi\Connection->connect()
#1 /home/beatriz/sites/MediaConnect/system/Database/BaseConnection.php(588): CodeIgniter\Database\BaseConnection->initialize()
#2 /home/beatriz/sites/MediaConnect/system/Database/BaseConnection.php(1380): CodeIgniter\Database\BaseConnection->query()
#3 /home/beatriz/sites/MediaConnect/system/Database/BaseConnection.php(1411): CodeIgniter\Database\BaseConnection->listTables()
#4 /home/beatriz/sites/MediaConnect/system/Database/MigrationRunner.php(759): CodeIgniter\Database\BaseConnection->tableExists()
#5 /home/beatriz/sites/MediaConnect/system/Database/MigrationRunner.php(167): CodeIgniter\Database\MigrationRunner->ensureTable()
#6 /home/beatriz/sites/MediaConnect/system/Commands/Database/Migrate.php(84): CodeIgniter\Database\MigrationRunner->latest()
#7 /home/beatriz/sites/MediaConnect/system/CLI/Commands.php(63): CodeIgniter\Commands\Database\Migrate->run()
#8 /home/beatriz/sites/MediaConnect/system/CLI/CommandRunner.php(65): CodeIgniter\CLI\Commands->run()
#9 /home/beatriz/sites/MediaConnect/system/CLI/CommandRunner.php(51): CodeIgniter\CLI\CommandRunner->index()
#10 /home/beatriz/sites/MediaConnect/system/CodeIgniter.php(891): CodeIgniter\CLI\CommandRunner->_remap()
#11 /home/beatriz/sites/MediaConnect/system/CodeIgniter.php(457): CodeIgniter\CodeIgniter->runController()
#12 /home/beatriz/sites/MediaConnect/system/CodeIgniter.php(336): CodeIgniter\CodeIgniter->handleRequest()
#13 /home/beatriz/sites/MediaConnect/system/CLI/Console.php(48): CodeIgniter\CodeIgniter->run()
#14 /home/beatriz/sites/MediaConnect/spark(98): CodeIgniter\CLI\Console->run()
#15 {main}
ERROR - 2022-11-05 12:33:23 --> Error connecting to the database: mysqli_sql_exception: Access denied for user 'root'@'localhost' in /home/beatriz/sites/MediaConnect/system/Database/MySQLi/Connection.php:171
Stack trace:
#0 /home/beatriz/sites/MediaConnect/system/Database/MySQLi/Connection.php(171): mysqli->real_connect()
#1 /home/beatriz/sites/MediaConnect/system/Database/BaseConnection.php(382): CodeIgniter\Database\MySQLi\Connection->connect()
#2 /home/beatriz/sites/MediaConnect/system/Database/BaseConnection.php(588): CodeIgniter\Database\BaseConnection->initialize()
#3 /home/beatriz/sites/MediaConnect/system/Database/BaseConnection.php(1380): CodeIgniter\Database\BaseConnection->query()
#4 /home/beatriz/sites/MediaConnect/system/Database/BaseConnection.php(1411): CodeIgniter\Database\BaseConnection->listTables()
#5 /home/beatriz/sites/MediaConnect/system/Database/MigrationRunner.php(759): CodeIgniter\Database\BaseConnection->tableExists()
#6 /home/beatriz/sites/MediaConnect/system/Database/MigrationRunner.php(167): CodeIgniter\Database\MigrationRunner->ensureTable()
#7 /home/beatriz/sites/MediaConnect/system/Commands/Database/Migrate.php(84): CodeIgniter\Database\MigrationRunner->latest()
#8 /home/beatriz/sites/MediaConnect/system/CLI/Commands.php(63): CodeIgniter\Commands\Database\Migrate->run()
#9 /home/beatriz/sites/MediaConnect/system/CLI/CommandRunner.php(65): CodeIgniter\CLI\Commands->run()
#10 /home/beatriz/sites/MediaConnect/system/CLI/CommandRunner.php(51): CodeIgniter\CLI\CommandRunner->index()
#11 /home/beatriz/sites/MediaConnect/system/CodeIgniter.php(891): CodeIgniter\CLI\CommandRunner->_remap()
#12 /home/beatriz/sites/MediaConnect/system/CodeIgniter.php(457): CodeIgniter\CodeIgniter->runController()
#13 /home/beatriz/sites/MediaConnect/system/CodeIgniter.php(336): CodeIgniter\CodeIgniter->handleRequest()
#14 /home/beatriz/sites/MediaConnect/system/CLI/Console.php(48): CodeIgniter\CodeIgniter->run()
#15 /home/beatriz/sites/MediaConnect/spark(98): CodeIgniter\CLI\Console->run()
#16 {main}

Next CodeIgniter\Database\Exceptions\DatabaseException: Access denied for user '****'@'localhost' in /home/beatriz/sites/MediaConnect/system/Database/MySQLi/Connection.php:215
Stack trace:
#0 /home/beatriz/sites/MediaConnect/system/Database/BaseConnection.php(382): CodeIgniter\Database\MySQLi\Connection->connect()
#1 /home/beatriz/sites/MediaConnect/system/Database/BaseConnection.php(588): CodeIgniter\Database\BaseConnection->initialize()
#2 /home/beatriz/sites/MediaConnect/system/Database/BaseConnection.php(1380): CodeIgniter\Database\BaseConnection->query()
#3 /home/beatriz/sites/MediaConnect/system/Database/BaseConnection.php(1411): CodeIgniter\Database\BaseConnection->listTables()
#4 /home/beatriz/sites/MediaConnect/system/Database/MigrationRunner.php(759): CodeIgniter\Database\BaseConnection->tableExists()
#5 /home/beatriz/sites/MediaConnect/system/Database/MigrationRunner.php(167): CodeIgniter\Database\MigrationRunner->ensureTable()
#6 /home/beatriz/sites/MediaConnect/system/Commands/Database/Migrate.php(84): CodeIgniter\Database\MigrationRunner->latest()
#7 /home/beatriz/sites/MediaConnect/system/CLI/Commands.php(63): CodeIgniter\Commands\Database\Migrate->run()
#8 /home/beatriz/sites/MediaConnect/system/CLI/CommandRunner.php(65): CodeIgniter\CLI\Commands->run()
#9 /home/beatriz/sites/MediaConnect/system/CLI/CommandRunner.php(51): CodeIgniter\CLI\CommandRunner->index()
#10 /home/beatriz/sites/MediaConnect/system/CodeIgniter.php(891): CodeIgniter\CLI\CommandRunner->_remap()
#11 /home/beatriz/sites/MediaConnect/system/CodeIgniter.php(457): CodeIgniter\CodeIgniter->runController()
#12 /home/beatriz/sites/MediaConnect/system/CodeIgniter.php(336): CodeIgniter\CodeIgniter->handleRequest()
#13 /home/beatriz/sites/MediaConnect/system/CLI/Console.php(48): CodeIgniter\CodeIgniter->run()
#14 /home/beatriz/sites/MediaConnect/spark(98): CodeIgniter\CLI\Console->run()
#15 {main}
ERROR - 2022-11-05 12:34:36 --> Error connecting to the database: mysqli_sql_exception: Access denied for user 'bia'@'localhost' (using password: YES) in /home/beatriz/sites/MediaConnect/system/Database/MySQLi/Connection.php:171
Stack trace:
#0 /home/beatriz/sites/MediaConnect/system/Database/MySQLi/Connection.php(171): mysqli->real_connect()
#1 /home/beatriz/sites/MediaConnect/system/Database/BaseConnection.php(382): CodeIgniter\Database\MySQLi\Connection->connect()
#2 /home/beatriz/sites/MediaConnect/system/Database/BaseConnection.php(588): CodeIgniter\Database\BaseConnection->initialize()
#3 /home/beatriz/sites/MediaConnect/system/Database/BaseConnection.php(1380): CodeIgniter\Database\BaseConnection->query()
#4 /home/beatriz/sites/MediaConnect/system/Database/BaseConnection.php(1411): CodeIgniter\Database\BaseConnection->listTables()
#5 /home/beatriz/sites/MediaConnect/system/Database/MigrationRunner.php(759): CodeIgniter\Database\BaseConnection->tableExists()
#6 /home/beatriz/sites/MediaConnect/system/Database/MigrationRunner.php(167): CodeIgniter\Database\MigrationRunner->ensureTable()
#7 /home/beatriz/sites/MediaConnect/system/Commands/Database/Migrate.php(84): CodeIgniter\Database\MigrationRunner->latest()
#8 /home/beatriz/sites/MediaConnect/system/CLI/Commands.php(63): CodeIgniter\Commands\Database\Migrate->run()
#9 /home/beatriz/sites/MediaConnect/system/CLI/CommandRunner.php(65): CodeIgniter\CLI\Commands->run()
#10 /home/beatriz/sites/MediaConnect/system/CLI/CommandRunner.php(51): CodeIgniter\CLI\CommandRunner->index()
#11 /home/beatriz/sites/MediaConnect/system/CodeIgniter.php(891): CodeIgniter\CLI\CommandRunner->_remap()
#12 /home/beatriz/sites/MediaConnect/system/CodeIgniter.php(457): CodeIgniter\CodeIgniter->runController()
#13 /home/beatriz/sites/MediaConnect/system/CodeIgniter.php(336): CodeIgniter\CodeIgniter->handleRequest()
#14 /home/beatriz/sites/MediaConnect/system/CLI/Console.php(48): CodeIgniter\CodeIgniter->run()
#15 /home/beatriz/sites/MediaConnect/spark(98): CodeIgniter\CLI\Console->run()
#16 {main}

Next CodeIgniter\Database\Exceptions\DatabaseException: Access denied for user '****'@'localhost' (using password: YES) in /home/beatriz/sites/MediaConnect/system/Database/MySQLi/Connection.php:215
Stack trace:
#0 /home/beatriz/sites/MediaConnect/system/Database/BaseConnection.php(382): CodeIgniter\Database\MySQLi\Connection->connect()
#1 /home/beatriz/sites/MediaConnect/system/Database/BaseConnection.php(588): CodeIgniter\Database\BaseConnection->initialize()
#2 /home/beatriz/sites/MediaConnect/system/Database/BaseConnection.php(1380): CodeIgniter\Database\BaseConnection->query()
#3 /home/beatriz/sites/MediaConnect/system/Database/BaseConnection.php(1411): CodeIgniter\Database\BaseConnection->listTables()
#4 /home/beatriz/sites/MediaConnect/system/Database/MigrationRunner.php(759): CodeIgniter\Database\BaseConnection->tableExists()
#5 /home/beatriz/sites/MediaConnect/system/Database/MigrationRunner.php(167): CodeIgniter\Database\MigrationRunner->ensureTable()
#6 /home/beatriz/sites/MediaConnect/system/Commands/Database/Migrate.php(84): CodeIgniter\Database\MigrationRunner->latest()
#7 /home/beatriz/sites/MediaConnect/system/CLI/Commands.php(63): CodeIgniter\Commands\Database\Migrate->run()
#8 /home/beatriz/sites/MediaConnect/system/CLI/CommandRunner.php(65): CodeIgniter\CLI\Commands->run()
#9 /home/beatriz/sites/MediaConnect/system/CLI/CommandRunner.php(51): CodeIgniter\CLI\CommandRunner->index()
#10 /home/beatriz/sites/MediaConnect/system/CodeIgniter.php(891): CodeIgniter\CLI\CommandRunner->_remap()
#11 /home/beatriz/sites/MediaConnect/system/CodeIgniter.php(457): CodeIgniter\CodeIgniter->runController()
#12 /home/beatriz/sites/MediaConnect/system/CodeIgniter.php(336): CodeIgniter\CodeIgniter->handleRequest()
#13 /home/beatriz/sites/MediaConnect/system/CLI/Console.php(48): CodeIgniter\CodeIgniter->run()
#14 /home/beatriz/sites/MediaConnect/spark(98): CodeIgniter\CLI\Console->run()
#15 {main}
ERROR - 2022-11-05 12:35:10 --> Error connecting to the database: mysqli_sql_exception: Access denied for user 'bia'@'localhost' (using password: YES) in /home/beatriz/sites/MediaConnect/system/Database/MySQLi/Connection.php:171
Stack trace:
#0 /home/beatriz/sites/MediaConnect/system/Database/MySQLi/Connection.php(171): mysqli->real_connect()
#1 /home/beatriz/sites/MediaConnect/system/Database/BaseConnection.php(382): CodeIgniter\Database\MySQLi\Connection->connect()
#2 /home/beatriz/sites/MediaConnect/system/Database/BaseConnection.php(588): CodeIgniter\Database\BaseConnection->initialize()
#3 /home/beatriz/sites/MediaConnect/system/Database/BaseConnection.php(1380): CodeIgniter\Database\BaseConnection->query()
#4 /home/beatriz/sites/MediaConnect/system/Database/BaseConnection.php(1411): CodeIgniter\Database\BaseConnection->listTables()
#5 /home/beatriz/sites/MediaConnect/system/Database/MigrationRunner.php(759): CodeIgniter\Database\BaseConnection->tableExists()
#6 /home/beatriz/sites/MediaConnect/system/Database/MigrationRunner.php(167): CodeIgniter\Database\MigrationRunner->ensureTable()
#7 /home/beatriz/sites/MediaConnect/system/Commands/Database/Migrate.php(84): CodeIgniter\Database\MigrationRunner->latest()
#8 /home/beatriz/sites/MediaConnect/system/CLI/Commands.php(63): CodeIgniter\Commands\Database\Migrate->run()
#9 /home/beatriz/sites/MediaConnect/system/CLI/CommandRunner.php(65): CodeIgniter\CLI\Commands->run()
#10 /home/beatriz/sites/MediaConnect/system/CLI/CommandRunner.php(51): CodeIgniter\CLI\CommandRunner->index()
#11 /home/beatriz/sites/MediaConnect/system/CodeIgniter.php(891): CodeIgniter\CLI\CommandRunner->_remap()
#12 /home/beatriz/sites/MediaConnect/system/CodeIgniter.php(457): CodeIgniter\CodeIgniter->runController()
#13 /home/beatriz/sites/MediaConnect/system/CodeIgniter.php(336): CodeIgniter\CodeIgniter->handleRequest()
#14 /home/beatriz/sites/MediaConnect/system/CLI/Console.php(48): CodeIgniter\CodeIgniter->run()
#15 /home/beatriz/sites/MediaConnect/spark(98): CodeIgniter\CLI\Console->run()
#16 {main}

Next CodeIgniter\Database\Exceptions\DatabaseException: Access denied for user '****'@'localhost' (using password: YES) in /home/beatriz/sites/MediaConnect/system/Database/MySQLi/Connection.php:215
Stack trace:
#0 /home/beatriz/sites/MediaConnect/system/Database/BaseConnection.php(382): CodeIgniter\Database\MySQLi\Connection->connect()
#1 /home/beatriz/sites/MediaConnect/system/Database/BaseConnection.php(588): CodeIgniter\Database\BaseConnection->initialize()
#2 /home/beatriz/sites/MediaConnect/system/Database/BaseConnection.php(1380): CodeIgniter\Database\BaseConnection->query()
#3 /home/beatriz/sites/MediaConnect/system/Database/BaseConnection.php(1411): CodeIgniter\Database\BaseConnection->listTables()
#4 /home/beatriz/sites/MediaConnect/system/Database/MigrationRunner.php(759): CodeIgniter\Database\BaseConnection->tableExists()
#5 /home/beatriz/sites/MediaConnect/system/Database/MigrationRunner.php(167): CodeIgniter\Database\MigrationRunner->ensureTable()
#6 /home/beatriz/sites/MediaConnect/system/Commands/Database/Migrate.php(84): CodeIgniter\Database\MigrationRunner->latest()
#7 /home/beatriz/sites/MediaConnect/system/CLI/Commands.php(63): CodeIgniter\Commands\Database\Migrate->run()
#8 /home/beatriz/sites/MediaConnect/system/CLI/CommandRunner.php(65): CodeIgniter\CLI\Commands->run()
#9 /home/beatriz/sites/MediaConnect/system/CLI/CommandRunner.php(51): CodeIgniter\CLI\CommandRunner->index()
#10 /home/beatriz/sites/MediaConnect/system/CodeIgniter.php(891): CodeIgniter\CLI\CommandRunner->_remap()
#11 /home/beatriz/sites/MediaConnect/system/CodeIgniter.php(457): CodeIgniter\CodeIgniter->runController()
#12 /home/beatriz/sites/MediaConnect/system/CodeIgniter.php(336): CodeIgniter\CodeIgniter->handleRequest()
#13 /home/beatriz/sites/MediaConnect/system/CLI/Console.php(48): CodeIgniter\CodeIgniter->run()
#14 /home/beatriz/sites/MediaConnect/spark(98): CodeIgniter\CLI\Console->run()
#15 {main}
ERROR - 2022-11-05 12:35:28 --> Error connecting to the database: mysqli_sql_exception: Access denied for user 'bia'@'localhost' (using password: YES) in /home/beatriz/sites/MediaConnect/system/Database/MySQLi/Connection.php:171
Stack trace:
#0 /home/beatriz/sites/MediaConnect/system/Database/MySQLi/Connection.php(171): mysqli->real_connect()
#1 /home/beatriz/sites/MediaConnect/system/Database/BaseConnection.php(382): CodeIgniter\Database\MySQLi\Connection->connect()
#2 /home/beatriz/sites/MediaConnect/system/Database/BaseConnection.php(588): CodeIgniter\Database\BaseConnection->initialize()
#3 /home/beatriz/sites/MediaConnect/system/Database/BaseConnection.php(1380): CodeIgniter\Database\BaseConnection->query()
#4 /home/beatriz/sites/MediaConnect/system/Database/BaseConnection.php(1411): CodeIgniter\Database\BaseConnection->listTables()
#5 /home/beatriz/sites/MediaConnect/system/Database/MigrationRunner.php(759): CodeIgniter\Database\BaseConnection->tableExists()
#6 /home/beatriz/sites/MediaConnect/system/Database/MigrationRunner.php(167): CodeIgniter\Database\MigrationRunner->ensureTable()
#7 /home/beatriz/sites/MediaConnect/system/Commands/Database/Migrate.php(84): CodeIgniter\Database\MigrationRunner->latest()
#8 /home/beatriz/sites/MediaConnect/system/CLI/Commands.php(63): CodeIgniter\Commands\Database\Migrate->run()
#9 /home/beatriz/sites/MediaConnect/system/CLI/CommandRunner.php(65): CodeIgniter\CLI\Commands->run()
#10 /home/beatriz/sites/MediaConnect/system/CLI/CommandRunner.php(51): CodeIgniter\CLI\CommandRunner->index()
#11 /home/beatriz/sites/MediaConnect/system/CodeIgniter.php(891): CodeIgniter\CLI\CommandRunner->_remap()
#12 /home/beatriz/sites/MediaConnect/system/CodeIgniter.php(457): CodeIgniter\CodeIgniter->runController()
#13 /home/beatriz/sites/MediaConnect/system/CodeIgniter.php(336): CodeIgniter\CodeIgniter->handleRequest()
#14 /home/beatriz/sites/MediaConnect/system/CLI/Console.php(48): CodeIgniter\CodeIgniter->run()
#15 /home/beatriz/sites/MediaConnect/spark(98): CodeIgniter\CLI\Console->run()
#16 {main}

Next CodeIgniter\Database\Exceptions\DatabaseException: Access denied for user '****'@'localhost' (using password: YES) in /home/beatriz/sites/MediaConnect/system/Database/MySQLi/Connection.php:215
Stack trace:
#0 /home/beatriz/sites/MediaConnect/system/Database/BaseConnection.php(382): CodeIgniter\Database\MySQLi\Connection->connect()
#1 /home/beatriz/sites/MediaConnect/system/Database/BaseConnection.php(588): CodeIgniter\Database\BaseConnection->initialize()
#2 /home/beatriz/sites/MediaConnect/system/Database/BaseConnection.php(1380): CodeIgniter\Database\BaseConnection->query()
#3 /home/beatriz/sites/MediaConnect/system/Database/BaseConnection.php(1411): CodeIgniter\Database\BaseConnection->listTables()
#4 /home/beatriz/sites/MediaConnect/system/Database/MigrationRunner.php(759): CodeIgniter\Database\BaseConnection->tableExists()
#5 /home/beatriz/sites/MediaConnect/system/Database/MigrationRunner.php(167): CodeIgniter\Database\MigrationRunner->ensureTable()
#6 /home/beatriz/sites/MediaConnect/system/Commands/Database/Migrate.php(84): CodeIgniter\Database\MigrationRunner->latest()
#7 /home/beatriz/sites/MediaConnect/system/CLI/Commands.php(63): CodeIgniter\Commands\Database\Migrate->run()
#8 /home/beatriz/sites/MediaConnect/system/CLI/CommandRunner.php(65): CodeIgniter\CLI\Commands->run()
#9 /home/beatriz/sites/MediaConnect/system/CLI/CommandRunner.php(51): CodeIgniter\CLI\CommandRunner->index()
#10 /home/beatriz/sites/MediaConnect/system/CodeIgniter.php(891): CodeIgniter\CLI\CommandRunner->_remap()
#11 /home/beatriz/sites/MediaConnect/system/CodeIgniter.php(457): CodeIgniter\CodeIgniter->runController()
#12 /home/beatriz/sites/MediaConnect/system/CodeIgniter.php(336): CodeIgniter\CodeIgniter->handleRequest()
#13 /home/beatriz/sites/MediaConnect/system/CLI/Console.php(48): CodeIgniter\CodeIgniter->run()
#14 /home/beatriz/sites/MediaConnect/spark(98): CodeIgniter\CLI\Console->run()
#15 {main}
ERROR - 2022-11-05 12:36:00 --> Error connecting to the database: mysqli_sql_exception: Access denied for user 'bia'@'localhost' (using password: YES) in /home/beatriz/sites/MediaConnect/system/Database/MySQLi/Connection.php:171
Stack trace:
#0 /home/beatriz/sites/MediaConnect/system/Database/MySQLi/Connection.php(171): mysqli->real_connect()
#1 /home/beatriz/sites/MediaConnect/system/Database/BaseConnection.php(382): CodeIgniter\Database\MySQLi\Connection->connect()
#2 /home/beatriz/sites/MediaConnect/system/Database/BaseConnection.php(588): CodeIgniter\Database\BaseConnection->initialize()
#3 /home/beatriz/sites/MediaConnect/system/Database/BaseConnection.php(1380): CodeIgniter\Database\BaseConnection->query()
#4 /home/beatriz/sites/MediaConnect/system/Database/BaseConnection.php(1411): CodeIgniter\Database\BaseConnection->listTables()
#5 /home/beatriz/sites/MediaConnect/system/Database/MigrationRunner.php(759): CodeIgniter\Database\BaseConnection->tableExists()
#6 /home/beatriz/sites/MediaConnect/system/Database/MigrationRunner.php(167): CodeIgniter\Database\MigrationRunner->ensureTable()
#7 /home/beatriz/sites/MediaConnect/system/Commands/Database/Migrate.php(84): CodeIgniter\Database\MigrationRunner->latest()
#8 /home/beatriz/sites/MediaConnect/system/CLI/Commands.php(63): CodeIgniter\Commands\Database\Migrate->run()
#9 /home/beatriz/sites/MediaConnect/system/CLI/CommandRunner.php(65): CodeIgniter\CLI\Commands->run()
#10 /home/beatriz/sites/MediaConnect/system/CLI/CommandRunner.php(51): CodeIgniter\CLI\CommandRunner->index()
#11 /home/beatriz/sites/MediaConnect/system/CodeIgniter.php(891): CodeIgniter\CLI\CommandRunner->_remap()
#12 /home/beatriz/sites/MediaConnect/system/CodeIgniter.php(457): CodeIgniter\CodeIgniter->runController()
#13 /home/beatriz/sites/MediaConnect/system/CodeIgniter.php(336): CodeIgniter\CodeIgniter->handleRequest()
#14 /home/beatriz/sites/MediaConnect/system/CLI/Console.php(48): CodeIgniter\CodeIgniter->run()
#15 /home/beatriz/sites/MediaConnect/spark(98): CodeIgniter\CLI\Console->run()
#16 {main}

Next CodeIgniter\Database\Exceptions\DatabaseException: Access denied for user '****'@'localhost' (using password: ****) in /home/beatriz/sites/MediaConnect/system/Database/MySQLi/Connection.php:215
Stack trace:
#0 /home/beatriz/sites/MediaConnect/system/Database/BaseConnection.php(382): CodeIgniter\Database\MySQLi\Connection->connect()
#1 /home/beatriz/sites/MediaConnect/system/Database/BaseConnection.php(588): CodeIgniter\Database\BaseConnection->initialize()
#2 /home/beatriz/sites/MediaConnect/system/Database/BaseConnection.php(1380): CodeIgniter\Database\BaseConnection->query()
#3 /home/beatriz/sites/MediaConnect/system/Database/BaseConnection.php(1411): CodeIgniter\Database\BaseConnection->listTables()
#4 /home/beatriz/sites/MediaConnect/system/Database/MigrationRunner.php(759): CodeIgniter\Database\BaseConnection->tableExists()
#5 /home/beatriz/sites/MediaConnect/system/Database/MigrationRunner.php(167): CodeIgniter\Database\MigrationRunner->ensureTable()
#6 /home/beatriz/sites/MediaConnect/system/Commands/Database/Migrate.php(84): CodeIgniter\Database\MigrationRunner->latest()
#7 /home/beatriz/sites/MediaConnect/system/CLI/Commands.php(63): CodeIgniter\Commands\Database\Migrate->run()
#8 /home/beatriz/sites/MediaConnect/system/CLI/CommandRunner.php(65): CodeIgniter\CLI\Commands->run()
#9 /home/beatriz/sites/MediaConnect/system/CLI/CommandRunner.php(51): CodeIgniter\CLI\CommandRunner->index()
#10 /home/beatriz/sites/MediaConnect/system/CodeIgniter.php(891): CodeIgniter\CLI\CommandRunner->_remap()
#11 /home/beatriz/sites/MediaConnect/system/CodeIgniter.php(457): CodeIgniter\CodeIgniter->runController()
#12 /home/beatriz/sites/MediaConnect/system/CodeIgniter.php(336): CodeIgniter\CodeIgniter->handleRequest()
#13 /home/beatriz/sites/MediaConnect/system/CLI/Console.php(48): CodeIgniter\CodeIgniter->run()
#14 /home/beatriz/sites/MediaConnect/spark(98): CodeIgniter\CLI\Console->run()
#15 {main}
