CRITICAL - 2022-11-12 15:02:44 --> Allowed fields must be specified for model: App\Models\InformacoesModel
in SYSTEMPATH/BaseModel.php on line 1139.
 1 SYSTEMPATH/BaseModel.php(1139): CodeIgniter\Database\Exceptions\DataException::forInvalidAllowedFields()
 2 SYSTEMPATH/BaseModel.php(713): CodeIgniter\BaseModel->doProtectFields()
 3 SYSTEMPATH/Model.php(666): CodeIgniter\BaseModel->insert()
 4 APPPATH/Controllers/InformacoesPerfil.php(23): CodeIgniter\Model->insert()
 5 SYSTEMPATH/CodeIgniter.php(898): App\Controllers\InformacoesPerfil->index()
 6 SYSTEMPATH/CodeIgniter.php(457): CodeIgniter\CodeIgniter->runController()
 7 SYSTEMPATH/CodeIgniter.php(340): CodeIgniter\CodeIgniter->handleRequest()
 8 FCPATH/index.php(67): CodeIgniter\CodeIgniter->run()
 9 SYSTEMPATH/Commands/Server/rewrite.php(43): require_once('FCPATH/index.php')
CRITICAL - 2022-11-12 15:27:10 --> Undefined array key "foto_perfil"
in APPPATH/Controllers/InformacoesPerfil.php on line 10.
 1 APPPATH/Controllers/InformacoesPerfil.php(10): CodeIgniter\Debug\Exceptions->errorHandler()
 2 SYSTEMPATH/CodeIgniter.php(898): App\Controllers\InformacoesPerfil->index()
 3 SYSTEMPATH/CodeIgniter.php(457): CodeIgniter\CodeIgniter->runController()
 4 SYSTEMPATH/CodeIgniter.php(340): CodeIgniter\CodeIgniter->handleRequest()
 5 FCPATH/index.php(67): CodeIgniter\CodeIgniter->run()
 6 SYSTEMPATH/Commands/Server/rewrite.php(43): require_once('FCPATH/index.php')
CRITICAL - 2022-11-12 15:40:29 --> Undefined array key "foto_perfil"
in APPPATH/Controllers/InformacoesPerfil.php on line 11.
 1 APPPATH/Controllers/InformacoesPerfil.php(11): CodeIgniter\Debug\Exceptions->errorHandler()
 2 SYSTEMPATH/CodeIgniter.php(898): App\Controllers\InformacoesPerfil->index()
 3 SYSTEMPATH/CodeIgniter.php(457): CodeIgniter\CodeIgniter->runController()
 4 SYSTEMPATH/CodeIgniter.php(340): CodeIgniter\CodeIgniter->handleRequest()
 5 FCPATH/index.php(67): CodeIgniter\CodeIgniter->run()
 6 SYSTEMPATH/Commands/Server/rewrite.php(43): require_once('FCPATH/index.php')
